[2022-05-11 17:50:39,341] [log.py|__console] [line:37] INFO    : whatsapp API
[2022-05-11 17:50:39,342] [log.py|write] [line:232] WARNING : [2022-05-11 17:50:39,341] [log.py|__console] [line:37] INFO    : whatsapp API
[2022-05-11 17:50:39,343] [log.py|__console] [line:37] INFO    : test
[2022-05-11 17:50:39,343] [log.py|write] [line:232] WARNING : [2022-05-11 17:50:39,343] [log.py|__console] [line:37] INFO    : test
[2022-05-11 17:50:39,344] [log.py|__console] [line:37] INFO    : 测试一下
[2022-05-11 17:50:39,344] [log.py|write] [line:232] WARNING : [2022-05-11 17:50:39,344] [log.py|__console] [line:37] INFO    : 测试一下
[2022-05-11 17:50:39,353] [log.py|__console] [line:37] INFO    : ==============================================start==============================================
[2022-05-11 17:50:39,354] [log.py|write] [line:232] WARNING : [2022-05-11 17:50:39,353] [log.py|__console] [line:37] INFO    : ==============================================start==============================================
[2022-05-11 17:50:39,355] [log.py|__console] [line:37] INFO    : 标题:测试一下
[2022-05-11 17:50:39,355] [log.py|write] [line:232] WARNING : [2022-05-11 17:50:39,355] [log.py|__console] [line:37] INFO    : 标题:测试一下
[2022-05-11 17:50:39,356] [log.py|__console] [line:37] INFO    : url:http://172.30.22.186:8003/eep_emg/whatsapp/message
[2022-05-11 17:50:39,357] [log.py|write] [line:232] WARNING : [2022-05-11 17:50:39,356] [log.py|__console] [line:37] INFO    : url:http://172.30.22.186:8003/eep_emg/whatsapp/message
[2022-05-11 17:50:39,357] [log.py|__console] [line:37] INFO    : 请求方法:POST
[2022-05-11 17:50:39,358] [log.py|write] [line:232] WARNING : [2022-05-11 17:50:39,357] [log.py|__console] [line:37] INFO    : 请求方法:POST
[2022-05-11 17:50:39,358] [log.py|__console] [line:37] INFO    : 请求头:{"Content-Type": "application/json;charset=UTF-8", "Authorization": "BasicY2l0aWMtd2EtdHJpYWw6Y2l0aWNAODkzNQ=="}
[2022-05-11 17:50:39,358] [log.py|write] [line:232] WARNING : [2022-05-11 17:50:39,358] [log.py|__console] [line:37] INFO    : 请求头:{"Content-Type": "application/json;charset=UTF-8", "Authorization": "BasicY2l0aWMtd2EtdHJpYWw6Y2l0aWNAODkzNQ=="}
[2022-05-11 17:50:39,359] [log.py|__console] [line:37] INFO    : 请求体:{"channel":"whatsapp","to":"85259842833","whatsapp":{"type":"text","text":{"body":"测试"},"preview_url":false}}
[2022-05-11 17:50:39,359] [log.py|write] [line:232] WARNING : [2022-05-11 17:50:39,359] [log.py|__console] [line:37] INFO    : 请求体:{"channel":"whatsapp","to":"85259842833","whatsapp":{"type":"text","text":{"body":"测试"},"preview_url":false}}
[2022-05-11 17:50:41,368] [log.py|__console] [line:43] ERROR   : HTTPConnectionPool(host='172.30.22.186', port=8003): Max retries exceeded with url: /eep_emg/whatsapp/message (Caused by NewConnectionError('<urllib3.connection.HTTPConnection object at 0x00000281212B8488>: Failed to establish a new connection: [WinError 10061] 由于目标计算机积极拒绝，无法连接。'))
[2022-05-11 17:50:41,368] [log.py|write] [line:232] WARNING : [2022-05-11 17:50:41,368] [log.py|__console] [line:43] ERROR   : HTTPConnectionPool(host='172.30.22.186', port=8003): Max retries exceeded with url: /eep_emg/whatsapp/message (Caused by NewConnectionError('<urllib3.connection.HTTPConnection object at 0x00000281212B8488>: Failed to establish a new connection: [WinError 10061] 由于目标计算机积极拒绝，无法连接。'))
[2022-05-11 17:50:41,371] [log.py|__console] [line:43] ERROR   : HTTPConnectionPool(host='172.30.22.186', port=8003): Max retries exceeded with url: /eep_emg/whatsapp/message (Caused by NewConnectionError('<urllib3.connection.HTTPConnection object at 0x00000281212B8488>: Failed to establish a new connection: [WinError 10061] 由于目标计算机积极拒绝，无法连接。'))
[2022-05-11 17:50:41,372] [log.py|write] [line:232] WARNING : [2022-05-11 17:50:41,371] [log.py|__console] [line:43] ERROR   : HTTPConnectionPool(host='172.30.22.186', port=8003): Max retries exceeded with url: /eep_emg/whatsapp/message (Caused by NewConnectionError('<urllib3.connection.HTTPConnection object at 0x00000281212B8488>: Failed to establish a new connection: [WinError 10061] 由于目标计算机积极拒绝，无法连接。'))
[2022-05-11 17:50:41,374] [log.py|__console] [line:43] ERROR   : 获取响应失败，请检查
[2022-05-11 17:50:41,374] [log.py|write] [line:232] WARNING : [2022-05-11 17:50:41,374] [log.py|__console] [line:43] ERROR   : 获取响应失败，请检查
[2022-05-11 17:50:41,375] [log.py|__console] [line:43] ERROR   : 最终测试结果:失败
[2022-05-11 17:50:41,375] [log.py|write] [line:232] WARNING : [2022-05-11 17:50:41,375] [log.py|__console] [line:43] ERROR   : 最终测试结果:失败
[2022-05-11 17:50:41,375] [log.py|__console] [line:37] INFO    : ==============================================end==============================================
[2022-05-11 17:50:41,376] [log.py|write] [line:232] WARNING : [2022-05-11 17:50:41,375] [log.py|__console] [line:37] INFO    : ==============================================end==============================================
[2022-05-11 17:50:41,519] [log.py|__console] [line:37] INFO    : whatsapp API
[2022-05-11 17:50:41,519] [log.py|write] [line:232] WARNING : [2022-05-11 17:50:41,519] [log.py|__console] [line:37] INFO    : whatsapp API
[2022-05-11 17:50:41,520] [log.py|__console] [line:37] INFO    : test
[2022-05-11 17:50:41,520] [log.py|write] [line:232] WARNING : [2022-05-11 17:50:41,520] [log.py|__console] [line:37] INFO    : test
[2022-05-11 17:50:41,520] [log.py|__console] [line:37] INFO    : tt
[2022-05-11 17:50:41,520] [log.py|write] [line:232] WARNING : [2022-05-11 17:50:41,520] [log.py|__console] [line:37] INFO    : tt
[2022-05-11 17:50:41,525] [log.py|__console] [line:43] ERROR   : can only concatenate str (not "NoneType") to str
[2022-05-11 17:50:41,525] [log.py|write] [line:232] WARNING : [2022-05-11 17:50:41,525] [log.py|__console] [line:43] ERROR   : can only concatenate str (not "NoneType") to str
[2022-05-11 17:50:41,579] [log.py|__console] [line:37] INFO    : whatsapp API
[2022-05-11 17:50:41,580] [log.py|write] [line:232] WARNING : [2022-05-11 17:50:41,579] [log.py|__console] [line:37] INFO    : whatsapp API
[2022-05-11 17:50:41,580] [log.py|__console] [line:37] INFO    : test
[2022-05-11 17:50:41,580] [log.py|write] [line:232] WARNING : [2022-05-11 17:50:41,580] [log.py|__console] [line:37] INFO    : test
[2022-05-11 17:50:41,581] [log.py|__console] [line:37] INFO    : tt2
[2022-05-11 17:50:41,581] [log.py|write] [line:232] WARNING : [2022-05-11 17:50:41,581] [log.py|__console] [line:37] INFO    : tt2
[2022-05-11 17:50:41,585] [log.py|__console] [line:43] ERROR   : can only concatenate str (not "NoneType") to str
[2022-05-11 17:50:41,585] [log.py|write] [line:232] WARNING : [2022-05-11 17:50:41,585] [log.py|__console] [line:43] ERROR   : can only concatenate str (not "NoneType") to str
[2022-05-11 17:50:41,660] [log.py|__console] [line:37] INFO    : whatsapp API
[2022-05-11 17:50:41,663] [log.py|write] [line:232] WARNING : [2022-05-11 17:50:41,660] [log.py|__console] [line:37] INFO    : whatsapp API
[2022-05-11 17:50:41,663] [log.py|__console] [line:37] INFO    : test
[2022-05-11 17:50:41,663] [log.py|write] [line:232] WARNING : [2022-05-11 17:50:41,663] [log.py|__console] [line:37] INFO    : test
[2022-05-11 17:50:41,664] [log.py|__console] [line:37] INFO    : fgd
[2022-05-11 17:50:41,664] [log.py|write] [line:232] WARNING : [2022-05-11 17:50:41,664] [log.py|__console] [line:37] INFO    : fgd
[2022-05-11 17:50:41,668] [log.py|__console] [line:43] ERROR   : can only concatenate str (not "NoneType") to str
[2022-05-11 17:50:41,668] [log.py|write] [line:232] WARNING : [2022-05-11 17:50:41,668] [log.py|__console] [line:43] ERROR   : can only concatenate str (not "NoneType") to str
