[2022-07-05 09:45:46,997] [log.py|__console] [line:37] INFO    : ==============================================start==============================================
[2022-07-05 09:45:46,998] [log.py|__console] [line:37] INFO    : 标题:正常查询
[2022-07-05 09:45:46,999] [log.py|__console] [line:37] INFO    : url:http://172.30.22.179:2230/spg/batch/operate/log/page
[2022-07-05 09:45:46,999] [log.py|__console] [line:37] INFO    : 请求方法:GET
[2022-07-05 09:45:47,000] [log.py|__console] [line:37] INFO    : 请求头:{"Content-Type": "application/json;charset=UTF-8", "Authorization": "Bearer eyJhbGciOiJIUzUxMiJ9.eyJzdWIiOiJzcGc6dmluY2VudDoxNjU2NDAxNzIxNjQ3In0.aMLLxwMNwZwe_UhoiepQhwtUvz1aHMFQYoKELmmqTjgsrQDUPfphee7dnaiyvYxag6ZpMUC0lx9dgrYNR2iusA"}
[2022-07-05 09:45:47,001] [log.py|__console] [line:37] INFO    : 请求头:
[2022-07-05 09:45:47,002] [log.py|__console] [line:37] INFO    : 请求体:{"pageNum":1,"pageSize":10,"userId":"","action":"","result":"","startTime":"","endTime":"","operateItem":"","keyword":"","moduleCode":"batch"}
[2022-07-05 09:45:47,002] [log.py|__console] [line:37] INFO    : 请求体:
[2022-07-05 09:45:48,174] [log.py|__console] [line:37] INFO    : 响应码:200
[2022-07-05 09:45:48,175] [log.py|__console] [line:37] INFO    : 响应头:{'Server': 'nginx', 'Date': 'Tue, 05 Jul 2022 01:45:49 GMT', 'Content-Type': 'application/json;charset=UTF-8', 'Transfer-Encoding': 'chunked', 'Connection': 'keep-alive', 'X-Content-Type-Options': 'nosniff, nosniff', 'X-XSS-Protection': '1; mode=block, 1; mode=block', 'Cache-Control': 'no-cache, no-store, max-age=0, must-revalidate, no-cache, no-store', 'Pragma': 'no-cache', 'Expires': '0', 'Content-Security-Policy': "default-src 'self' object-src 'none' 'unsafe-inline' 'unsafe-eval' blob: data: ;", 'Strict-Transport-Security': 'max-age=31536000; includeSubDomains', 'X-Frame-Options': 'DENY', 'Content-Encoding': 'gzip'}
[2022-07-05 09:45:48,176] [log.py|__console] [line:37] INFO    : 响应头
[2022-07-05 09:45:48,177] [log.py|__console] [line:37] INFO    : 响应内容:{'data': {'total': 1, 'list': [{'operateLogId': 1, 'userId': 'abner', 'operateItem': '立即执行批處理', 'action': 'UPDATE', 'result': True, 'createDate': 1656466732000}], 'pageNum': 1, 'pageSize': 10, 'size': 1, 'startRow': 1, 'endRow': 10, 'pages': 1, 'prePage': 0, 'nextPage': 0, 'hasPreviousPage': False, 'hasNextPage': False, 'navigatePages': 8, 'navigatepageNums': [1], 'navigateFirstPage': 1, 'navigateLastPage': 1, 'firstPage': True, 'lastPage': True}, 'code': '10000000', 'message': None}
[2022-07-05 09:45:48,177] [log.py|__console] [line:37] INFO    : 响应内容
[2022-07-05 09:45:48,178] [log.py|__console] [line:37] INFO    : 最终测试结果:通过
[2022-07-05 09:45:48,179] [log.py|__console] [line:37] INFO    : ==============================================end==============================================
[2022-07-05 09:46:27,356] [log.py|__console] [line:37] INFO    : ==============================================start==============================================
[2022-07-05 09:46:27,357] [log.py|__console] [line:37] INFO    : 标题:正常查询
[2022-07-05 09:46:27,358] [log.py|__console] [line:37] INFO    : url:http://172.30.22.179:2230/spg/batch/operate/log/page
[2022-07-05 09:46:27,358] [log.py|__console] [line:37] INFO    : 请求方法:GET
[2022-07-05 09:46:27,359] [log.py|__console] [line:37] INFO    : 请求头:{"Content-Type": "application/json;charset=UTF-8", "Authorization": "Bearer eyJhbGciOiJIUzUxMiJ9.eyJzdWIiOiJzcGc6dmluY2VudDoxNjU2NDAxNzIxNjQ3In0.aMLLxwMNwZwe_UhoiepQhwtUvz1aHMFQYoKELmmqTjgsrQDUPfphee7dnaiyvYxag6ZpMUC0lx9dgrYNR2iusA"}
[2022-07-05 09:46:27,359] [log.py|__console] [line:37] INFO    : 请求头:
[2022-07-05 09:46:27,360] [log.py|__console] [line:37] INFO    : 请求体:{"pageNum":1,"pageSize":10,"userId":"","action":"","result":"","startTime":"","endTime":"","operateItem":"","keyword":"","moduleCode":"batch"}
[2022-07-05 09:46:27,360] [log.py|__console] [line:37] INFO    : 请求体:
[2022-07-05 09:46:27,457] [log.py|__console] [line:37] INFO    : 响应码:200
[2022-07-05 09:46:27,458] [log.py|__console] [line:37] INFO    : 响应头:{'Server': 'nginx', 'Date': 'Tue, 05 Jul 2022 01:46:28 GMT', 'Content-Type': 'application/json;charset=UTF-8', 'Transfer-Encoding': 'chunked', 'Connection': 'keep-alive', 'X-Content-Type-Options': 'nosniff, nosniff', 'X-XSS-Protection': '1; mode=block, 1; mode=block', 'Cache-Control': 'no-cache, no-store, max-age=0, must-revalidate, no-cache, no-store', 'Pragma': 'no-cache', 'Expires': '0', 'Content-Security-Policy': "default-src 'self' object-src 'none' 'unsafe-inline' 'unsafe-eval' blob: data: ;", 'Strict-Transport-Security': 'max-age=31536000; includeSubDomains', 'X-Frame-Options': 'DENY', 'Content-Encoding': 'gzip'}
[2022-07-05 09:46:27,459] [log.py|__console] [line:37] INFO    : 响应头
[2022-07-05 09:46:27,460] [log.py|__console] [line:37] INFO    : 响应内容:{'data': {'total': 1, 'list': [{'operateLogId': 1, 'userId': 'abner', 'operateItem': '立即执行批處理', 'action': 'UPDATE', 'result': True, 'createDate': 1656466732000}], 'pageNum': 1, 'pageSize': 10, 'size': 1, 'startRow': 1, 'endRow': 10, 'pages': 1, 'prePage': 0, 'nextPage': 0, 'hasPreviousPage': False, 'hasNextPage': False, 'navigatePages': 8, 'navigatepageNums': [1], 'navigateFirstPage': 1, 'navigateLastPage': 1, 'firstPage': True, 'lastPage': True}, 'code': '10000000', 'message': None}
[2022-07-05 09:46:27,460] [log.py|__console] [line:37] INFO    : 响应内容
[2022-07-05 09:46:27,461] [log.py|__console] [line:37] INFO    : 开始后置处理
[2022-07-05 09:46:27,462] [log.py|__console] [line:37] INFO    : 获取data.list[0].operateLogId
[2022-07-05 09:46:27,462] [log.py|__console] [line:37] INFO    : 成功获取值1
[2022-07-05 09:46:27,628] [log.py|__console] [line:37] INFO    : 已更新环境变量operateLogId
[2022-07-05 09:46:27,629] [log.py|__console] [line:37] INFO    : 获取data.list[0].action
[2022-07-05 09:46:27,629] [log.py|__console] [line:37] INFO    : 成功获取值UPDATE
[2022-07-05 09:46:27,813] [log.py|__console] [line:37] INFO    : 已更新环境变量action
[2022-07-05 09:46:27,814] [log.py|__console] [line:37] INFO    : 获取data.list[0].createDate
[2022-07-05 09:46:27,815] [log.py|__console] [line:37] INFO    : 成功获取值1656466732000
[2022-07-05 09:46:27,882] [log.py|__console] [line:37] INFO    : 已更新环境变量createDate
[2022-07-05 09:46:27,882] [log.py|__console] [line:37] INFO    : 获取data.list[0].operateItem
[2022-07-05 09:46:27,883] [log.py|__console] [line:37] INFO    : 成功获取值立即执行批處理
[2022-07-05 09:46:27,953] [log.py|__console] [line:37] INFO    : 已更新环境变量operateItem
[2022-07-05 09:46:27,955] [log.py|__console] [line:37] INFO    : 获取data.list[0].userId
[2022-07-05 09:46:27,957] [log.py|__console] [line:37] INFO    : 成功获取值abner
[2022-07-05 09:46:27,968] [log.py|__console] [line:37] INFO    : 已更新环境变量userId
[2022-07-05 09:46:27,969] [log.py|__console] [line:37] INFO    : 获取data.list[0].result
[2022-07-05 09:46:27,970] [log.py|__console] [line:37] INFO    : 成功获取值True
[2022-07-05 09:46:28,063] [log.py|__console] [line:37] INFO    : 已更新环境变量result
[2022-07-05 09:46:28,064] [log.py|__console] [line:37] INFO    : 断言模式:in
[2022-07-05 09:46:28,064] [log.py|__console] [line:37] INFO    : 断言内容:10000000
[2022-07-05 09:46:28,065] [log.py|__console] [line:37] INFO    : 断言结果:通过
[2022-07-05 09:46:28,066] [log.py|__console] [line:37] INFO    : 最终测试结果:通过
[2022-07-05 09:46:28,066] [log.py|__console] [line:37] INFO    : ==============================================end==============================================
[2022-07-05 09:46:58,644] [log.py|__console] [line:37] INFO    : ==============================================start==============================================
[2022-07-05 09:46:58,645] [log.py|__console] [line:37] INFO    : 标题:根据userId查询
[2022-07-05 09:46:58,645] [log.py|__console] [line:37] INFO    : url:http://172.30.22.179:2230/spg/batch/operate/log/page
[2022-07-05 09:46:58,646] [log.py|__console] [line:37] INFO    : 请求方法:GET
[2022-07-05 09:46:58,646] [log.py|__console] [line:37] INFO    : 请求头:{"Content-Type": "application/json;charset=UTF-8", "Authorization": "Bearer eyJhbGciOiJIUzUxMiJ9.eyJzdWIiOiJzcGc6dmluY2VudDoxNjU2NDAxNzIxNjQ3In0.aMLLxwMNwZwe_UhoiepQhwtUvz1aHMFQYoKELmmqTjgsrQDUPfphee7dnaiyvYxag6ZpMUC0lx9dgrYNR2iusA"}
[2022-07-05 09:46:58,647] [log.py|__console] [line:37] INFO    : 请求头:
[2022-07-05 09:46:58,648] [log.py|__console] [line:37] INFO    : 请求体:{"pageNum":1,"pageSize":10,"userId":"abner","action":"","result":"","startTime":"","endTime":"","operateItem":"","keyword":"","moduleCode":"batch"}
[2022-07-05 09:46:58,648] [log.py|__console] [line:37] INFO    : 请求体:
[2022-07-05 09:46:58,723] [log.py|__console] [line:37] INFO    : 响应码:200
[2022-07-05 09:46:58,724] [log.py|__console] [line:37] INFO    : 响应头:{'Server': 'nginx', 'Date': 'Tue, 05 Jul 2022 01:47:00 GMT', 'Content-Type': 'application/json;charset=UTF-8', 'Transfer-Encoding': 'chunked', 'Connection': 'keep-alive', 'X-Content-Type-Options': 'nosniff, nosniff', 'X-XSS-Protection': '1; mode=block, 1; mode=block', 'Cache-Control': 'no-cache, no-store, max-age=0, must-revalidate, no-cache, no-store', 'Pragma': 'no-cache', 'Expires': '0', 'Content-Security-Policy': "default-src 'self' object-src 'none' 'unsafe-inline' 'unsafe-eval' blob: data: ;", 'Strict-Transport-Security': 'max-age=31536000; includeSubDomains', 'X-Frame-Options': 'DENY', 'Content-Encoding': 'gzip'}
[2022-07-05 09:46:58,724] [log.py|__console] [line:37] INFO    : 响应头
[2022-07-05 09:46:58,725] [log.py|__console] [line:37] INFO    : 响应内容:{'data': {'total': 1, 'list': [{'operateLogId': 1, 'userId': 'abner', 'operateItem': '立即执行批處理', 'action': 'UPDATE', 'result': True, 'createDate': 1656466732000}], 'pageNum': 1, 'pageSize': 10, 'size': 1, 'startRow': 1, 'endRow': 10, 'pages': 1, 'prePage': 0, 'nextPage': 0, 'hasPreviousPage': False, 'hasNextPage': False, 'navigatePages': 8, 'navigatepageNums': [1], 'navigateFirstPage': 1, 'navigateLastPage': 1, 'firstPage': True, 'lastPage': True}, 'code': '10000000', 'message': None}
[2022-07-05 09:46:58,726] [log.py|__console] [line:37] INFO    : 响应内容
[2022-07-05 09:46:58,727] [log.py|__console] [line:37] INFO    : 断言模式:in
[2022-07-05 09:46:58,727] [log.py|__console] [line:37] INFO    : 断言内容:10000000
[2022-07-05 09:46:58,728] [log.py|__console] [line:37] INFO    : 断言结果:通过
[2022-07-05 09:46:58,729] [log.py|__console] [line:37] INFO    : 断言模式:in
[2022-07-05 09:46:58,729] [log.py|__console] [line:37] INFO    : 断言内容:abner
[2022-07-05 09:46:58,730] [log.py|__console] [line:37] INFO    : 断言结果:通过
[2022-07-05 09:46:58,730] [log.py|__console] [line:37] INFO    : 最终测试结果:通过
[2022-07-05 09:46:58,731] [log.py|__console] [line:37] INFO    : ==============================================end==============================================
[2022-07-05 09:47:26,579] [log.py|__console] [line:37] INFO    : ==============================================start==============================================
[2022-07-05 09:47:26,581] [log.py|__console] [line:37] INFO    : 标题:根据action查询
[2022-07-05 09:47:26,582] [log.py|__console] [line:37] INFO    : url:http://172.30.22.179:2230/spg/batch/operate/log/page
[2022-07-05 09:47:26,584] [log.py|__console] [line:37] INFO    : 请求方法:GET
[2022-07-05 09:47:26,585] [log.py|__console] [line:37] INFO    : 请求头:{"Content-Type": "application/json;charset=UTF-8", "Authorization": "Bearer eyJhbGciOiJIUzUxMiJ9.eyJzdWIiOiJzcGc6dmluY2VudDoxNjU2NDAxNzIxNjQ3In0.aMLLxwMNwZwe_UhoiepQhwtUvz1aHMFQYoKELmmqTjgsrQDUPfphee7dnaiyvYxag6ZpMUC0lx9dgrYNR2iusA"}
[2022-07-05 09:47:26,587] [log.py|__console] [line:37] INFO    : 请求头:
[2022-07-05 09:47:26,589] [log.py|__console] [line:37] INFO    : 请求体:{"pageNum":1,"pageSize":10,"userId":"","action":"UPDATE","result":"","startTime":"","endTime":"","operateItem":"","keyword":"","moduleCode":"batch"}
[2022-07-05 09:47:26,591] [log.py|__console] [line:37] INFO    : 请求体:
[2022-07-05 09:47:26,701] [log.py|__console] [line:37] INFO    : 响应码:200
[2022-07-05 09:47:26,704] [log.py|__console] [line:37] INFO    : 响应头:{'Server': 'nginx', 'Date': 'Tue, 05 Jul 2022 01:47:27 GMT', 'Content-Type': 'application/json;charset=UTF-8', 'Transfer-Encoding': 'chunked', 'Connection': 'keep-alive', 'X-Content-Type-Options': 'nosniff, nosniff', 'X-XSS-Protection': '1; mode=block, 1; mode=block', 'Cache-Control': 'no-cache, no-store, max-age=0, must-revalidate, no-cache, no-store', 'Pragma': 'no-cache', 'Expires': '0', 'Content-Security-Policy': "default-src 'self' object-src 'none' 'unsafe-inline' 'unsafe-eval' blob: data: ;", 'Strict-Transport-Security': 'max-age=31536000; includeSubDomains', 'X-Frame-Options': 'DENY', 'Content-Encoding': 'gzip'}
[2022-07-05 09:47:26,706] [log.py|__console] [line:37] INFO    : 响应头
[2022-07-05 09:47:26,708] [log.py|__console] [line:37] INFO    : 响应内容:{'data': {'total': 1, 'list': [{'operateLogId': 1, 'userId': 'abner', 'operateItem': '立即执行批處理', 'action': 'UPDATE', 'result': True, 'createDate': 1656466732000}], 'pageNum': 1, 'pageSize': 10, 'size': 1, 'startRow': 1, 'endRow': 10, 'pages': 1, 'prePage': 0, 'nextPage': 0, 'hasPreviousPage': False, 'hasNextPage': False, 'navigatePages': 8, 'navigatepageNums': [1], 'navigateFirstPage': 1, 'navigateLastPage': 1, 'firstPage': True, 'lastPage': True}, 'code': '10000000', 'message': None}
[2022-07-05 09:47:26,710] [log.py|__console] [line:37] INFO    : 响应内容
[2022-07-05 09:47:26,711] [log.py|__console] [line:37] INFO    : 断言模式:in
[2022-07-05 09:47:26,713] [log.py|__console] [line:37] INFO    : 断言内容:10000000
[2022-07-05 09:47:26,715] [log.py|__console] [line:37] INFO    : 断言结果:通过
[2022-07-05 09:47:26,716] [log.py|__console] [line:37] INFO    : 断言模式:in
[2022-07-05 09:47:26,718] [log.py|__console] [line:37] INFO    : 断言内容:UPDATE
[2022-07-05 09:47:26,720] [log.py|__console] [line:37] INFO    : 断言结果:通过
[2022-07-05 09:47:26,721] [log.py|__console] [line:37] INFO    : 最终测试结果:通过
[2022-07-05 09:47:26,723] [log.py|__console] [line:37] INFO    : ==============================================end==============================================
[2022-07-05 09:47:57,320] [log.py|__console] [line:37] INFO    : ==============================================start==============================================
[2022-07-05 09:47:57,322] [log.py|__console] [line:37] INFO    : 标题:根据result查询
[2022-07-05 09:47:57,324] [log.py|__console] [line:37] INFO    : url:http://172.30.22.179:2230/spg/batch/operate/log/page
[2022-07-05 09:47:57,325] [log.py|__console] [line:37] INFO    : 请求方法:GET
[2022-07-05 09:47:57,327] [log.py|__console] [line:37] INFO    : 请求头:{"Content-Type": "application/json;charset=UTF-8", "Authorization": "Bearer eyJhbGciOiJIUzUxMiJ9.eyJzdWIiOiJzcGc6dmluY2VudDoxNjU2NDAxNzIxNjQ3In0.aMLLxwMNwZwe_UhoiepQhwtUvz1aHMFQYoKELmmqTjgsrQDUPfphee7dnaiyvYxag6ZpMUC0lx9dgrYNR2iusA"}
[2022-07-05 09:47:57,328] [log.py|__console] [line:37] INFO    : 请求头:
[2022-07-05 09:47:57,330] [log.py|__console] [line:37] INFO    : 请求体:{"pageNum":1,"pageSize":10,"userId":"","action":"","result":"True","startTime":"","endTime":"","operateItem":"","keyword":"","moduleCode":"batch"}
[2022-07-05 09:47:57,332] [log.py|__console] [line:37] INFO    : 请求体:
[2022-07-05 09:47:57,430] [log.py|__console] [line:37] INFO    : 响应码:200
[2022-07-05 09:47:57,432] [log.py|__console] [line:37] INFO    : 响应头:{'Server': 'nginx', 'Date': 'Tue, 05 Jul 2022 01:47:58 GMT', 'Content-Type': 'application/json;charset=UTF-8', 'Transfer-Encoding': 'chunked', 'Connection': 'keep-alive', 'X-Content-Type-Options': 'nosniff, nosniff', 'X-XSS-Protection': '1; mode=block, 1; mode=block', 'Cache-Control': 'no-cache, no-store, max-age=0, must-revalidate, no-cache, no-store', 'Pragma': 'no-cache', 'Expires': '0', 'Content-Security-Policy': "default-src 'self' object-src 'none' 'unsafe-inline' 'unsafe-eval' blob: data: ;", 'Strict-Transport-Security': 'max-age=31536000; includeSubDomains', 'X-Frame-Options': 'DENY', 'Content-Encoding': 'gzip'}
[2022-07-05 09:47:57,434] [log.py|__console] [line:37] INFO    : 响应头
[2022-07-05 09:47:57,436] [log.py|__console] [line:37] INFO    : 响应内容:{'data': {'total': 1, 'list': [{'operateLogId': 1, 'userId': 'abner', 'operateItem': '立即执行批處理', 'action': 'UPDATE', 'result': True, 'createDate': 1656466732000}], 'pageNum': 1, 'pageSize': 10, 'size': 1, 'startRow': 1, 'endRow': 10, 'pages': 1, 'prePage': 0, 'nextPage': 0, 'hasPreviousPage': False, 'hasNextPage': False, 'navigatePages': 8, 'navigatepageNums': [1], 'navigateFirstPage': 1, 'navigateLastPage': 1, 'firstPage': True, 'lastPage': True}, 'code': '10000000', 'message': None}
[2022-07-05 09:47:57,437] [log.py|__console] [line:37] INFO    : 响应内容
[2022-07-05 09:47:57,439] [log.py|__console] [line:37] INFO    : 断言模式:in
[2022-07-05 09:47:57,441] [log.py|__console] [line:37] INFO    : 断言内容:10000000
[2022-07-05 09:47:57,443] [log.py|__console] [line:37] INFO    : 断言结果:通过
[2022-07-05 09:47:57,444] [log.py|__console] [line:37] INFO    : 断言模式:in
[2022-07-05 09:47:57,446] [log.py|__console] [line:37] INFO    : 断言内容:True
[2022-07-05 09:47:57,448] [log.py|__console] [line:37] INFO    : 断言结果:通过
[2022-07-05 09:47:57,449] [log.py|__console] [line:37] INFO    : 最终测试结果:通过
[2022-07-05 09:47:57,451] [log.py|__console] [line:37] INFO    : ==============================================end==============================================
[2022-07-05 09:48:30,259] [log.py|__console] [line:37] INFO    : ==============================================start==============================================
[2022-07-05 09:48:30,260] [log.py|__console] [line:37] INFO    : 标题:根据startTime查询
[2022-07-05 09:48:30,262] [log.py|__console] [line:37] INFO    : url:http://172.30.22.179:2230/spg/batch/operate/log/page
[2022-07-05 09:48:30,263] [log.py|__console] [line:37] INFO    : 请求方法:GET
[2022-07-05 09:48:30,265] [log.py|__console] [line:37] INFO    : 请求头:{"Content-Type": "application/json;charset=UTF-8", "Authorization": "Bearer eyJhbGciOiJIUzUxMiJ9.eyJzdWIiOiJzcGc6dmluY2VudDoxNjU2NDAxNzIxNjQ3In0.aMLLxwMNwZwe_UhoiepQhwtUvz1aHMFQYoKELmmqTjgsrQDUPfphee7dnaiyvYxag6ZpMUC0lx9dgrYNR2iusA"}
[2022-07-05 09:48:30,267] [log.py|__console] [line:37] INFO    : 请求头:
[2022-07-05 09:48:30,269] [log.py|__console] [line:37] INFO    : 请求体:{"pageNum":1,"pageSize":10,"userId":"","action":"","result":"","startTime":"1656466732000","endTime":"","operateItem":"","keyword":"","moduleCode":"batch"}
[2022-07-05 09:48:30,271] [log.py|__console] [line:37] INFO    : 请求体:
[2022-07-05 09:48:30,371] [log.py|__console] [line:37] INFO    : 响应码:200
[2022-07-05 09:48:30,373] [log.py|__console] [line:37] INFO    : 响应头:{'Server': 'nginx', 'Date': 'Tue, 05 Jul 2022 01:48:31 GMT', 'Content-Type': 'application/json;charset=UTF-8', 'Transfer-Encoding': 'chunked', 'Connection': 'keep-alive', 'X-Content-Type-Options': 'nosniff, nosniff', 'X-XSS-Protection': '1; mode=block, 1; mode=block', 'Cache-Control': 'no-cache, no-store, max-age=0, must-revalidate, no-cache, no-store', 'Pragma': 'no-cache', 'Expires': '0', 'Content-Security-Policy': "default-src 'self' object-src 'none' 'unsafe-inline' 'unsafe-eval' blob: data: ;", 'Strict-Transport-Security': 'max-age=31536000; includeSubDomains', 'X-Frame-Options': 'DENY', 'Content-Encoding': 'gzip'}
[2022-07-05 09:48:30,374] [log.py|__console] [line:37] INFO    : 响应头
[2022-07-05 09:48:30,377] [log.py|__console] [line:37] INFO    : 响应内容:{'data': {'total': 1, 'list': [{'operateLogId': 1, 'userId': 'abner', 'operateItem': '立即执行批處理', 'action': 'UPDATE', 'result': True, 'createDate': 1656466732000}], 'pageNum': 1, 'pageSize': 10, 'size': 1, 'startRow': 1, 'endRow': 10, 'pages': 1, 'prePage': 0, 'nextPage': 0, 'hasPreviousPage': False, 'hasNextPage': False, 'navigatePages': 8, 'navigatepageNums': [1], 'navigateFirstPage': 1, 'navigateLastPage': 1, 'firstPage': True, 'lastPage': True}, 'code': '10000000', 'message': None}
[2022-07-05 09:48:30,379] [log.py|__console] [line:37] INFO    : 响应内容
[2022-07-05 09:48:30,381] [log.py|__console] [line:37] INFO    : 断言模式:in
[2022-07-05 09:48:30,383] [log.py|__console] [line:37] INFO    : 断言内容:10000000
[2022-07-05 09:48:30,385] [log.py|__console] [line:37] INFO    : 断言结果:通过
[2022-07-05 09:48:30,386] [log.py|__console] [line:37] INFO    : 断言模式:in
[2022-07-05 09:48:30,388] [log.py|__console] [line:37] INFO    : 断言内容:1656466732000
[2022-07-05 09:48:30,390] [log.py|__console] [line:37] INFO    : 断言结果:通过
[2022-07-05 09:48:30,392] [log.py|__console] [line:37] INFO    : 最终测试结果:通过
[2022-07-05 09:48:30,393] [log.py|__console] [line:37] INFO    : ==============================================end==============================================
[2022-07-05 09:48:54,421] [log.py|__console] [line:37] INFO    : ==============================================start==============================================
[2022-07-05 09:48:54,423] [log.py|__console] [line:37] INFO    : 标题:根据endTime查询
[2022-07-05 09:48:54,425] [log.py|__console] [line:37] INFO    : url:http://172.30.22.179:2230/spg/batch/operate/log/page
[2022-07-05 09:48:54,427] [log.py|__console] [line:37] INFO    : 请求方法:GET
[2022-07-05 09:48:54,428] [log.py|__console] [line:37] INFO    : 请求头:{"Content-Type": "application/json;charset=UTF-8", "Authorization": "Bearer eyJhbGciOiJIUzUxMiJ9.eyJzdWIiOiJzcGc6dmluY2VudDoxNjU2NDAxNzIxNjQ3In0.aMLLxwMNwZwe_UhoiepQhwtUvz1aHMFQYoKELmmqTjgsrQDUPfphee7dnaiyvYxag6ZpMUC0lx9dgrYNR2iusA"}
[2022-07-05 09:48:54,430] [log.py|__console] [line:37] INFO    : 请求头:
[2022-07-05 09:48:54,432] [log.py|__console] [line:37] INFO    : 请求体:{"pageNum":1,"pageSize":10,"userId":"","action":"","result":"","startTime":"","endTime":"1656466732000","operateItem":"","keyword":"","moduleCode":"config"}
[2022-07-05 09:48:54,433] [log.py|__console] [line:37] INFO    : 请求体:
[2022-07-05 09:48:54,527] [log.py|__console] [line:37] INFO    : 响应码:200
[2022-07-05 09:48:54,529] [log.py|__console] [line:37] INFO    : 响应头:{'Server': 'nginx', 'Date': 'Tue, 05 Jul 2022 01:48:55 GMT', 'Content-Type': 'application/json;charset=UTF-8', 'Transfer-Encoding': 'chunked', 'Connection': 'keep-alive', 'X-Content-Type-Options': 'nosniff, nosniff', 'X-XSS-Protection': '1; mode=block, 1; mode=block', 'Cache-Control': 'no-cache, no-store, max-age=0, must-revalidate, no-cache, no-store', 'Pragma': 'no-cache', 'Expires': '0', 'Content-Security-Policy': "default-src 'self' object-src 'none' 'unsafe-inline' 'unsafe-eval' blob: data: ;", 'Strict-Transport-Security': 'max-age=31536000; includeSubDomains', 'X-Frame-Options': 'DENY', 'Content-Encoding': 'gzip'}
[2022-07-05 09:48:54,531] [log.py|__console] [line:37] INFO    : 响应头
[2022-07-05 09:48:54,533] [log.py|__console] [line:37] INFO    : 响应内容:{'data': {'total': 450, 'list': [{'operateLogId': 450, 'userId': 'vincent', 'operateItem': '删除Po Type記錄', 'action': 'DELETE', 'result': True, 'createDate': 1656318029000}, {'operateLogId': 449, 'userId': 'vincent', 'operateItem': '新增Po Type記錄', 'action': 'NEW', 'result': True, 'createDate': 1656317968000}, {'operateLogId': 448, 'userId': 'vincent', 'operateItem': '删除Po Type記錄', 'action': 'DELETE', 'result': True, 'createDate': 1656317846000}, {'operateLogId': 447, 'userId': 'vincent', 'operateItem': '更新Po Type記錄', 'action': 'UPDATE', 'result': True, 'createDate': 1656317846000}, {'operateLogId': 446, 'userId': 'vincent', 'operateItem': '新增Po Type記錄', 'action': 'NEW', 'result': True, 'createDate': 1656317845000}, {'operateLogId': 445, 'userId': 'vincent', 'operateItem': '删除Po Type記錄', 'action': 'DELETE', 'result': True, 'createDate': 1656317404000}, {'operateLogId': 444, 'userId': 'vincent', 'operateItem': '新增Po Type記錄', 'action': 'NEW', 'result': True, 'createDate': 1656317401000}, {'operateLogId': 443, 'userId': 'vincent', 'operateItem': '删除Po Type記錄', 'action': 'DELETE', 'result': True, 'createDate': 1656317290000}, {'operateLogId': 442, 'userId': 'vincent', 'operateItem': '新增Po Type記錄', 'action': 'NEW', 'result': True, 'createDate': 1656314873000}, {'operateLogId': 440, 'userId': 'vincent', 'operateItem': '刪除VOBB Plan Data記錄', 'action': 'DELETE', 'result': True, 'createDate': 1656313603000}], 'pageNum': 1, 'pageSize': 10, 'size': 10, 'startRow': 1, 'endRow': 10, 'pages': 45, 'prePage': 0, 'nextPage': 2, 'hasPreviousPage': False, 'hasNextPage': True, 'navigatePages': 8, 'navigatepageNums': [1, 2, 3, 4, 5, 6, 7, 8], 'navigateFirstPage': 1, 'navigateLastPage': 8, 'firstPage': True, 'lastPage': False}, 'code': '10000000', 'message': None}
[2022-07-05 09:48:54,535] [log.py|__console] [line:37] INFO    : 响应内容
[2022-07-05 09:48:54,537] [log.py|__console] [line:37] INFO    : 断言模式:in
[2022-07-05 09:48:54,539] [log.py|__console] [line:37] INFO    : 断言内容:10000000
[2022-07-05 09:48:54,540] [log.py|__console] [line:37] INFO    : 断言结果:通过
[2022-07-05 09:48:54,542] [log.py|__console] [line:37] INFO    : 断言模式:in
[2022-07-05 09:48:54,544] [log.py|__console] [line:37] INFO    : 断言内容:1656466732000
[2022-07-05 09:48:54,546] [log.py|__console] [line:43] ERROR   : 断言结果:失败
[2022-07-05 09:48:54,547] [log.py|__console] [line:43] ERROR   : 最终测试结果:失败
[2022-07-05 09:48:54,549] [log.py|__console] [line:37] INFO    : ==============================================end==============================================
[2022-07-05 09:49:10,036] [log.py|__console] [line:37] INFO    : ==============================================start==============================================
[2022-07-05 09:49:10,038] [log.py|__console] [line:37] INFO    : 标题:根据endTime查询
[2022-07-05 09:49:10,039] [log.py|__console] [line:37] INFO    : url:http://172.30.22.179:2230/spg/batch/operate/log/page
[2022-07-05 09:49:10,041] [log.py|__console] [line:37] INFO    : 请求方法:GET
[2022-07-05 09:49:10,043] [log.py|__console] [line:37] INFO    : 请求头:{"Content-Type": "application/json;charset=UTF-8", "Authorization": "Bearer eyJhbGciOiJIUzUxMiJ9.eyJzdWIiOiJzcGc6dmluY2VudDoxNjU2NDAxNzIxNjQ3In0.aMLLxwMNwZwe_UhoiepQhwtUvz1aHMFQYoKELmmqTjgsrQDUPfphee7dnaiyvYxag6ZpMUC0lx9dgrYNR2iusA"}
[2022-07-05 09:49:10,045] [log.py|__console] [line:37] INFO    : 请求头:
[2022-07-05 09:49:10,047] [log.py|__console] [line:37] INFO    : 请求体:{"pageNum":1,"pageSize":10,"userId":"","action":"","result":"","startTime":"","endTime":"1656466732000","operateItem":"","keyword":"","moduleCode":"batch"}
[2022-07-05 09:49:10,048] [log.py|__console] [line:37] INFO    : 请求体:
[2022-07-05 09:49:10,152] [log.py|__console] [line:37] INFO    : 响应码:200
[2022-07-05 09:49:10,155] [log.py|__console] [line:37] INFO    : 响应头:{'Server': 'nginx', 'Date': 'Tue, 05 Jul 2022 01:49:11 GMT', 'Content-Type': 'application/json;charset=UTF-8', 'Transfer-Encoding': 'chunked', 'Connection': 'keep-alive', 'X-Content-Type-Options': 'nosniff, nosniff', 'X-XSS-Protection': '1; mode=block, 1; mode=block', 'Cache-Control': 'no-cache, no-store, max-age=0, must-revalidate, no-cache, no-store', 'Pragma': 'no-cache', 'Expires': '0', 'Content-Security-Policy': "default-src 'self' object-src 'none' 'unsafe-inline' 'unsafe-eval' blob: data: ;", 'Strict-Transport-Security': 'max-age=31536000; includeSubDomains', 'X-Frame-Options': 'DENY', 'Content-Encoding': 'gzip'}
[2022-07-05 09:49:10,156] [log.py|__console] [line:37] INFO    : 响应头
[2022-07-05 09:49:10,158] [log.py|__console] [line:37] INFO    : 响应内容:{'data': {'total': 1, 'list': [{'operateLogId': 1, 'userId': 'abner', 'operateItem': '立即执行批處理', 'action': 'UPDATE', 'result': True, 'createDate': 1656466732000}], 'pageNum': 1, 'pageSize': 10, 'size': 1, 'startRow': 1, 'endRow': 10, 'pages': 1, 'prePage': 0, 'nextPage': 0, 'hasPreviousPage': False, 'hasNextPage': False, 'navigatePages': 8, 'navigatepageNums': [1], 'navigateFirstPage': 1, 'navigateLastPage': 1, 'firstPage': True, 'lastPage': True}, 'code': '10000000', 'message': None}
[2022-07-05 09:49:10,160] [log.py|__console] [line:37] INFO    : 响应内容
[2022-07-05 09:49:10,162] [log.py|__console] [line:37] INFO    : 断言模式:in
[2022-07-05 09:49:10,164] [log.py|__console] [line:37] INFO    : 断言内容:10000000
[2022-07-05 09:49:10,165] [log.py|__console] [line:37] INFO    : 断言结果:通过
[2022-07-05 09:49:10,167] [log.py|__console] [line:37] INFO    : 断言模式:in
[2022-07-05 09:49:10,169] [log.py|__console] [line:37] INFO    : 断言内容:1656466732000
[2022-07-05 09:49:10,170] [log.py|__console] [line:37] INFO    : 断言结果:通过
[2022-07-05 09:49:10,172] [log.py|__console] [line:37] INFO    : 最终测试结果:通过
[2022-07-05 09:49:10,174] [log.py|__console] [line:37] INFO    : ==============================================end==============================================
[2022-07-05 09:49:35,485] [log.py|__console] [line:37] INFO    : ==============================================start==============================================
[2022-07-05 09:49:35,487] [log.py|__console] [line:37] INFO    : 标题:根据operateItem查询
[2022-07-05 09:49:35,488] [log.py|__console] [line:37] INFO    : url:http://172.30.22.179:2230/spg/batch/operate/log/page
[2022-07-05 09:49:35,490] [log.py|__console] [line:37] INFO    : 请求方法:GET
[2022-07-05 09:49:35,491] [log.py|__console] [line:37] INFO    : 请求头:{"Content-Type": "application/json;charset=UTF-8", "Authorization": "Bearer eyJhbGciOiJIUzUxMiJ9.eyJzdWIiOiJzcGc6dmluY2VudDoxNjU2NDAxNzIxNjQ3In0.aMLLxwMNwZwe_UhoiepQhwtUvz1aHMFQYoKELmmqTjgsrQDUPfphee7dnaiyvYxag6ZpMUC0lx9dgrYNR2iusA"}
[2022-07-05 09:49:35,493] [log.py|__console] [line:37] INFO    : 请求头:
[2022-07-05 09:49:35,495] [log.py|__console] [line:37] INFO    : 请求体:{"pageNum":1,"pageSize":10,"userId":"","action":"","result":"","startTime":"","endTime":"","operateItem":"立即执行批處理","keyword":"","moduleCode":"batch"}
[2022-07-05 09:49:35,496] [log.py|__console] [line:37] INFO    : 请求体:
[2022-07-05 09:49:35,585] [log.py|__console] [line:37] INFO    : 响应码:200
[2022-07-05 09:49:35,587] [log.py|__console] [line:37] INFO    : 响应头:{'Server': 'nginx', 'Date': 'Tue, 05 Jul 2022 01:49:36 GMT', 'Content-Type': 'application/json;charset=UTF-8', 'Transfer-Encoding': 'chunked', 'Connection': 'keep-alive', 'X-Content-Type-Options': 'nosniff, nosniff', 'X-XSS-Protection': '1; mode=block, 1; mode=block', 'Cache-Control': 'no-cache, no-store, max-age=0, must-revalidate, no-cache, no-store', 'Pragma': 'no-cache', 'Expires': '0', 'Content-Security-Policy': "default-src 'self' object-src 'none' 'unsafe-inline' 'unsafe-eval' blob: data: ;", 'Strict-Transport-Security': 'max-age=31536000; includeSubDomains', 'X-Frame-Options': 'DENY', 'Content-Encoding': 'gzip'}
[2022-07-05 09:49:35,589] [log.py|__console] [line:37] INFO    : 响应头
[2022-07-05 09:49:35,591] [log.py|__console] [line:37] INFO    : 响应内容:{'data': {'total': 1, 'list': [{'operateLogId': 1, 'userId': 'abner', 'operateItem': '立即执行批處理', 'action': 'UPDATE', 'result': True, 'createDate': 1656466732000}], 'pageNum': 1, 'pageSize': 10, 'size': 1, 'startRow': 1, 'endRow': 10, 'pages': 1, 'prePage': 0, 'nextPage': 0, 'hasPreviousPage': False, 'hasNextPage': False, 'navigatePages': 8, 'navigatepageNums': [1], 'navigateFirstPage': 1, 'navigateLastPage': 1, 'firstPage': True, 'lastPage': True}, 'code': '10000000', 'message': None}
[2022-07-05 09:49:35,593] [log.py|__console] [line:37] INFO    : 响应内容
[2022-07-05 09:49:35,595] [log.py|__console] [line:37] INFO    : 断言模式:in
[2022-07-05 09:49:35,597] [log.py|__console] [line:37] INFO    : 断言内容:10000000
[2022-07-05 09:49:35,599] [log.py|__console] [line:37] INFO    : 断言结果:通过
[2022-07-05 09:49:35,601] [log.py|__console] [line:37] INFO    : 断言模式:in
[2022-07-05 09:49:35,603] [log.py|__console] [line:37] INFO    : 断言内容:立即执行批處理
[2022-07-05 09:49:35,604] [log.py|__console] [line:37] INFO    : 断言结果:通过
[2022-07-05 09:49:35,606] [log.py|__console] [line:37] INFO    : 最终测试结果:通过
[2022-07-05 09:49:35,608] [log.py|__console] [line:37] INFO    : ==============================================end==============================================
[2022-07-05 09:50:33,833] [log.py|__console] [line:37] INFO    : ==============================================start==============================================
[2022-07-05 09:50:33,835] [log.py|__console] [line:37] INFO    : 标题:正常查询
[2022-07-05 09:50:33,836] [log.py|__console] [line:37] INFO    : url:http://172.30.22.179:2230/spg/config/operate/log/1
[2022-07-05 09:50:33,838] [log.py|__console] [line:37] INFO    : 请求方法:GET
[2022-07-05 09:50:33,841] [log.py|__console] [line:37] INFO    : 请求头:{"Content-Type": "application/json;charset=UTF-8", "Authorization": "Bearer eyJhbGciOiJIUzUxMiJ9.eyJzdWIiOiJzcGc6dmluY2VudDoxNjU2NDAxNzIxNjQ3In0.aMLLxwMNwZwe_UhoiepQhwtUvz1aHMFQYoKELmmqTjgsrQDUPfphee7dnaiyvYxag6ZpMUC0lx9dgrYNR2iusA"}
[2022-07-05 09:50:33,843] [log.py|__console] [line:37] INFO    : 请求头:
[2022-07-05 09:50:33,844] [log.py|__console] [line:37] INFO    : 请求体:""
[2022-07-05 09:50:33,846] [log.py|__console] [line:37] INFO    : 请求体:
[2022-07-05 09:50:33,940] [log.py|__console] [line:37] INFO    : 响应码:200
[2022-07-05 09:50:33,943] [log.py|__console] [line:37] INFO    : 响应头:{'Server': 'nginx', 'Date': 'Tue, 05 Jul 2022 01:50:35 GMT', 'Content-Type': 'application/json;charset=UTF-8', 'Transfer-Encoding': 'chunked', 'Connection': 'keep-alive', 'X-Content-Type-Options': 'nosniff, nosniff', 'X-XSS-Protection': '1; mode=block, 1; mode=block', 'Cache-Control': 'no-cache, no-store, max-age=0, must-revalidate, no-cache, no-store', 'Pragma': 'no-cache', 'Expires': '0', 'Content-Security-Policy': "default-src 'self' object-src 'none' 'unsafe-inline' 'unsafe-eval' blob: data: ;", 'Strict-Transport-Security': 'max-age=31536000; includeSubDomains', 'X-Frame-Options': 'DENY', 'Content-Encoding': 'gzip'}
[2022-07-05 09:50:33,945] [log.py|__console] [line:37] INFO    : 响应头
[2022-07-05 09:50:33,947] [log.py|__console] [line:37] INFO    : 响应内容:{'data': {'createdUserId': None, 'createDate': 1652672152000, 'updatedUserId': None, 'updateDate': None, 'status': 1, 'userId': 'vincent', 'operateItem': '刪除SSM Plan Data記錄', 'action': 'DELETE', 'result': True, 'param': {'originalValue': {'ConfigSsmPlanData': {'po_offer_id': '123', 'po_type_id': 33, 'plan_code': '12121', 'traffic_speed_up': 1, 'speed_profile_name': '15M1_1M1', 'ename': '12313hhhh', 'line_type': 'olt', 'traffic_speed_down': 1, 'plan_data_id': 4, 'plan_status': 'enable', 'status': 1}}}, 'failMessage': None, 'operateLogId': 1}, 'code': '10000000', 'message': None}
[2022-07-05 09:50:33,949] [log.py|__console] [line:37] INFO    : 响应内容
[2022-07-05 09:50:33,950] [log.py|__console] [line:37] INFO    : 断言模式:in
[2022-07-05 09:50:33,952] [log.py|__console] [line:37] INFO    : 断言内容:10000000
[2022-07-05 09:50:33,954] [log.py|__console] [line:37] INFO    : 断言结果:通过
[2022-07-05 09:50:33,956] [log.py|__console] [line:37] INFO    : 最终测试结果:通过
[2022-07-05 09:50:33,958] [log.py|__console] [line:37] INFO    : ==============================================end==============================================
