[2022-07-15 14:00:20,993] [log.py|__console] [line:37] INFO    : ==============================================start==============================================
[2022-07-15 14:00:20,995] [log.py|__console] [line:37] INFO    : 标题:vdsl+fixip+wifidu
[2022-07-15 14:00:20,996] [log.py|__console] [line:37] INFO    : url:http://172.30.22.180:2230/spg/api/zsap/order
[2022-07-15 14:00:20,998] [log.py|__console] [line:37] INFO    : 请求方法:POST
[2022-07-15 14:00:21,000] [log.py|__console] [line:37] INFO    : 请求头:{"Content-Type": "application/json;charset=UTF-8", "systemChannel": "Mediation", "systemModule": "ZSAP", "authenToken": "17cd39a6c46c7995fa300cb8050d092a", "apiVersion": "1.0", "reqWho": "CSMS"}
[2022-07-15 14:00:21,002] [log.py|__console] [line:37] INFO    : 请求头:
[2022-07-15 14:00:21,004] [log.py|__console] [line:37] INFO    : 请求体:{"request":{"head":{"systemChannel":"Mediation","systemModule":"ZSAP","authenToken":"17cd39a6c46c7995fa300cb8050d092a","apiVersion":"1.0","requestId":"KYok6Oa","reqWho":"CSMS"},"body":{"serviceNumberList":[{"serviceNumber":"DU-A20199311","type":"DU-MOTHER","action":"new"},{"serviceNumber":"DU-YYTEsT120901","type":"DU-SON","action":"new"}],"circuitList":[{"type":"GPON","circuitName":"GP100011132","action":"new"}],"inventoryList":[{"name":"TESTH1","rlu":"46","equipmentType":"HG1","origFixedIPVLAN":"","origIPOEVLAN":"390","origPPPOEVLAN":"null","card":1,"port":7,"line":"U49H2-1-2-4","internetLIC":"null","potsLIC":"null","action":"new"}],"offerList":[{"offerId":52000105,"offerType":"PO","extendedDataList":[{"paramName":"Modem Model","paramValue":"20"},{"paramName":"Microfilter","paramValue":"null"},{"paramName":"PWD REFERENCE","paramValue":"bg0001"},{"paramName":"Fixed IP address","paramValue":"null"},{"paramName":"Device Voucher","paramValue":"null"},{"paramName":"Amount","paramValue":"300"},{"paramName":"DEPOSIT","paramValue":"2"},{"paramName":"Reason","paramValue":"null"}],"action":"new"}],"orderInfo":{"serviceOrderId":"85400620688","orderScenario":"NEW","diy":false,"ticketId":"","firstName":"nikofirstname","lastName":"nikolastname","companyName":"testcompany","remark":"testremark"}}}}
[2022-07-15 14:00:21,005] [log.py|__console] [line:37] INFO    : 请求体:
[2022-07-15 14:00:21,772] [log.py|__console] [line:37] INFO    : 响应码:200
[2022-07-15 14:00:21,774] [log.py|__console] [line:37] INFO    : 响应头:{'Server': 'nginx', 'Date': 'Fri, 15 Jul 2022 06:00:28 GMT', 'Content-Type': 'application/json;charset=UTF-8', 'Transfer-Encoding': 'chunked', 'Connection': 'keep-alive', 'X-Content-Type-Options': 'nosniff, nosniff', 'X-XSS-Protection': '1; mode=block, 1; mode=block', 'Cache-Control': 'no-cache, no-store, max-age=0, must-revalidate, no-cache, no-store', 'Pragma': 'no-cache', 'Expires': '0', 'Content-Security-Policy': "default-src 'self' object-src 'none' 'unsafe-inline' 'unsafe-eval' blob: data: ;", 'Strict-Transport-Security': 'max-age=31536000; includeSubDomains', 'X-Frame-Options': 'DENY', 'Content-Encoding': 'gzip'}
[2022-07-15 14:00:21,776] [log.py|__console] [line:37] INFO    : 响应头
[2022-07-15 14:00:21,778] [log.py|__console] [line:37] INFO    : 响应内容:{'response': {'body': {'message': 'Line check failed,There is already an order with the same AL/GP number', 'status': '01170001', 'error': None}, 'head': {'systemChannel': 'Mediation', 'systemModule': 'ZSAP', 'authenToken': '17cd39a6c46c7995fa300cb8050d092a', 'apiVersion': '1.0', 'requestId': 'KYok6Oa', 'reqWho': 'CSMS'}}}
[2022-07-15 14:00:21,780] [log.py|__console] [line:37] INFO    : 响应内容
[2022-07-15 14:00:21,781] [log.py|__console] [line:37] INFO    : 最终测试结果:通过
[2022-07-15 14:00:21,783] [log.py|__console] [line:37] INFO    : ==============================================end==============================================
[2022-07-15 14:00:38,684] [log.py|__console] [line:37] INFO    : ==============================================start==============================================
[2022-07-15 14:00:38,686] [log.py|__console] [line:37] INFO    : 标题:vdsl+fixip+wifidu
[2022-07-15 14:00:38,689] [log.py|__console] [line:37] INFO    : url:http://172.30.22.180:2230/spg/api/zsap/order
[2022-07-15 14:00:38,691] [log.py|__console] [line:37] INFO    : 请求方法:POST
[2022-07-15 14:00:38,693] [log.py|__console] [line:37] INFO    : 请求头:{"Content-Type": "application/json;charset=UTF-8", "systemChannel": "Mediation", "systemModule": "ZSAP", "authenToken": "17cd39a6c46c7995fa300cb8050d092a", "apiVersion": "1.0", "reqWho": "CSMS"}
[2022-07-15 14:00:38,695] [log.py|__console] [line:37] INFO    : 请求头:
[2022-07-15 14:00:38,696] [log.py|__console] [line:37] INFO    : 请求体:{"request":{"head":{"systemChannel":"Mediation","systemModule":"ZSAP","authenToken":"17cd39a6c46c7995fa300cb8050d092a","apiVersion":"1.0","requestId":"kTGWmvQ","reqWho":"CSMS"},"body":{"serviceNumberList":[{"serviceNumber":"DU-A20199311","type":"DU-MOTHER","action":"new"},{"serviceNumber":"DU-YYTEsT120901","type":"DU-SON","action":"new"}],"circuitList":[{"type":"GPON","circuitName":"GP200011132","action":"new"}],"inventoryList":[{"name":"TESTH1","rlu":"46","equipmentType":"HG1","origFixedIPVLAN":"","origIPOEVLAN":"390","origPPPOEVLAN":"null","card":1,"port":7,"line":"U49H2-1-2-4","internetLIC":"null","potsLIC":"null","action":"new"}],"offerList":[{"offerId":52000105,"offerType":"PO","extendedDataList":[{"paramName":"Modem Model","paramValue":"20"},{"paramName":"Microfilter","paramValue":"null"},{"paramName":"PWD REFERENCE","paramValue":"bg0001"},{"paramName":"Fixed IP address","paramValue":"null"},{"paramName":"Device Voucher","paramValue":"null"},{"paramName":"Amount","paramValue":"300"},{"paramName":"DEPOSIT","paramValue":"2"},{"paramName":"Reason","paramValue":"null"}],"action":"new"}],"orderInfo":{"serviceOrderId":"88063331439","orderScenario":"NEW","diy":false,"ticketId":"","firstName":"nikofirstname","lastName":"nikolastname","companyName":"testcompany","remark":"testremark"}}}}
[2022-07-15 14:00:38,698] [log.py|__console] [line:37] INFO    : 请求体:
[2022-07-15 14:00:39,084] [log.py|__console] [line:37] INFO    : 响应码:200
[2022-07-15 14:00:39,087] [log.py|__console] [line:37] INFO    : 响应头:{'Server': 'nginx', 'Date': 'Fri, 15 Jul 2022 06:00:46 GMT', 'Content-Type': 'application/json;charset=UTF-8', 'Transfer-Encoding': 'chunked', 'Connection': 'keep-alive', 'X-Content-Type-Options': 'nosniff, nosniff', 'X-XSS-Protection': '1; mode=block, 1; mode=block', 'Cache-Control': 'no-cache, no-store, max-age=0, must-revalidate, no-cache, no-store', 'Pragma': 'no-cache', 'Expires': '0', 'Content-Security-Policy': "default-src 'self' object-src 'none' 'unsafe-inline' 'unsafe-eval' blob: data: ;", 'Strict-Transport-Security': 'max-age=31536000; includeSubDomains', 'X-Frame-Options': 'DENY', 'Content-Encoding': 'gzip'}
[2022-07-15 14:00:39,088] [log.py|__console] [line:37] INFO    : 响应头
[2022-07-15 14:00:39,091] [log.py|__console] [line:37] INFO    : 响应内容:{'response': {'body': {'message': 'du number check failed,There is already an order with the same du number', 'status': '01170021', 'error': None}, 'head': {'systemChannel': 'Mediation', 'systemModule': 'ZSAP', 'authenToken': '17cd39a6c46c7995fa300cb8050d092a', 'apiVersion': '1.0', 'requestId': 'kTGWmvQ', 'reqWho': 'CSMS'}}}
[2022-07-15 14:00:39,092] [log.py|__console] [line:37] INFO    : 响应内容
[2022-07-15 14:00:39,094] [log.py|__console] [line:37] INFO    : 最终测试结果:通过
[2022-07-15 14:00:39,096] [log.py|__console] [line:37] INFO    : ==============================================end==============================================
[2022-07-15 14:01:04,445] [log.py|__console] [line:37] INFO    : ==============================================start==============================================
[2022-07-15 14:01:04,446] [log.py|__console] [line:37] INFO    : 标题:vdsl+fixip+wifidu
[2022-07-15 14:01:04,448] [log.py|__console] [line:37] INFO    : url:http://172.30.22.180:2230/spg/api/zsap/order
[2022-07-15 14:01:04,450] [log.py|__console] [line:37] INFO    : 请求方法:POST
[2022-07-15 14:01:04,451] [log.py|__console] [line:37] INFO    : 请求头:{"Content-Type": "application/json;charset=UTF-8", "systemChannel": "Mediation", "systemModule": "ZSAP", "authenToken": "17cd39a6c46c7995fa300cb8050d092a", "apiVersion": "1.0", "reqWho": "CSMS"}
[2022-07-15 14:01:04,453] [log.py|__console] [line:37] INFO    : 请求头:
[2022-07-15 14:01:04,455] [log.py|__console] [line:37] INFO    : 请求体:{"request":{"head":{"systemChannel":"Mediation","systemModule":"ZSAP","authenToken":"17cd39a6c46c7995fa300cb8050d092a","apiVersion":"1.0","requestId":"1VrCEfh","reqWho":"CSMS"},"body":{"serviceNumberList":[{"serviceNumber":"DU-test","type":"DU-MOTHER","action":"new"},{"serviceNumber":"DU-YYTEsT120901","type":"DU-SON","action":"new"}],"circuitList":[{"type":"GPON","circuitName":"GP200011132","action":"new"}],"inventoryList":[{"name":"TESTH1","rlu":"46","equipmentType":"HG1","origFixedIPVLAN":"","origIPOEVLAN":"390","origPPPOEVLAN":"null","card":1,"port":7,"line":"U49H2-1-2-4","internetLIC":"null","potsLIC":"null","action":"new"}],"offerList":[{"offerId":52000105,"offerType":"PO","extendedDataList":[{"paramName":"Modem Model","paramValue":"20"},{"paramName":"Microfilter","paramValue":"null"},{"paramName":"PWD REFERENCE","paramValue":"bg0001"},{"paramName":"Fixed IP address","paramValue":"null"},{"paramName":"Device Voucher","paramValue":"null"},{"paramName":"Amount","paramValue":"300"},{"paramName":"DEPOSIT","paramValue":"2"},{"paramName":"Reason","paramValue":"null"}],"action":"new"}],"orderInfo":{"serviceOrderId":"46925675968","orderScenario":"NEW","diy":false,"ticketId":"","firstName":"nikofirstname","lastName":"nikolastname","companyName":"testcompany","remark":"testremark"}}}}
[2022-07-15 14:01:04,457] [log.py|__console] [line:37] INFO    : 请求体:
[2022-07-15 14:01:04,914] [log.py|__console] [line:37] INFO    : 响应码:200
[2022-07-15 14:01:04,917] [log.py|__console] [line:37] INFO    : 响应头:{'Server': 'nginx', 'Date': 'Fri, 15 Jul 2022 06:01:12 GMT', 'Content-Type': 'application/json;charset=UTF-8', 'Transfer-Encoding': 'chunked', 'Connection': 'keep-alive', 'X-Content-Type-Options': 'nosniff, nosniff', 'X-XSS-Protection': '1; mode=block, 1; mode=block', 'Cache-Control': 'no-cache, no-store, max-age=0, must-revalidate, no-cache, no-store', 'Pragma': 'no-cache', 'Expires': '0', 'Content-Security-Policy': "default-src 'self' object-src 'none' 'unsafe-inline' 'unsafe-eval' blob: data: ;", 'Strict-Transport-Security': 'max-age=31536000; includeSubDomains', 'X-Frame-Options': 'DENY', 'Content-Encoding': 'gzip'}
[2022-07-15 14:01:04,918] [log.py|__console] [line:37] INFO    : 响应头
[2022-07-15 14:01:04,921] [log.py|__console] [line:37] INFO    : 响应内容:{'response': {'body': {'message': 'API call successfully', 'status': '1001', 'error': None}, 'head': {'systemChannel': 'Mediation', 'systemModule': 'ZSAP', 'authenToken': '17cd39a6c46c7995fa300cb8050d092a', 'apiVersion': '1.0', 'requestId': '1VrCEfh', 'reqWho': 'CSMS'}}}
[2022-07-15 14:01:04,923] [log.py|__console] [line:37] INFO    : 响应内容
[2022-07-15 14:01:04,924] [log.py|__console] [line:37] INFO    : 最终测试结果:通过
[2022-07-15 14:01:04,926] [log.py|__console] [line:37] INFO    : ==============================================end==============================================
[2022-07-15 14:01:47,371] [log.py|__console] [line:37] INFO    : ==============================================start==============================================
[2022-07-15 14:01:47,374] [log.py|__console] [line:37] INFO    : 标题:vdsl+fixip+wifidu
[2022-07-15 14:01:47,377] [log.py|__console] [line:37] INFO    : url:http://172.30.22.180:2230/spg/api/zsap/order
[2022-07-15 14:01:47,379] [log.py|__console] [line:37] INFO    : 请求方法:POST
[2022-07-15 14:01:47,382] [log.py|__console] [line:37] INFO    : 请求头:{"Content-Type": "application/json;charset=UTF-8", "systemChannel": "Mediation", "systemModule": "ZSAP", "authenToken": "17cd39a6c46c7995fa300cb8050d092a", "apiVersion": "1.0", "reqWho": "CSMS"}
[2022-07-15 14:01:47,384] [log.py|__console] [line:37] INFO    : 请求头:
[2022-07-15 14:01:47,385] [log.py|__console] [line:37] INFO    : 请求体:{"request":{"head":{"systemChannel":"Mediation","systemModule":"ZSAP","authenToken":"17cd39a6c46c7995fa300cb8050d092a","apiVersion":"1.0","requestId":"bxGigks","reqWho":"CSMS"},"body":{"serviceNumberList":[{"serviceNumber":"DU-DbUGsK0NL","type":"DU-MOTHER","action":"new"},{"serviceNumber":"DU-KtYrgdX9v","type":"DU-SON","action":"new"}],"circuitList":[{"type":"GPON","circuitName":"GP200011132","action":"new"}],"inventoryList":[{"name":"TESTH1","rlu":"46","equipmentType":"HG1","origFixedIPVLAN":"","origIPOEVLAN":"390","origPPPOEVLAN":"null","card":1,"port":7,"line":"U49H2-1-2-4","internetLIC":"null","potsLIC":"null","action":"new"}],"offerList":[{"offerId":52000105,"offerType":"PO","extendedDataList":[{"paramName":"Modem Model","paramValue":"20"},{"paramName":"Microfilter","paramValue":"null"},{"paramName":"PWD REFERENCE","paramValue":"bg0001"},{"paramName":"Fixed IP address","paramValue":"null"},{"paramName":"Device Voucher","paramValue":"null"},{"paramName":"Amount","paramValue":"300"},{"paramName":"DEPOSIT","paramValue":"2"},{"paramName":"Reason","paramValue":"null"}],"action":"new"}],"orderInfo":{"serviceOrderId":"78437671533","orderScenario":"NEW","diy":false,"ticketId":"","firstName":"nikofirstname","lastName":"nikolastname","companyName":"testcompany","remark":"testremark"}}}}
[2022-07-15 14:01:47,387] [log.py|__console] [line:37] INFO    : 请求体:
[2022-07-15 14:01:47,789] [log.py|__console] [line:37] INFO    : 响应码:200
[2022-07-15 14:01:47,793] [log.py|__console] [line:37] INFO    : 响应头:{'Server': 'nginx', 'Date': 'Fri, 15 Jul 2022 06:01:55 GMT', 'Content-Type': 'application/json;charset=UTF-8', 'Transfer-Encoding': 'chunked', 'Connection': 'keep-alive', 'X-Content-Type-Options': 'nosniff, nosniff', 'X-XSS-Protection': '1; mode=block, 1; mode=block', 'Cache-Control': 'no-cache, no-store, max-age=0, must-revalidate, no-cache, no-store', 'Pragma': 'no-cache', 'Expires': '0', 'Content-Security-Policy': "default-src 'self' object-src 'none' 'unsafe-inline' 'unsafe-eval' blob: data: ;", 'Strict-Transport-Security': 'max-age=31536000; includeSubDomains', 'X-Frame-Options': 'DENY', 'Content-Encoding': 'gzip'}
[2022-07-15 14:01:47,795] [log.py|__console] [line:37] INFO    : 响应头
[2022-07-15 14:01:47,798] [log.py|__console] [line:37] INFO    : 响应内容:{'response': {'body': {'message': 'Line check failed,There is already an order with the same AL/GP number', 'status': '01170001', 'error': None}, 'head': {'systemChannel': 'Mediation', 'systemModule': 'ZSAP', 'authenToken': '17cd39a6c46c7995fa300cb8050d092a', 'apiVersion': '1.0', 'requestId': 'bxGigks', 'reqWho': 'CSMS'}}}
[2022-07-15 14:01:47,799] [log.py|__console] [line:37] INFO    : 响应内容
[2022-07-15 14:01:47,802] [log.py|__console] [line:37] INFO    : 最终测试结果:通过
[2022-07-15 14:01:47,804] [log.py|__console] [line:37] INFO    : ==============================================end==============================================
[2022-07-15 14:02:30,574] [log.py|__console] [line:37] INFO    : ==============================================start==============================================
[2022-07-15 14:02:30,577] [log.py|__console] [line:37] INFO    : 标题:vdsl+fixip+wifidu
[2022-07-15 14:02:30,579] [log.py|__console] [line:37] INFO    : url:http://172.30.22.180:2230/spg/api/zsap/order
[2022-07-15 14:02:30,581] [log.py|__console] [line:37] INFO    : 请求方法:POST
[2022-07-15 14:02:30,584] [log.py|__console] [line:37] INFO    : 请求头:{"Content-Type": "application/json;charset=UTF-8", "systemChannel": "Mediation", "systemModule": "ZSAP", "authenToken": "17cd39a6c46c7995fa300cb8050d092a", "apiVersion": "1.0", "reqWho": "CSMS"}
[2022-07-15 14:02:30,588] [log.py|__console] [line:37] INFO    : 请求头:
[2022-07-15 14:02:30,591] [log.py|__console] [line:37] INFO    : 请求体:{"request":{"head":{"systemChannel":"Mediation","systemModule":"ZSAP","authenToken":"17cd39a6c46c7995fa300cb8050d092a","apiVersion":"1.0","requestId":"ISmYTkz","reqWho":"CSMS"},"body":{"serviceNumberList":[{"serviceNumber":"DU-dPhZpzkeN","type":"DU-MOTHER","action":"new"},{"serviceNumber":"DU-wIbqAZTUp","type":"DU-SON","action":"new"}],"circuitList":[{"type":"GPON","circuitName":"GP619387856","action":"new"}],"inventoryList":[{"name":"TESTH1","rlu":"46","equipmentType":"HG1","origFixedIPVLAN":"","origIPOEVLAN":"390","origPPPOEVLAN":"null","card":1,"port":7,"line":"U49H2-1-2-4","internetLIC":"null","potsLIC":"null","action":"new"}],"offerList":[{"offerId":52000105,"offerType":"PO","extendedDataList":[{"paramName":"Modem Model","paramValue":"20"},{"paramName":"Microfilter","paramValue":"null"},{"paramName":"PWD REFERENCE","paramValue":"bg0001"},{"paramName":"Fixed IP address","paramValue":"null"},{"paramName":"Device Voucher","paramValue":"null"},{"paramName":"Amount","paramValue":"300"},{"paramName":"DEPOSIT","paramValue":"2"},{"paramName":"Reason","paramValue":"null"}],"action":"new"}],"orderInfo":{"serviceOrderId":"88882249317","orderScenario":"NEW","diy":false,"ticketId":"","firstName":"nikofirstname","lastName":"nikolastname","companyName":"testcompany","remark":"testremark"}}}}
[2022-07-15 14:02:30,593] [log.py|__console] [line:37] INFO    : 请求体:
[2022-07-15 14:02:31,074] [log.py|__console] [line:37] INFO    : 响应码:200
[2022-07-15 14:02:31,077] [log.py|__console] [line:37] INFO    : 响应头:{'Server': 'nginx', 'Date': 'Fri, 15 Jul 2022 06:02:38 GMT', 'Content-Type': 'application/json;charset=UTF-8', 'Transfer-Encoding': 'chunked', 'Connection': 'keep-alive', 'X-Content-Type-Options': 'nosniff, nosniff', 'X-XSS-Protection': '1; mode=block, 1; mode=block', 'Cache-Control': 'no-cache, no-store, max-age=0, must-revalidate, no-cache, no-store', 'Pragma': 'no-cache', 'Expires': '0', 'Content-Security-Policy': "default-src 'self' object-src 'none' 'unsafe-inline' 'unsafe-eval' blob: data: ;", 'Strict-Transport-Security': 'max-age=31536000; includeSubDomains', 'X-Frame-Options': 'DENY', 'Content-Encoding': 'gzip'}
[2022-07-15 14:02:31,078] [log.py|__console] [line:37] INFO    : 响应头
[2022-07-15 14:02:31,081] [log.py|__console] [line:37] INFO    : 响应内容:{'response': {'body': {'message': 'API call successfully', 'status': '1001', 'error': None}, 'head': {'systemChannel': 'Mediation', 'systemModule': 'ZSAP', 'authenToken': '17cd39a6c46c7995fa300cb8050d092a', 'apiVersion': '1.0', 'requestId': 'ISmYTkz', 'reqWho': 'CSMS'}}}
[2022-07-15 14:02:31,083] [log.py|__console] [line:37] INFO    : 响应内容
[2022-07-15 14:02:31,085] [log.py|__console] [line:37] INFO    : 最终测试结果:通过
[2022-07-15 14:02:31,087] [log.py|__console] [line:37] INFO    : ==============================================end==============================================
[2022-07-15 14:03:45,785] [log.py|__console] [line:37] INFO    : ==============================================start==============================================
[2022-07-15 14:03:45,787] [log.py|__console] [line:37] INFO    : 标题:vdsl+fixip+wifidu
[2022-07-15 14:03:45,789] [log.py|__console] [line:37] INFO    : url:http://172.30.22.180:2230/spg/api/zsap/order
[2022-07-15 14:03:45,791] [log.py|__console] [line:37] INFO    : 请求方法:POST
[2022-07-15 14:03:45,793] [log.py|__console] [line:37] INFO    : 请求头:{"Content-Type": "application/json;charset=UTF-8", "systemChannel": "Mediation", "systemModule": "ZSAP", "authenToken": "17cd39a6c46c7995fa300cb8050d092a", "apiVersion": "1.0", "reqWho": "CSMS"}
[2022-07-15 14:03:45,795] [log.py|__console] [line:37] INFO    : 请求头:
[2022-07-15 14:03:45,796] [log.py|__console] [line:37] INFO    : 请求体:{"request":{"head":{"systemChannel":"Mediation","systemModule":"ZSAP","authenToken":"17cd39a6c46c7995fa300cb8050d092a","apiVersion":"1.0","requestId":"VodDY6w","reqWho":"CSMS"},"body":{"serviceNumberList":[{"serviceNumber":"DU-T7DA4xdnZ","type":"DU-MOTHER","action":"new"},{"serviceNumber":"DU-D9Ud93gyv","type":"DU-SON","action":"new"}],"circuitList":[{"type":"GPON","circuitName":"GP416478015","action":"new"}],"inventoryList":[{"name":"TESTH1","rlu":"46","equipmentType":"HG1","origFixedIPVLAN":"","origIPOEVLAN":"390","origPPPOEVLAN":"null","card":1,"port":7,"line":"U49H2-1-2-4","internetLIC":"null","potsLIC":"null","action":"new"}],"offerList":[{"offerId":52000105,"offerType":"PO","extendedDataList":[{"paramName":"Modem Model","paramValue":"20"},{"paramName":"Microfilter","paramValue":"null"},{"paramName":"PWD REFERENCE","paramValue":"bg0001"},{"paramName":"Fixed IP address","paramValue":"null"},{"paramName":"Device Voucher","paramValue":"null"},{"paramName":"Amount","paramValue":"300"},{"paramName":"DEPOSIT","paramValue":"2"},{"paramName":"Reason","paramValue":"null"}],"action":"new"}],"orderInfo":{"serviceOrderId":"41342002899","orderScenario":"NEW","diy":false,"ticketId":"","firstName":"nikofirstname","lastName":"nikolastname","companyName":"testcompany","remark":"testremark"}}}}
[2022-07-15 14:03:45,798] [log.py|__console] [line:37] INFO    : 请求体:
[2022-07-15 14:03:46,250] [log.py|__console] [line:37] INFO    : 响应码:200
[2022-07-15 14:03:46,252] [log.py|__console] [line:37] INFO    : 响应头:{'Server': 'nginx', 'Date': 'Fri, 15 Jul 2022 06:03:53 GMT', 'Content-Type': 'application/json;charset=UTF-8', 'Transfer-Encoding': 'chunked', 'Connection': 'keep-alive', 'X-Content-Type-Options': 'nosniff, nosniff', 'X-XSS-Protection': '1; mode=block, 1; mode=block', 'Cache-Control': 'no-cache, no-store, max-age=0, must-revalidate, no-cache, no-store', 'Pragma': 'no-cache', 'Expires': '0', 'Content-Security-Policy': "default-src 'self' object-src 'none' 'unsafe-inline' 'unsafe-eval' blob: data: ;", 'Strict-Transport-Security': 'max-age=31536000; includeSubDomains', 'X-Frame-Options': 'DENY', 'Content-Encoding': 'gzip'}
[2022-07-15 14:03:46,254] [log.py|__console] [line:37] INFO    : 响应头
[2022-07-15 14:03:46,256] [log.py|__console] [line:37] INFO    : 响应内容:{'response': {'body': {'message': 'API call successfully', 'status': '1001', 'error': None}, 'head': {'systemChannel': 'Mediation', 'systemModule': 'ZSAP', 'authenToken': '17cd39a6c46c7995fa300cb8050d092a', 'apiVersion': '1.0', 'requestId': 'VodDY6w', 'reqWho': 'CSMS'}}}
[2022-07-15 14:03:46,258] [log.py|__console] [line:37] INFO    : 响应内容
[2022-07-15 14:03:46,260] [log.py|__console] [line:37] INFO    : 断言模式:in
[2022-07-15 14:03:46,261] [log.py|__console] [line:37] INFO    : 断言内容:1001
[2022-07-15 14:03:46,263] [log.py|__console] [line:37] INFO    : 断言结果:通过
[2022-07-15 14:03:46,265] [log.py|__console] [line:37] INFO    : 断言模式:in
[2022-07-15 14:03:46,266] [log.py|__console] [line:37] INFO    : 断言内容:API call successfully
[2022-07-15 14:03:46,268] [log.py|__console] [line:37] INFO    : 断言结果:通过
[2022-07-15 14:03:46,269] [log.py|__console] [line:37] INFO    : 最终测试结果:通过
[2022-07-15 14:03:46,271] [log.py|__console] [line:37] INFO    : ==============================================end==============================================
