[2022-05-09 12:06:25,434] [log.py|__console] [line:43] ERROR   : Signature expired
[2022-05-09 12:08:21,983] [log.py|__console] [line:43] ERROR   : Signature expired
[2022-05-09 12:09:25,825] [log.py|__console] [line:43] ERROR   : Signature expired
[2022-05-09 12:09:36,379] [log.py|__console] [line:43] ERROR   : Signature expired
[2022-05-09 12:10:27,487] [log.py|__console] [line:43] ERROR   : Signature expired
[2022-05-09 12:10:35,306] [log.py|__console] [line:43] ERROR   : Signature expired
[2022-05-09 12:11:29,205] [log.py|__console] [line:43] ERROR   : No b'.' found in value
[2022-05-09 12:12:21,398] [log.py|__console] [line:43] ERROR   : No b'.' found in value
[2022-05-09 12:13:39,679] [log.py|__console] [line:43] ERROR   : 404 Not Found: The requested URL was not found on the server. If you entered the URL manually please check your spelling and try again.
[2022-05-09 12:20:29,221] [log.py|__console] [line:43] ERROR   : 'NoneType' object has no attribute 'file_name'
[2022-05-09 12:21:28,635] [log.py|__console] [line:43] ERROR   : Object of type AttributeError is not JSON serializable
[2022-05-09 12:22:40,590] [log.py|__console] [line:43] ERROR   : Object of type AttributeError is not JSON serializable
[2022-05-09 12:24:12,618] [log.py|__console] [line:43] ERROR   : Object of type AttributeError is not JSON serializable
[2022-05-09 12:24:44,381] [log.py|__console] [line:43] ERROR   : Object of type AttributeError is not JSON serializable
[2022-05-09 13:18:34,897] [log.py|__console] [line:43] ERROR   : Object of type AttributeError is not JSON serializable
[2022-05-09 13:19:16,773] [log.py|__console] [line:43] ERROR   : 'HTTP_AUTHORIZATION'
[2022-05-09 13:22:27,154] [log.py|__console] [line:43] ERROR   : 'HTTP_AUTHORIZATION'
[2022-05-09 13:36:33,242] [log.py|__console] [line:43] ERROR   : 'HTTP_AUTHORIZATION'
[2022-05-09 13:37:05,496] [log.py|__console] [line:43] ERROR   : Signature expired
[2022-05-09 13:41:33,806] [log.py|__console] [line:43] ERROR   : 'HTTP_AUTHORIZATION'
[2022-05-09 13:45:54,003] [log.py|__console] [line:43] ERROR   : Signature expired
[2022-05-09 13:45:54,049] [log.py|__console] [line:43] ERROR   : None
[2022-05-09 13:46:42,464] [log.py|__console] [line:43] ERROR   : 'HTTP_AUTHORIZATION'
[2022-05-09 13:46:50,267] [log.py|__console] [line:43] ERROR   : Object of type AttributeError is not JSON serializable
[2022-05-09 13:46:50,271] [log.py|__console] [line:43] ERROR   : None
[2022-05-09 13:47:02,865] [log.py|__console] [line:43] ERROR   : Signature expired
[2022-05-09 13:47:02,868] [log.py|__console] [line:43] ERROR   : None
[2022-05-09 13:47:11,372] [log.py|__console] [line:43] ERROR   : Signature expired
[2022-05-09 13:47:11,375] [log.py|__console] [line:43] ERROR   : None
[2022-05-09 13:47:43,501] [log.py|__console] [line:43] ERROR   : Signature expired
[2022-05-09 13:47:43,504] [log.py|__console] [line:43] ERROR   : None
[2022-05-09 13:48:10,854] [log.py|__console] [line:43] ERROR   : Signature expired
[2022-05-09 13:48:58,063] [log.py|__console] [line:43] ERROR   : Signature expired
[2022-05-09 13:49:48,227] [log.py|__console] [line:43] ERROR   : Signature expired
[2022-05-09 13:49:52,841] [log.py|__console] [line:43] ERROR   : 'NoneType' object has no attribute 'file_name'
[2022-05-09 13:49:52,844] [log.py|__console] [line:43] ERROR   : None
[2022-05-09 13:52:43,900] [log.py|__console] [line:43] ERROR   : 'NoneType' object has no attribute 'file_name'
[2022-05-09 13:52:43,904] [log.py|__console] [line:43] ERROR   : Traceback (most recent call last):
  File "D:\PycharmProjects\AutoTest_platform\lib\site-packages\flask\app.py", line 1950, in full_dispatch_request
    rv = self.dispatch_request()
  File "D:\PycharmProjects\AutoTest_platform\lib\site-packages\flask\app.py", line 1936, in dispatch_request
    return self.view_functions[rule.endpoint](**req.view_args)
  File "D:\PycharmProjects\AutoTest_platform\utils\tokenUtil.py", line 82, in wrapper
    return func(*args, **kw)
  File "D:\PycharmProjects\AutoTest_platform\views\submittedTests\submittedTestsManagementView.py", line 320, in delete_submittedTest
    if submittedTests1.file_name != None and submittedTests1.file_name != '':
AttributeError: 'NoneType' object has no attribute 'file_name'

[2022-05-09 13:53:48,936] [log.py|__console] [line:43] ERROR   : Traceback (most recent call last):
  File "D:\PycharmProjects\AutoTest_platform\lib\site-packages\flask\app.py", line 1950, in full_dispatch_request
    rv = self.dispatch_request()
  File "D:\PycharmProjects\AutoTest_platform\lib\site-packages\flask\app.py", line 1936, in dispatch_request
    return self.view_functions[rule.endpoint](**req.view_args)
  File "D:\PycharmProjects\AutoTest_platform\utils\tokenUtil.py", line 82, in wrapper
    return func(*args, **kw)
  File "D:\PycharmProjects\AutoTest_platform\views\submittedTests\submittedTestsManagementView.py", line 320, in delete_submittedTest
    if submittedTests1.file_name != None and submittedTests1.file_name != '':
AttributeError: 'NoneType' object has no attribute 'file_name'

[2022-05-09 13:55:17,351] [log.py|__console] [line:43] ERROR   : Traceback (most recent call last):
  File "D:\PycharmProjects\AutoTest_platform\utils\tokenUtil.py", line 45, in wrapper
    token = request.headers["Authorization"]
  File "D:\PycharmProjects\AutoTest_platform\lib\site-packages\werkzeug\datastructures.py", line 1463, in __getitem__
    return _unicodify_header_value(self.environ["HTTP_" + key])
KeyError: 'HTTP_AUTHORIZATION'

[2022-05-09 13:55:26,410] [log.py|__console] [line:43] ERROR   : Traceback (most recent call last):
  File "D:\PycharmProjects\AutoTest_platform\utils\tokenUtil.py", line 52, in wrapper
    user = s.loads(token)
  File "D:\PycharmProjects\AutoTest_platform\lib\site-packages\itsdangerous\jws.py", line 205, in loads
    date_signed=self.get_issue_date(header),
itsdangerous.exc.SignatureExpired: Signature expired

[2022-05-09 14:14:29,086] [log.py|__console] [line:43] ERROR   : NoneType: None

[2022-05-09 14:14:39,047] [log.py|__console] [line:43] ERROR   : NoneType: None

[2022-05-09 14:14:58,235] [log.py|__console] [line:43] ERROR   : NoneType: None

