[2022-02-07 09:18:09,990] [log.py|__console] [line:37] INFO    : whatsapp API
[2022-02-07 09:18:09,990] [log.py|write] [line:232] WARNING : [2022-02-07 09:18:09,990] [log.py|__console] [line:37] INFO    : whatsapp API
[2022-02-07 09:18:09,991] [log.py|__console] [line:37] INFO    : test
[2022-02-07 09:18:09,991] [log.py|write] [line:232] WARNING : [2022-02-07 09:18:09,991] [log.py|__console] [line:37] INFO    : test
[2022-02-07 09:18:09,991] [log.py|__console] [line:37] INFO    : 测试一下
[2022-02-07 09:18:09,992] [log.py|write] [line:232] WARNING : [2022-02-07 09:18:09,991] [log.py|__console] [line:37] INFO    : 测试一下
[2022-02-07 09:18:10,005] [log.py|__console] [line:37] INFO    : ==============================================start==============================================
[2022-02-07 09:18:10,006] [log.py|write] [line:232] WARNING : [2022-02-07 09:18:10,005] [log.py|__console] [line:37] INFO    : ==============================================start==============================================
[2022-02-07 09:18:10,007] [log.py|__console] [line:37] INFO    : 标题:测试一下
[2022-02-07 09:18:10,007] [log.py|write] [line:232] WARNING : [2022-02-07 09:18:10,007] [log.py|__console] [line:37] INFO    : 标题:测试一下
[2022-02-07 09:18:10,007] [log.py|__console] [line:37] INFO    : url:http://172.30.22.186:8003/eep_emg/whatsapp/message
[2022-02-07 09:18:10,008] [log.py|write] [line:232] WARNING : [2022-02-07 09:18:10,007] [log.py|__console] [line:37] INFO    : url:http://172.30.22.186:8003/eep_emg/whatsapp/message
[2022-02-07 09:18:10,008] [log.py|__console] [line:37] INFO    : 请求方法:POST
[2022-02-07 09:18:10,009] [log.py|write] [line:232] WARNING : [2022-02-07 09:18:10,008] [log.py|__console] [line:37] INFO    : 请求方法:POST
[2022-02-07 09:18:10,009] [log.py|__console] [line:37] INFO    : 请求头:{"Content-Type": "application/json;charset=UTF-8", "Authorization": "BasicY2l0aWMtd2EtdHJpYWw6Y2l0aWNAODkzNQ=="}
[2022-02-07 09:18:10,010] [log.py|write] [line:232] WARNING : [2022-02-07 09:18:10,009] [log.py|__console] [line:37] INFO    : 请求头:{"Content-Type": "application/json;charset=UTF-8", "Authorization": "BasicY2l0aWMtd2EtdHJpYWw6Y2l0aWNAODkzNQ=="}
[2022-02-07 09:18:10,070] [log.py|__console] [line:37] INFO    : 响应码:200
[2022-02-07 09:18:10,070] [log.py|write] [line:232] WARNING : [2022-02-07 09:18:10,070] [log.py|__console] [line:37] INFO    : 响应码:200
[2022-02-07 09:18:10,071] [log.py|__console] [line:37] INFO    : 响应头:{"Pragma": "no-cache", "Cache-Control": "no-cache", "Expires": "Wed, 31 Dec 1969 23:59:59 GMT", "Access-Control-Allow-Methods": "POST, GET, PUT, DELETE", "Access-Control-Allow-Headers": "UndoneCount, UnreadCount, language, appName, Authorization, Content-Type, Content-Disposition", "Access-Control-Allow-Credentials": "true", "Access-Control-Expose-Headers": "UndoneCount, UnreadCount, language, appName, Authorization, Content-Type, Content-Disposition", "X-Content-Type-Options": "nosniff", "X-XSS-Protection": "1; mode=block", "vary": "accept-encoding", "Content-Encoding": "gzip", "Content-Type": "application/json", "Transfer-Encoding": "chunked", "Date": "Mon, 07 Feb 2022 01:17:34 GMT", "Keep-Alive": "timeout=60", "Connection": "keep-alive"}
[2022-02-07 09:18:10,071] [log.py|write] [line:232] WARNING : [2022-02-07 09:18:10,071] [log.py|__console] [line:37] INFO    : 响应头:{"Pragma": "no-cache", "Cache-Control": "no-cache", "Expires": "Wed, 31 Dec 1969 23:59:59 GMT", "Access-Control-Allow-Methods": "POST, GET, PUT, DELETE", "Access-Control-Allow-Headers": "UndoneCount, UnreadCount, language, appName, Authorization, Content-Type, Content-Disposition", "Access-Control-Allow-Credentials": "true", "Access-Control-Expose-Headers": "UndoneCount, UnreadCount, language, appName, Authorization, Content-Type, Content-Disposition", "X-Content-Type-Options": "nosniff", "X-XSS-Protection": "1; mode=block", "vary": "accept-encoding", "Content-Encoding": "gzip", "Content-Type": "application/json", "Transfer-Encoding": "chunked", "Date": "Mon, 07 Feb 2022 01:17:34 GMT", "Keep-Alive": "timeout=60", "Connection": "keep-alive"}
[2022-02-07 09:18:10,071] [log.py|__console] [line:37] INFO    : 响应内容:{"data": null, "code": "08021000", "message": "Account Key not yet bind to WhatsApp API number "}
[2022-02-07 09:18:10,072] [log.py|write] [line:232] WARNING : [2022-02-07 09:18:10,071] [log.py|__console] [line:37] INFO    : 响应内容:{"data": null, "code": "08021000", "message": "Account Key not yet bind to WhatsApp API number "}
[2022-02-07 09:18:10,072] [log.py|__console] [line:37] INFO    : 断言替换环境变量
[2022-02-07 09:18:10,072] [log.py|write] [line:232] WARNING : [2022-02-07 09:18:10,072] [log.py|__console] [line:37] INFO    : 断言替换环境变量
[2022-02-07 09:18:10,079] [log.py|__console] [line:37] INFO    : 断言模式:in
[2022-02-07 09:18:10,080] [log.py|write] [line:232] WARNING : [2022-02-07 09:18:10,079] [log.py|__console] [line:37] INFO    : 断言模式:in
[2022-02-07 09:18:10,080] [log.py|__console] [line:37] INFO    : 断言内容:success1
[2022-02-07 09:18:10,081] [log.py|write] [line:232] WARNING : [2022-02-07 09:18:10,080] [log.py|__console] [line:37] INFO    : 断言内容:success1
[2022-02-07 09:18:10,081] [log.py|__console] [line:43] ERROR   : 断言结果:失败
[2022-02-07 09:18:10,082] [log.py|write] [line:232] WARNING : [2022-02-07 09:18:10,081] [log.py|__console] [line:43] ERROR   : 断言结果:失败
[2022-02-07 09:18:10,083] [log.py|__console] [line:37] INFO    : 断言模式:equal
[2022-02-07 09:18:10,083] [log.py|write] [line:232] WARNING : [2022-02-07 09:18:10,083] [log.py|__console] [line:37] INFO    : 断言模式:equal
[2022-02-07 09:18:10,083] [log.py|__console] [line:37] INFO    : 断言内容:success2
[2022-02-07 09:18:10,084] [log.py|write] [line:232] WARNING : [2022-02-07 09:18:10,083] [log.py|__console] [line:37] INFO    : 断言内容:success2
[2022-02-07 09:18:10,085] [log.py|__console] [line:43] ERROR   : 断言结果:失败
[2022-02-07 09:18:10,085] [log.py|write] [line:232] WARNING : [2022-02-07 09:18:10,085] [log.py|__console] [line:43] ERROR   : 断言结果:失败
[2022-02-07 09:18:10,085] [log.py|__console] [line:37] INFO    : 断言模式:not in
[2022-02-07 09:18:10,086] [log.py|write] [line:232] WARNING : [2022-02-07 09:18:10,085] [log.py|__console] [line:37] INFO    : 断言模式:not in
[2022-02-07 09:18:10,086] [log.py|__console] [line:37] INFO    : 断言内容:success3
[2022-02-07 09:18:10,086] [log.py|write] [line:232] WARNING : [2022-02-07 09:18:10,086] [log.py|__console] [line:37] INFO    : 断言内容:success3
[2022-02-07 09:18:10,087] [log.py|__console] [line:37] INFO    : 断言结果:通过
[2022-02-07 09:18:10,087] [log.py|write] [line:232] WARNING : [2022-02-07 09:18:10,087] [log.py|__console] [line:37] INFO    : 断言结果:通过
[2022-02-07 09:18:10,088] [log.py|__console] [line:37] INFO    : 断言模式:not equal
[2022-02-07 09:18:10,088] [log.py|write] [line:232] WARNING : [2022-02-07 09:18:10,088] [log.py|__console] [line:37] INFO    : 断言模式:not equal
[2022-02-07 09:18:10,088] [log.py|__console] [line:37] INFO    : 断言内容:test1
[2022-02-07 09:18:10,088] [log.py|write] [line:232] WARNING : [2022-02-07 09:18:10,088] [log.py|__console] [line:37] INFO    : 断言内容:test1
[2022-02-07 09:18:10,089] [log.py|__console] [line:37] INFO    : 断言结果:通过
[2022-02-07 09:18:10,089] [log.py|write] [line:232] WARNING : [2022-02-07 09:18:10,089] [log.py|__console] [line:37] INFO    : 断言结果:通过
[2022-02-07 09:18:10,090] [log.py|__console] [line:43] ERROR   : 最终测试结果:失败
[2022-02-07 09:18:10,090] [log.py|write] [line:232] WARNING : [2022-02-07 09:18:10,090] [log.py|__console] [line:43] ERROR   : 最终测试结果:失败
[2022-02-07 09:18:10,090] [log.py|__console] [line:37] INFO    : ==============================================end==============================================
[2022-02-07 09:18:10,090] [log.py|write] [line:232] WARNING : [2022-02-07 09:18:10,090] [log.py|__console] [line:37] INFO    : ==============================================end==============================================
[2022-02-07 09:18:10,198] [log.py|__console] [line:37] INFO    : whatsapp API
[2022-02-07 09:18:10,198] [log.py|write] [line:232] WARNING : [2022-02-07 09:18:10,198] [log.py|__console] [line:37] INFO    : whatsapp API
[2022-02-07 09:18:10,199] [log.py|__console] [line:37] INFO    : test
[2022-02-07 09:18:10,199] [log.py|write] [line:232] WARNING : [2022-02-07 09:18:10,199] [log.py|__console] [line:37] INFO    : test
[2022-02-07 09:18:10,201] [log.py|__console] [line:37] INFO    : tt
[2022-02-07 09:18:10,201] [log.py|write] [line:232] WARNING : [2022-02-07 09:18:10,201] [log.py|__console] [line:37] INFO    : tt
[2022-02-07 09:18:10,207] [log.py|__console] [line:37] INFO    : ==============================================start==============================================
[2022-02-07 09:18:10,207] [log.py|write] [line:232] WARNING : [2022-02-07 09:18:10,207] [log.py|__console] [line:37] INFO    : ==============================================start==============================================
[2022-02-07 09:18:10,207] [log.py|__console] [line:37] INFO    : 标题:tt
[2022-02-07 09:18:10,208] [log.py|write] [line:232] WARNING : [2022-02-07 09:18:10,207] [log.py|__console] [line:37] INFO    : 标题:tt
[2022-02-07 09:18:10,208] [log.py|__console] [line:37] INFO    : url:http://172.30.22.186:8003/eep_emg/whatsapp/message
[2022-02-07 09:18:10,208] [log.py|write] [line:232] WARNING : [2022-02-07 09:18:10,208] [log.py|__console] [line:37] INFO    : url:http://172.30.22.186:8003/eep_emg/whatsapp/message
[2022-02-07 09:18:10,209] [log.py|__console] [line:37] INFO    : 请求方法:POST
[2022-02-07 09:18:10,209] [log.py|write] [line:232] WARNING : [2022-02-07 09:18:10,209] [log.py|__console] [line:37] INFO    : 请求方法:POST
[2022-02-07 09:18:10,210] [log.py|__console] [line:37] INFO    : 请求头:
[2022-02-07 09:18:10,210] [log.py|write] [line:232] WARNING : [2022-02-07 09:18:10,210] [log.py|__console] [line:37] INFO    : 请求头:
[2022-02-07 09:18:10,211] [log.py|__console] [line:43] ERROR   : unknown encoding: 
[2022-02-07 09:18:10,211] [log.py|write] [line:232] WARNING : [2022-02-07 09:18:10,211] [log.py|__console] [line:43] ERROR   : unknown encoding: 
[2022-02-07 09:18:10,211] [log.py|__console] [line:43] ERROR   : unknown encoding: 
[2022-02-07 09:18:10,211] [log.py|write] [line:232] WARNING : [2022-02-07 09:18:10,211] [log.py|__console] [line:43] ERROR   : unknown encoding: 
[2022-02-07 09:18:10,212] [log.py|__console] [line:43] ERROR   : 获取响应失败，请检查
[2022-02-07 09:18:10,212] [log.py|write] [line:232] WARNING : [2022-02-07 09:18:10,212] [log.py|__console] [line:43] ERROR   : 获取响应失败，请检查
[2022-02-07 09:18:10,212] [log.py|__console] [line:43] ERROR   : 最终测试结果:失败
[2022-02-07 09:18:10,213] [log.py|write] [line:232] WARNING : [2022-02-07 09:18:10,212] [log.py|__console] [line:43] ERROR   : 最终测试结果:失败
[2022-02-07 09:18:10,213] [log.py|__console] [line:37] INFO    : ==============================================end==============================================
[2022-02-07 09:18:10,213] [log.py|write] [line:232] WARNING : [2022-02-07 09:18:10,213] [log.py|__console] [line:37] INFO    : ==============================================end==============================================
[2022-02-07 09:18:10,269] [log.py|__console] [line:37] INFO    : whatsapp API
[2022-02-07 09:18:10,269] [log.py|write] [line:232] WARNING : [2022-02-07 09:18:10,269] [log.py|__console] [line:37] INFO    : whatsapp API
[2022-02-07 09:18:10,269] [log.py|__console] [line:37] INFO    : test
[2022-02-07 09:18:10,269] [log.py|write] [line:232] WARNING : [2022-02-07 09:18:10,269] [log.py|__console] [line:37] INFO    : test
[2022-02-07 09:18:10,270] [log.py|__console] [line:37] INFO    : tt2
[2022-02-07 09:18:10,270] [log.py|write] [line:232] WARNING : [2022-02-07 09:18:10,270] [log.py|__console] [line:37] INFO    : tt2
[2022-02-07 09:18:10,274] [log.py|__console] [line:37] INFO    : ==============================================start==============================================
[2022-02-07 09:18:10,274] [log.py|write] [line:232] WARNING : [2022-02-07 09:18:10,274] [log.py|__console] [line:37] INFO    : ==============================================start==============================================
[2022-02-07 09:18:10,274] [log.py|__console] [line:37] INFO    : 标题:tt2
[2022-02-07 09:18:10,275] [log.py|write] [line:232] WARNING : [2022-02-07 09:18:10,274] [log.py|__console] [line:37] INFO    : 标题:tt2
[2022-02-07 09:18:10,275] [log.py|__console] [line:37] INFO    : url:http://172.30.22.186:8003/eep_emg/whatsapp/message
[2022-02-07 09:18:10,275] [log.py|write] [line:232] WARNING : [2022-02-07 09:18:10,275] [log.py|__console] [line:37] INFO    : url:http://172.30.22.186:8003/eep_emg/whatsapp/message
[2022-02-07 09:18:10,276] [log.py|__console] [line:37] INFO    : 请求方法:POST
[2022-02-07 09:18:10,276] [log.py|write] [line:232] WARNING : [2022-02-07 09:18:10,276] [log.py|__console] [line:37] INFO    : 请求方法:POST
[2022-02-07 09:18:10,276] [log.py|__console] [line:37] INFO    : 请求头:
[2022-02-07 09:18:10,276] [log.py|write] [line:232] WARNING : [2022-02-07 09:18:10,276] [log.py|__console] [line:37] INFO    : 请求头:
[2022-02-07 09:18:10,277] [log.py|__console] [line:43] ERROR   : unknown encoding: 
[2022-02-07 09:18:10,277] [log.py|write] [line:232] WARNING : [2022-02-07 09:18:10,277] [log.py|__console] [line:43] ERROR   : unknown encoding: 
[2022-02-07 09:18:10,277] [log.py|__console] [line:43] ERROR   : unknown encoding: 
[2022-02-07 09:18:10,278] [log.py|write] [line:232] WARNING : [2022-02-07 09:18:10,277] [log.py|__console] [line:43] ERROR   : unknown encoding: 
[2022-02-07 09:18:10,279] [log.py|__console] [line:43] ERROR   : 获取响应失败，请检查
[2022-02-07 09:18:10,280] [log.py|write] [line:232] WARNING : [2022-02-07 09:18:10,279] [log.py|__console] [line:43] ERROR   : 获取响应失败，请检查
[2022-02-07 09:18:10,281] [log.py|__console] [line:43] ERROR   : 最终测试结果:失败
[2022-02-07 09:18:10,281] [log.py|write] [line:232] WARNING : [2022-02-07 09:18:10,281] [log.py|__console] [line:43] ERROR   : 最终测试结果:失败
[2022-02-07 09:18:10,281] [log.py|__console] [line:37] INFO    : ==============================================end==============================================
[2022-02-07 09:18:10,282] [log.py|write] [line:232] WARNING : [2022-02-07 09:18:10,281] [log.py|__console] [line:37] INFO    : ==============================================end==============================================
[2022-02-07 09:18:41,567] [log.py|__console] [line:37] INFO    : ==============================================start==============================================
[2022-02-07 09:18:41,567] [log.py|__console] [line:37] INFO    : 标题:tt
[2022-02-07 09:18:41,567] [log.py|__console] [line:37] INFO    : url:http://172.30.22.186:8003/eep_emg/whatsapp/message
[2022-02-07 09:18:41,568] [log.py|__console] [line:37] INFO    : 请求方法:POST
[2022-02-07 09:18:41,568] [log.py|__console] [line:37] INFO    : 请求头:
[2022-02-07 09:18:41,586] [log.py|__console] [line:37] INFO    : 响应码:200
[2022-02-07 09:18:41,586] [log.py|__console] [line:37] INFO    : 响应头:{"Pragma": "no-cache", "Cache-Control": "no-cache", "Expires": "Wed, 31 Dec 1969 23:59:59 GMT", "Access-Control-Allow-Methods": "POST, GET, PUT, DELETE", "Access-Control-Allow-Headers": "UndoneCount, UnreadCount, language, appName, Authorization, Content-Type, Content-Disposition", "Access-Control-Allow-Credentials": "true", "Access-Control-Expose-Headers": "UndoneCount, UnreadCount, language, appName, Authorization, Content-Type, Content-Disposition", "X-Content-Type-Options": "nosniff", "X-XSS-Protection": "1; mode=block", "vary": "accept-encoding", "Content-Type": "application/json", "Transfer-Encoding": "chunked", "Date": "Mon, 07 Feb 2022 01:18:05 GMT"}
[2022-02-07 09:18:41,586] [log.py|__console] [line:37] INFO    : 响应内容:{"data": null, "code": "00000001", "message": "HttpMessageNotReadableException Error"}
[2022-02-07 09:18:41,587] [log.py|__console] [line:37] INFO    : 最终测试结果:通过
[2022-02-07 09:18:41,587] [log.py|__console] [line:37] INFO    : ==============================================end==============================================
[2022-02-07 09:22:08,098] [log.py|__console] [line:37] INFO    : whatsapp API
[2022-02-07 09:22:08,099] [log.py|write] [line:232] WARNING : [2022-02-07 09:22:08,098] [log.py|__console] [line:37] INFO    : whatsapp API
[2022-02-07 09:22:08,100] [log.py|__console] [line:37] INFO    : test
[2022-02-07 09:22:08,100] [log.py|write] [line:232] WARNING : [2022-02-07 09:22:08,100] [log.py|__console] [line:37] INFO    : test
[2022-02-07 09:22:08,101] [log.py|__console] [line:37] INFO    : 测试一下
[2022-02-07 09:22:08,101] [log.py|write] [line:232] WARNING : [2022-02-07 09:22:08,101] [log.py|__console] [line:37] INFO    : 测试一下
[2022-02-07 09:22:08,111] [log.py|__console] [line:37] INFO    : ==============================================start==============================================
[2022-02-07 09:22:08,111] [log.py|write] [line:232] WARNING : [2022-02-07 09:22:08,111] [log.py|__console] [line:37] INFO    : ==============================================start==============================================
[2022-02-07 09:22:08,112] [log.py|__console] [line:37] INFO    : 标题:测试一下
[2022-02-07 09:22:08,112] [log.py|write] [line:232] WARNING : [2022-02-07 09:22:08,112] [log.py|__console] [line:37] INFO    : 标题:测试一下
[2022-02-07 09:22:08,112] [log.py|__console] [line:37] INFO    : url:http://172.30.22.186:8003/eep_emg/whatsapp/message
[2022-02-07 09:22:08,113] [log.py|write] [line:232] WARNING : [2022-02-07 09:22:08,112] [log.py|__console] [line:37] INFO    : url:http://172.30.22.186:8003/eep_emg/whatsapp/message
[2022-02-07 09:22:08,113] [log.py|__console] [line:37] INFO    : 请求方法:POST
[2022-02-07 09:22:08,113] [log.py|write] [line:232] WARNING : [2022-02-07 09:22:08,113] [log.py|__console] [line:37] INFO    : 请求方法:POST
[2022-02-07 09:22:08,114] [log.py|__console] [line:37] INFO    : 请求头:{"Content-Type": "application/json;charset=UTF-8", "Authorization": "BasicY2l0aWMtd2EtdHJpYWw6Y2l0aWNAODkzNQ=="}
[2022-02-07 09:22:08,114] [log.py|write] [line:232] WARNING : [2022-02-07 09:22:08,114] [log.py|__console] [line:37] INFO    : 请求头:{"Content-Type": "application/json;charset=UTF-8", "Authorization": "BasicY2l0aWMtd2EtdHJpYWw6Y2l0aWNAODkzNQ=="}
[2022-02-07 09:22:08,115] [log.py|__console] [line:37] INFO    : test
[2022-02-07 09:22:08,115] [log.py|write] [line:232] WARNING : [2022-02-07 09:22:08,115] [log.py|__console] [line:37] INFO    : test
[2022-02-07 09:22:08,161] [log.py|__console] [line:37] INFO    : 响应码:200
[2022-02-07 09:22:08,162] [log.py|write] [line:232] WARNING : [2022-02-07 09:22:08,161] [log.py|__console] [line:37] INFO    : 响应码:200
[2022-02-07 09:22:08,163] [log.py|__console] [line:37] INFO    : 响应头:{"Pragma": "no-cache", "Cache-Control": "no-cache", "Expires": "Wed, 31 Dec 1969 23:59:59 GMT", "Access-Control-Allow-Methods": "POST, GET, PUT, DELETE", "Access-Control-Allow-Headers": "UndoneCount, UnreadCount, language, appName, Authorization, Content-Type, Content-Disposition", "Access-Control-Allow-Credentials": "true", "Access-Control-Expose-Headers": "UndoneCount, UnreadCount, language, appName, Authorization, Content-Type, Content-Disposition", "X-Content-Type-Options": "nosniff", "X-XSS-Protection": "1; mode=block", "vary": "accept-encoding", "Content-Encoding": "gzip", "Content-Type": "application/json", "Transfer-Encoding": "chunked", "Date": "Mon, 07 Feb 2022 01:21:32 GMT", "Keep-Alive": "timeout=60", "Connection": "keep-alive"}
[2022-02-07 09:22:08,164] [log.py|write] [line:232] WARNING : [2022-02-07 09:22:08,163] [log.py|__console] [line:37] INFO    : 响应头:{"Pragma": "no-cache", "Cache-Control": "no-cache", "Expires": "Wed, 31 Dec 1969 23:59:59 GMT", "Access-Control-Allow-Methods": "POST, GET, PUT, DELETE", "Access-Control-Allow-Headers": "UndoneCount, UnreadCount, language, appName, Authorization, Content-Type, Content-Disposition", "Access-Control-Allow-Credentials": "true", "Access-Control-Expose-Headers": "UndoneCount, UnreadCount, language, appName, Authorization, Content-Type, Content-Disposition", "X-Content-Type-Options": "nosniff", "X-XSS-Protection": "1; mode=block", "vary": "accept-encoding", "Content-Encoding": "gzip", "Content-Type": "application/json", "Transfer-Encoding": "chunked", "Date": "Mon, 07 Feb 2022 01:21:32 GMT", "Keep-Alive": "timeout=60", "Connection": "keep-alive"}
[2022-02-07 09:22:08,166] [log.py|__console] [line:37] INFO    : 响应内容:{"data": null, "code": "08021000", "message": "Account Key not yet bind to WhatsApp API number "}
[2022-02-07 09:22:08,166] [log.py|write] [line:232] WARNING : [2022-02-07 09:22:08,166] [log.py|__console] [line:37] INFO    : 响应内容:{"data": null, "code": "08021000", "message": "Account Key not yet bind to WhatsApp API number "}
[2022-02-07 09:22:08,167] [log.py|__console] [line:37] INFO    : 断言替换环境变量
[2022-02-07 09:22:08,168] [log.py|write] [line:232] WARNING : [2022-02-07 09:22:08,167] [log.py|__console] [line:37] INFO    : 断言替换环境变量
[2022-02-07 09:22:08,175] [log.py|__console] [line:37] INFO    : 断言模式:in
[2022-02-07 09:22:08,176] [log.py|write] [line:232] WARNING : [2022-02-07 09:22:08,175] [log.py|__console] [line:37] INFO    : 断言模式:in
[2022-02-07 09:22:08,176] [log.py|__console] [line:37] INFO    : 断言内容:success1
[2022-02-07 09:22:08,176] [log.py|write] [line:232] WARNING : [2022-02-07 09:22:08,176] [log.py|__console] [line:37] INFO    : 断言内容:success1
[2022-02-07 09:22:08,178] [log.py|__console] [line:43] ERROR   : 断言结果:失败
[2022-02-07 09:22:08,178] [log.py|write] [line:232] WARNING : [2022-02-07 09:22:08,178] [log.py|__console] [line:43] ERROR   : 断言结果:失败
[2022-02-07 09:22:08,178] [log.py|__console] [line:37] INFO    : 断言模式:equal
[2022-02-07 09:22:08,178] [log.py|write] [line:232] WARNING : [2022-02-07 09:22:08,178] [log.py|__console] [line:37] INFO    : 断言模式:equal
[2022-02-07 09:22:08,179] [log.py|__console] [line:37] INFO    : 断言内容:success2
[2022-02-07 09:22:08,179] [log.py|write] [line:232] WARNING : [2022-02-07 09:22:08,179] [log.py|__console] [line:37] INFO    : 断言内容:success2
[2022-02-07 09:22:08,179] [log.py|__console] [line:43] ERROR   : 断言结果:失败
[2022-02-07 09:22:08,180] [log.py|write] [line:232] WARNING : [2022-02-07 09:22:08,179] [log.py|__console] [line:43] ERROR   : 断言结果:失败
[2022-02-07 09:22:08,180] [log.py|__console] [line:37] INFO    : 断言模式:not in
[2022-02-07 09:22:08,180] [log.py|write] [line:232] WARNING : [2022-02-07 09:22:08,180] [log.py|__console] [line:37] INFO    : 断言模式:not in
[2022-02-07 09:22:08,181] [log.py|__console] [line:37] INFO    : 断言内容:success3
[2022-02-07 09:22:08,181] [log.py|write] [line:232] WARNING : [2022-02-07 09:22:08,181] [log.py|__console] [line:37] INFO    : 断言内容:success3
[2022-02-07 09:22:08,182] [log.py|__console] [line:37] INFO    : 断言结果:通过
[2022-02-07 09:22:08,182] [log.py|write] [line:232] WARNING : [2022-02-07 09:22:08,182] [log.py|__console] [line:37] INFO    : 断言结果:通过
[2022-02-07 09:22:08,182] [log.py|__console] [line:37] INFO    : 断言模式:not equal
[2022-02-07 09:22:08,182] [log.py|write] [line:232] WARNING : [2022-02-07 09:22:08,182] [log.py|__console] [line:37] INFO    : 断言模式:not equal
[2022-02-07 09:22:08,183] [log.py|__console] [line:37] INFO    : 断言内容:test1
[2022-02-07 09:22:08,183] [log.py|write] [line:232] WARNING : [2022-02-07 09:22:08,183] [log.py|__console] [line:37] INFO    : 断言内容:test1
[2022-02-07 09:22:08,184] [log.py|__console] [line:37] INFO    : 断言结果:通过
[2022-02-07 09:22:08,184] [log.py|write] [line:232] WARNING : [2022-02-07 09:22:08,184] [log.py|__console] [line:37] INFO    : 断言结果:通过
[2022-02-07 09:22:08,187] [log.py|__console] [line:43] ERROR   : 最终测试结果:失败
[2022-02-07 09:22:08,187] [log.py|write] [line:232] WARNING : [2022-02-07 09:22:08,187] [log.py|__console] [line:43] ERROR   : 最终测试结果:失败
[2022-02-07 09:22:08,188] [log.py|__console] [line:37] INFO    : ==============================================end==============================================
[2022-02-07 09:22:08,188] [log.py|write] [line:232] WARNING : [2022-02-07 09:22:08,188] [log.py|__console] [line:37] INFO    : ==============================================end==============================================
[2022-02-07 09:22:08,275] [log.py|__console] [line:37] INFO    : whatsapp API
[2022-02-07 09:22:08,275] [log.py|write] [line:232] WARNING : [2022-02-07 09:22:08,275] [log.py|__console] [line:37] INFO    : whatsapp API
[2022-02-07 09:22:08,275] [log.py|__console] [line:37] INFO    : test
[2022-02-07 09:22:08,276] [log.py|write] [line:232] WARNING : [2022-02-07 09:22:08,275] [log.py|__console] [line:37] INFO    : test
[2022-02-07 09:22:08,276] [log.py|__console] [line:37] INFO    : tt
[2022-02-07 09:22:08,276] [log.py|write] [line:232] WARNING : [2022-02-07 09:22:08,276] [log.py|__console] [line:37] INFO    : tt
[2022-02-07 09:22:08,281] [log.py|__console] [line:37] INFO    : ==============================================start==============================================
[2022-02-07 09:22:08,281] [log.py|write] [line:232] WARNING : [2022-02-07 09:22:08,281] [log.py|__console] [line:37] INFO    : ==============================================start==============================================
[2022-02-07 09:22:08,282] [log.py|__console] [line:37] INFO    : 标题:tt
[2022-02-07 09:22:08,282] [log.py|write] [line:232] WARNING : [2022-02-07 09:22:08,282] [log.py|__console] [line:37] INFO    : 标题:tt
[2022-02-07 09:22:08,283] [log.py|__console] [line:37] INFO    : url:http://172.30.22.186:8003/eep_emg/whatsapp/message
[2022-02-07 09:22:08,283] [log.py|write] [line:232] WARNING : [2022-02-07 09:22:08,283] [log.py|__console] [line:37] INFO    : url:http://172.30.22.186:8003/eep_emg/whatsapp/message
[2022-02-07 09:22:08,283] [log.py|__console] [line:37] INFO    : 请求方法:POST
[2022-02-07 09:22:08,283] [log.py|write] [line:232] WARNING : [2022-02-07 09:22:08,283] [log.py|__console] [line:37] INFO    : 请求方法:POST
[2022-02-07 09:22:08,284] [log.py|__console] [line:37] INFO    : 请求头:
[2022-02-07 09:22:08,284] [log.py|write] [line:232] WARNING : [2022-02-07 09:22:08,284] [log.py|__console] [line:37] INFO    : 请求头:
[2022-02-07 09:22:08,285] [log.py|__console] [line:37] INFO    : test
[2022-02-07 09:22:08,285] [log.py|write] [line:232] WARNING : [2022-02-07 09:22:08,285] [log.py|__console] [line:37] INFO    : test
[2022-02-07 09:22:08,287] [log.py|__console] [line:43] ERROR   : unknown encoding: 
[2022-02-07 09:22:08,288] [log.py|write] [line:232] WARNING : [2022-02-07 09:22:08,287] [log.py|__console] [line:43] ERROR   : unknown encoding: 
[2022-02-07 09:22:08,289] [log.py|__console] [line:43] ERROR   : unknown encoding: 
[2022-02-07 09:22:08,290] [log.py|write] [line:232] WARNING : [2022-02-07 09:22:08,289] [log.py|__console] [line:43] ERROR   : unknown encoding: 
[2022-02-07 09:22:08,290] [log.py|__console] [line:43] ERROR   : 获取响应失败，请检查
[2022-02-07 09:22:08,290] [log.py|write] [line:232] WARNING : [2022-02-07 09:22:08,290] [log.py|__console] [line:43] ERROR   : 获取响应失败，请检查
[2022-02-07 09:22:08,291] [log.py|__console] [line:43] ERROR   : 最终测试结果:失败
[2022-02-07 09:22:08,291] [log.py|write] [line:232] WARNING : [2022-02-07 09:22:08,291] [log.py|__console] [line:43] ERROR   : 最终测试结果:失败
[2022-02-07 09:22:08,291] [log.py|__console] [line:37] INFO    : ==============================================end==============================================
[2022-02-07 09:22:08,292] [log.py|write] [line:232] WARNING : [2022-02-07 09:22:08,291] [log.py|__console] [line:37] INFO    : ==============================================end==============================================
[2022-02-07 09:22:08,343] [log.py|__console] [line:37] INFO    : whatsapp API
[2022-02-07 09:22:08,343] [log.py|write] [line:232] WARNING : [2022-02-07 09:22:08,343] [log.py|__console] [line:37] INFO    : whatsapp API
[2022-02-07 09:22:08,344] [log.py|__console] [line:37] INFO    : test
[2022-02-07 09:22:08,344] [log.py|write] [line:232] WARNING : [2022-02-07 09:22:08,344] [log.py|__console] [line:37] INFO    : test
[2022-02-07 09:22:08,344] [log.py|__console] [line:37] INFO    : tt2
[2022-02-07 09:22:08,345] [log.py|write] [line:232] WARNING : [2022-02-07 09:22:08,344] [log.py|__console] [line:37] INFO    : tt2
[2022-02-07 09:22:08,350] [log.py|__console] [line:37] INFO    : ==============================================start==============================================
[2022-02-07 09:22:08,350] [log.py|write] [line:232] WARNING : [2022-02-07 09:22:08,350] [log.py|__console] [line:37] INFO    : ==============================================start==============================================
[2022-02-07 09:22:08,351] [log.py|__console] [line:37] INFO    : 标题:tt2
[2022-02-07 09:22:08,351] [log.py|write] [line:232] WARNING : [2022-02-07 09:22:08,351] [log.py|__console] [line:37] INFO    : 标题:tt2
[2022-02-07 09:22:08,351] [log.py|__console] [line:37] INFO    : url:http://172.30.22.186:8003/eep_emg/whatsapp/message
[2022-02-07 09:22:08,352] [log.py|write] [line:232] WARNING : [2022-02-07 09:22:08,351] [log.py|__console] [line:37] INFO    : url:http://172.30.22.186:8003/eep_emg/whatsapp/message
[2022-02-07 09:22:08,353] [log.py|__console] [line:37] INFO    : 请求方法:POST
[2022-02-07 09:22:08,353] [log.py|write] [line:232] WARNING : [2022-02-07 09:22:08,353] [log.py|__console] [line:37] INFO    : 请求方法:POST
[2022-02-07 09:22:08,355] [log.py|__console] [line:37] INFO    : 请求头:
[2022-02-07 09:22:08,355] [log.py|write] [line:232] WARNING : [2022-02-07 09:22:08,355] [log.py|__console] [line:37] INFO    : 请求头:
[2022-02-07 09:22:08,356] [log.py|__console] [line:37] INFO    : test
[2022-02-07 09:22:08,356] [log.py|write] [line:232] WARNING : [2022-02-07 09:22:08,356] [log.py|__console] [line:37] INFO    : test
[2022-02-07 09:22:08,356] [log.py|__console] [line:43] ERROR   : unknown encoding: 
[2022-02-07 09:22:08,357] [log.py|write] [line:232] WARNING : [2022-02-07 09:22:08,356] [log.py|__console] [line:43] ERROR   : unknown encoding: 
[2022-02-07 09:22:08,357] [log.py|__console] [line:43] ERROR   : unknown encoding: 
[2022-02-07 09:22:08,357] [log.py|write] [line:232] WARNING : [2022-02-07 09:22:08,357] [log.py|__console] [line:43] ERROR   : unknown encoding: 
[2022-02-07 09:22:08,358] [log.py|__console] [line:43] ERROR   : 获取响应失败，请检查
[2022-02-07 09:22:08,358] [log.py|write] [line:232] WARNING : [2022-02-07 09:22:08,358] [log.py|__console] [line:43] ERROR   : 获取响应失败，请检查
[2022-02-07 09:22:08,358] [log.py|__console] [line:43] ERROR   : 最终测试结果:失败
[2022-02-07 09:22:08,359] [log.py|write] [line:232] WARNING : [2022-02-07 09:22:08,358] [log.py|__console] [line:43] ERROR   : 最终测试结果:失败
[2022-02-07 09:22:08,359] [log.py|__console] [line:37] INFO    : ==============================================end==============================================
[2022-02-07 09:22:08,359] [log.py|write] [line:232] WARNING : [2022-02-07 09:22:08,359] [log.py|__console] [line:37] INFO    : ==============================================end==============================================
[2022-02-07 09:25:43,966] [log.py|__console] [line:37] INFO    : whatsapp API
[2022-02-07 09:25:43,967] [log.py|write] [line:232] WARNING : [2022-02-07 09:25:43,966] [log.py|__console] [line:37] INFO    : whatsapp API
[2022-02-07 09:25:43,968] [log.py|__console] [line:37] INFO    : test
[2022-02-07 09:25:43,969] [log.py|write] [line:232] WARNING : [2022-02-07 09:25:43,968] [log.py|__console] [line:37] INFO    : test
[2022-02-07 09:25:43,971] [log.py|__console] [line:37] INFO    : 测试一下
[2022-02-07 09:25:43,972] [log.py|write] [line:232] WARNING : [2022-02-07 09:25:43,971] [log.py|__console] [line:37] INFO    : 测试一下
[2022-02-07 09:25:43,979] [log.py|__console] [line:37] INFO    : ==============================================start==============================================
[2022-02-07 09:25:43,979] [log.py|write] [line:232] WARNING : [2022-02-07 09:25:43,979] [log.py|__console] [line:37] INFO    : ==============================================start==============================================
[2022-02-07 09:25:43,980] [log.py|__console] [line:37] INFO    : 标题:测试一下
[2022-02-07 09:25:43,980] [log.py|write] [line:232] WARNING : [2022-02-07 09:25:43,980] [log.py|__console] [line:37] INFO    : 标题:测试一下
[2022-02-07 09:25:43,981] [log.py|__console] [line:37] INFO    : url:http://172.30.22.186:8003/eep_emg/whatsapp/message
[2022-02-07 09:25:43,981] [log.py|write] [line:232] WARNING : [2022-02-07 09:25:43,981] [log.py|__console] [line:37] INFO    : url:http://172.30.22.186:8003/eep_emg/whatsapp/message
[2022-02-07 09:25:43,982] [log.py|__console] [line:37] INFO    : 请求方法:POST
[2022-02-07 09:25:43,982] [log.py|write] [line:232] WARNING : [2022-02-07 09:25:43,982] [log.py|__console] [line:37] INFO    : 请求方法:POST
[2022-02-07 09:25:43,982] [log.py|__console] [line:37] INFO    : 请求头:{"Content-Type": "application/json;charset=UTF-8", "Authorization": "BasicY2l0aWMtd2EtdHJpYWw6Y2l0aWNAODkzNQ=="}
[2022-02-07 09:25:43,983] [log.py|write] [line:232] WARNING : [2022-02-07 09:25:43,982] [log.py|__console] [line:37] INFO    : 请求头:{"Content-Type": "application/json;charset=UTF-8", "Authorization": "BasicY2l0aWMtd2EtdHJpYWw6Y2l0aWNAODkzNQ=="}
[2022-02-07 09:25:43,983] [log.py|__console] [line:37] INFO    : utf-8
[2022-02-07 09:25:43,984] [log.py|write] [line:232] WARNING : [2022-02-07 09:25:43,983] [log.py|__console] [line:37] INFO    : utf-8
[2022-02-07 09:25:43,984] [log.py|__console] [line:37] INFO    : <class 'str'>
[2022-02-07 09:25:43,984] [log.py|write] [line:232] WARNING : [2022-02-07 09:25:43,984] [log.py|__console] [line:37] INFO    : <class 'str'>
[2022-02-07 09:25:44,027] [log.py|__console] [line:37] INFO    : 响应码:200
[2022-02-07 09:25:44,027] [log.py|write] [line:232] WARNING : [2022-02-07 09:25:44,027] [log.py|__console] [line:37] INFO    : 响应码:200
[2022-02-07 09:25:44,028] [log.py|__console] [line:37] INFO    : 响应头:{"Pragma": "no-cache", "Cache-Control": "no-cache", "Expires": "Wed, 31 Dec 1969 23:59:59 GMT", "Access-Control-Allow-Methods": "POST, GET, PUT, DELETE", "Access-Control-Allow-Headers": "UndoneCount, UnreadCount, language, appName, Authorization, Content-Type, Content-Disposition", "Access-Control-Allow-Credentials": "true", "Access-Control-Expose-Headers": "UndoneCount, UnreadCount, language, appName, Authorization, Content-Type, Content-Disposition", "X-Content-Type-Options": "nosniff", "X-XSS-Protection": "1; mode=block", "vary": "accept-encoding", "Content-Encoding": "gzip", "Content-Type": "application/json", "Transfer-Encoding": "chunked", "Date": "Mon, 07 Feb 2022 01:25:07 GMT", "Keep-Alive": "timeout=60", "Connection": "keep-alive"}
[2022-02-07 09:25:44,028] [log.py|write] [line:232] WARNING : [2022-02-07 09:25:44,028] [log.py|__console] [line:37] INFO    : 响应头:{"Pragma": "no-cache", "Cache-Control": "no-cache", "Expires": "Wed, 31 Dec 1969 23:59:59 GMT", "Access-Control-Allow-Methods": "POST, GET, PUT, DELETE", "Access-Control-Allow-Headers": "UndoneCount, UnreadCount, language, appName, Authorization, Content-Type, Content-Disposition", "Access-Control-Allow-Credentials": "true", "Access-Control-Expose-Headers": "UndoneCount, UnreadCount, language, appName, Authorization, Content-Type, Content-Disposition", "X-Content-Type-Options": "nosniff", "X-XSS-Protection": "1; mode=block", "vary": "accept-encoding", "Content-Encoding": "gzip", "Content-Type": "application/json", "Transfer-Encoding": "chunked", "Date": "Mon, 07 Feb 2022 01:25:07 GMT", "Keep-Alive": "timeout=60", "Connection": "keep-alive"}
[2022-02-07 09:25:44,029] [log.py|__console] [line:37] INFO    : 响应内容:{"data": null, "code": "08021000", "message": "Account Key not yet bind to WhatsApp API number "}
[2022-02-07 09:25:44,029] [log.py|write] [line:232] WARNING : [2022-02-07 09:25:44,029] [log.py|__console] [line:37] INFO    : 响应内容:{"data": null, "code": "08021000", "message": "Account Key not yet bind to WhatsApp API number "}
[2022-02-07 09:25:44,030] [log.py|__console] [line:37] INFO    : 断言替换环境变量
[2022-02-07 09:25:44,030] [log.py|write] [line:232] WARNING : [2022-02-07 09:25:44,030] [log.py|__console] [line:37] INFO    : 断言替换环境变量
[2022-02-07 09:25:44,034] [log.py|__console] [line:37] INFO    : 断言模式:in
[2022-02-07 09:25:44,034] [log.py|write] [line:232] WARNING : [2022-02-07 09:25:44,034] [log.py|__console] [line:37] INFO    : 断言模式:in
[2022-02-07 09:25:44,036] [log.py|__console] [line:37] INFO    : 断言内容:success1
[2022-02-07 09:25:44,036] [log.py|write] [line:232] WARNING : [2022-02-07 09:25:44,036] [log.py|__console] [line:37] INFO    : 断言内容:success1
[2022-02-07 09:25:44,038] [log.py|__console] [line:43] ERROR   : 断言结果:失败
[2022-02-07 09:25:44,039] [log.py|write] [line:232] WARNING : [2022-02-07 09:25:44,038] [log.py|__console] [line:43] ERROR   : 断言结果:失败
[2022-02-07 09:25:44,039] [log.py|__console] [line:37] INFO    : 断言模式:equal
[2022-02-07 09:25:44,039] [log.py|write] [line:232] WARNING : [2022-02-07 09:25:44,039] [log.py|__console] [line:37] INFO    : 断言模式:equal
[2022-02-07 09:25:44,040] [log.py|__console] [line:37] INFO    : 断言内容:success2
[2022-02-07 09:25:44,040] [log.py|write] [line:232] WARNING : [2022-02-07 09:25:44,040] [log.py|__console] [line:37] INFO    : 断言内容:success2
[2022-02-07 09:25:44,041] [log.py|__console] [line:43] ERROR   : 断言结果:失败
[2022-02-07 09:25:44,041] [log.py|write] [line:232] WARNING : [2022-02-07 09:25:44,041] [log.py|__console] [line:43] ERROR   : 断言结果:失败
[2022-02-07 09:25:44,041] [log.py|__console] [line:37] INFO    : 断言模式:not in
[2022-02-07 09:25:44,042] [log.py|write] [line:232] WARNING : [2022-02-07 09:25:44,041] [log.py|__console] [line:37] INFO    : 断言模式:not in
[2022-02-07 09:25:44,042] [log.py|__console] [line:37] INFO    : 断言内容:success3
[2022-02-07 09:25:44,042] [log.py|write] [line:232] WARNING : [2022-02-07 09:25:44,042] [log.py|__console] [line:37] INFO    : 断言内容:success3
[2022-02-07 09:25:44,043] [log.py|__console] [line:37] INFO    : 断言结果:通过
[2022-02-07 09:25:44,043] [log.py|write] [line:232] WARNING : [2022-02-07 09:25:44,043] [log.py|__console] [line:37] INFO    : 断言结果:通过
[2022-02-07 09:25:44,043] [log.py|__console] [line:37] INFO    : 断言模式:not equal
[2022-02-07 09:25:44,044] [log.py|write] [line:232] WARNING : [2022-02-07 09:25:44,043] [log.py|__console] [line:37] INFO    : 断言模式:not equal
[2022-02-07 09:25:44,044] [log.py|__console] [line:37] INFO    : 断言内容:test1
[2022-02-07 09:25:44,045] [log.py|write] [line:232] WARNING : [2022-02-07 09:25:44,044] [log.py|__console] [line:37] INFO    : 断言内容:test1
[2022-02-07 09:25:44,045] [log.py|__console] [line:37] INFO    : 断言结果:通过
[2022-02-07 09:25:44,045] [log.py|write] [line:232] WARNING : [2022-02-07 09:25:44,045] [log.py|__console] [line:37] INFO    : 断言结果:通过
[2022-02-07 09:25:44,046] [log.py|__console] [line:43] ERROR   : 最终测试结果:失败
[2022-02-07 09:25:44,046] [log.py|write] [line:232] WARNING : [2022-02-07 09:25:44,046] [log.py|__console] [line:43] ERROR   : 最终测试结果:失败
[2022-02-07 09:25:44,046] [log.py|__console] [line:37] INFO    : ==============================================end==============================================
[2022-02-07 09:25:44,047] [log.py|write] [line:232] WARNING : [2022-02-07 09:25:44,046] [log.py|__console] [line:37] INFO    : ==============================================end==============================================
[2022-02-07 09:25:44,123] [log.py|__console] [line:37] INFO    : whatsapp API
[2022-02-07 09:25:44,124] [log.py|write] [line:232] WARNING : [2022-02-07 09:25:44,123] [log.py|__console] [line:37] INFO    : whatsapp API
[2022-02-07 09:25:44,124] [log.py|__console] [line:37] INFO    : test
[2022-02-07 09:25:44,124] [log.py|write] [line:232] WARNING : [2022-02-07 09:25:44,124] [log.py|__console] [line:37] INFO    : test
[2022-02-07 09:25:44,125] [log.py|__console] [line:37] INFO    : tt
[2022-02-07 09:25:44,125] [log.py|write] [line:232] WARNING : [2022-02-07 09:25:44,125] [log.py|__console] [line:37] INFO    : tt
[2022-02-07 09:25:44,131] [log.py|__console] [line:37] INFO    : ==============================================start==============================================
[2022-02-07 09:25:44,131] [log.py|write] [line:232] WARNING : [2022-02-07 09:25:44,131] [log.py|__console] [line:37] INFO    : ==============================================start==============================================
[2022-02-07 09:25:44,131] [log.py|__console] [line:37] INFO    : 标题:tt
[2022-02-07 09:25:44,131] [log.py|write] [line:232] WARNING : [2022-02-07 09:25:44,131] [log.py|__console] [line:37] INFO    : 标题:tt
[2022-02-07 09:25:44,132] [log.py|__console] [line:37] INFO    : url:http://172.30.22.186:8003/eep_emg/whatsapp/message
[2022-02-07 09:25:44,132] [log.py|write] [line:232] WARNING : [2022-02-07 09:25:44,132] [log.py|__console] [line:37] INFO    : url:http://172.30.22.186:8003/eep_emg/whatsapp/message
[2022-02-07 09:25:44,132] [log.py|__console] [line:37] INFO    : 请求方法:POST
[2022-02-07 09:25:44,132] [log.py|write] [line:232] WARNING : [2022-02-07 09:25:44,132] [log.py|__console] [line:37] INFO    : 请求方法:POST
[2022-02-07 09:25:44,133] [log.py|__console] [line:37] INFO    : 请求头:
[2022-02-07 09:25:44,133] [log.py|write] [line:232] WARNING : [2022-02-07 09:25:44,133] [log.py|__console] [line:37] INFO    : 请求头:
[2022-02-07 09:25:44,134] [log.py|__console] [line:37] INFO    : 
[2022-02-07 09:25:44,134] [log.py|write] [line:232] WARNING : [2022-02-07 09:25:44,134] [log.py|__console] [line:37] INFO    : 
[2022-02-07 09:25:44,135] [log.py|__console] [line:37] INFO    : <class 'str'>
[2022-02-07 09:25:44,136] [log.py|write] [line:232] WARNING : [2022-02-07 09:25:44,135] [log.py|__console] [line:37] INFO    : <class 'str'>
[2022-02-07 09:25:44,136] [log.py|__console] [line:43] ERROR   : unknown encoding: 
[2022-02-07 09:25:44,136] [log.py|write] [line:232] WARNING : [2022-02-07 09:25:44,136] [log.py|__console] [line:43] ERROR   : unknown encoding: 
[2022-02-07 09:25:44,137] [log.py|__console] [line:43] ERROR   : unknown encoding: 
[2022-02-07 09:25:44,138] [log.py|write] [line:232] WARNING : [2022-02-07 09:25:44,137] [log.py|__console] [line:43] ERROR   : unknown encoding: 
[2022-02-07 09:25:44,139] [log.py|__console] [line:43] ERROR   : 获取响应失败，请检查
[2022-02-07 09:25:44,139] [log.py|write] [line:232] WARNING : [2022-02-07 09:25:44,139] [log.py|__console] [line:43] ERROR   : 获取响应失败，请检查
[2022-02-07 09:25:44,140] [log.py|__console] [line:43] ERROR   : 最终测试结果:失败
[2022-02-07 09:25:44,140] [log.py|write] [line:232] WARNING : [2022-02-07 09:25:44,140] [log.py|__console] [line:43] ERROR   : 最终测试结果:失败
[2022-02-07 09:25:44,140] [log.py|__console] [line:37] INFO    : ==============================================end==============================================
[2022-02-07 09:25:44,140] [log.py|write] [line:232] WARNING : [2022-02-07 09:25:44,140] [log.py|__console] [line:37] INFO    : ==============================================end==============================================
[2022-02-07 09:25:44,230] [log.py|__console] [line:37] INFO    : whatsapp API
[2022-02-07 09:25:44,231] [log.py|write] [line:232] WARNING : [2022-02-07 09:25:44,230] [log.py|__console] [line:37] INFO    : whatsapp API
[2022-02-07 09:25:44,235] [log.py|__console] [line:37] INFO    : test
[2022-02-07 09:25:44,235] [log.py|write] [line:232] WARNING : [2022-02-07 09:25:44,235] [log.py|__console] [line:37] INFO    : test
[2022-02-07 09:25:44,237] [log.py|__console] [line:37] INFO    : tt2
[2022-02-07 09:25:44,237] [log.py|write] [line:232] WARNING : [2022-02-07 09:25:44,237] [log.py|__console] [line:37] INFO    : tt2
[2022-02-07 09:25:44,245] [log.py|__console] [line:37] INFO    : ==============================================start==============================================
[2022-02-07 09:25:44,245] [log.py|write] [line:232] WARNING : [2022-02-07 09:25:44,245] [log.py|__console] [line:37] INFO    : ==============================================start==============================================
[2022-02-07 09:25:44,246] [log.py|__console] [line:37] INFO    : 标题:tt2
[2022-02-07 09:25:44,246] [log.py|write] [line:232] WARNING : [2022-02-07 09:25:44,246] [log.py|__console] [line:37] INFO    : 标题:tt2
[2022-02-07 09:25:44,247] [log.py|__console] [line:37] INFO    : url:http://172.30.22.186:8003/eep_emg/whatsapp/message
[2022-02-07 09:25:44,248] [log.py|write] [line:232] WARNING : [2022-02-07 09:25:44,247] [log.py|__console] [line:37] INFO    : url:http://172.30.22.186:8003/eep_emg/whatsapp/message
[2022-02-07 09:25:44,253] [log.py|__console] [line:37] INFO    : 请求方法:POST
[2022-02-07 09:25:44,253] [log.py|write] [line:232] WARNING : [2022-02-07 09:25:44,253] [log.py|__console] [line:37] INFO    : 请求方法:POST
[2022-02-07 09:25:44,254] [log.py|__console] [line:37] INFO    : 请求头:
[2022-02-07 09:25:44,254] [log.py|write] [line:232] WARNING : [2022-02-07 09:25:44,254] [log.py|__console] [line:37] INFO    : 请求头:
[2022-02-07 09:25:44,254] [log.py|__console] [line:37] INFO    : 
[2022-02-07 09:25:44,254] [log.py|write] [line:232] WARNING : [2022-02-07 09:25:44,254] [log.py|__console] [line:37] INFO    : 
[2022-02-07 09:25:44,255] [log.py|__console] [line:37] INFO    : <class 'str'>
[2022-02-07 09:25:44,255] [log.py|write] [line:232] WARNING : [2022-02-07 09:25:44,255] [log.py|__console] [line:37] INFO    : <class 'str'>
[2022-02-07 09:25:44,255] [log.py|__console] [line:43] ERROR   : unknown encoding: 
[2022-02-07 09:25:44,256] [log.py|write] [line:232] WARNING : [2022-02-07 09:25:44,255] [log.py|__console] [line:43] ERROR   : unknown encoding: 
[2022-02-07 09:25:44,256] [log.py|__console] [line:43] ERROR   : unknown encoding: 
[2022-02-07 09:25:44,256] [log.py|write] [line:232] WARNING : [2022-02-07 09:25:44,256] [log.py|__console] [line:43] ERROR   : unknown encoding: 
[2022-02-07 09:25:44,257] [log.py|__console] [line:43] ERROR   : 获取响应失败，请检查
[2022-02-07 09:25:44,257] [log.py|write] [line:232] WARNING : [2022-02-07 09:25:44,257] [log.py|__console] [line:43] ERROR   : 获取响应失败，请检查
[2022-02-07 09:25:44,257] [log.py|__console] [line:43] ERROR   : 最终测试结果:失败
[2022-02-07 09:25:44,257] [log.py|write] [line:232] WARNING : [2022-02-07 09:25:44,257] [log.py|__console] [line:43] ERROR   : 最终测试结果:失败
[2022-02-07 09:25:44,258] [log.py|__console] [line:37] INFO    : ==============================================end==============================================
[2022-02-07 09:25:44,258] [log.py|write] [line:232] WARNING : [2022-02-07 09:25:44,258] [log.py|__console] [line:37] INFO    : ==============================================end==============================================
[2022-02-07 09:27:05,788] [log.py|__console] [line:37] INFO    : whatsapp API
[2022-02-07 09:27:05,788] [log.py|write] [line:232] WARNING : [2022-02-07 09:27:05,788] [log.py|__console] [line:37] INFO    : whatsapp API
[2022-02-07 09:27:05,788] [log.py|__console] [line:37] INFO    : test
[2022-02-07 09:27:05,789] [log.py|write] [line:232] WARNING : [2022-02-07 09:27:05,788] [log.py|__console] [line:37] INFO    : test
[2022-02-07 09:27:05,789] [log.py|__console] [line:37] INFO    : 测试一下
[2022-02-07 09:27:05,789] [log.py|write] [line:232] WARNING : [2022-02-07 09:27:05,789] [log.py|__console] [line:37] INFO    : 测试一下
[2022-02-07 09:27:05,794] [log.py|__console] [line:37] INFO    : ==============================================start==============================================
[2022-02-07 09:27:05,794] [log.py|write] [line:232] WARNING : [2022-02-07 09:27:05,794] [log.py|__console] [line:37] INFO    : ==============================================start==============================================
[2022-02-07 09:27:05,795] [log.py|__console] [line:37] INFO    : 标题:测试一下
[2022-02-07 09:27:05,795] [log.py|write] [line:232] WARNING : [2022-02-07 09:27:05,795] [log.py|__console] [line:37] INFO    : 标题:测试一下
[2022-02-07 09:27:05,796] [log.py|__console] [line:37] INFO    : url:http://172.30.22.186:8003/eep_emg/whatsapp/message
[2022-02-07 09:27:05,796] [log.py|write] [line:232] WARNING : [2022-02-07 09:27:05,796] [log.py|__console] [line:37] INFO    : url:http://172.30.22.186:8003/eep_emg/whatsapp/message
[2022-02-07 09:27:05,796] [log.py|__console] [line:37] INFO    : 请求方法:POST
[2022-02-07 09:27:05,797] [log.py|write] [line:232] WARNING : [2022-02-07 09:27:05,796] [log.py|__console] [line:37] INFO    : 请求方法:POST
[2022-02-07 09:27:05,797] [log.py|__console] [line:37] INFO    : 请求头:{"Content-Type": "application/json;charset=UTF-8", "Authorization": "BasicY2l0aWMtd2EtdHJpYWw6Y2l0aWNAODkzNQ=="}
[2022-02-07 09:27:05,797] [log.py|write] [line:232] WARNING : [2022-02-07 09:27:05,797] [log.py|__console] [line:37] INFO    : 请求头:{"Content-Type": "application/json;charset=UTF-8", "Authorization": "BasicY2l0aWMtd2EtdHJpYWw6Y2l0aWNAODkzNQ=="}
[2022-02-07 09:27:05,798] [log.py|__console] [line:37] INFO    : utf-8
[2022-02-07 09:27:05,798] [log.py|write] [line:232] WARNING : [2022-02-07 09:27:05,798] [log.py|__console] [line:37] INFO    : utf-8
[2022-02-07 09:27:05,799] [log.py|__console] [line:37] INFO    : <class 'str'>
[2022-02-07 09:27:05,799] [log.py|write] [line:232] WARNING : [2022-02-07 09:27:05,799] [log.py|__console] [line:37] INFO    : <class 'str'>
[2022-02-07 09:27:05,843] [log.py|__console] [line:37] INFO    : 响应码:200
[2022-02-07 09:27:05,843] [log.py|write] [line:232] WARNING : [2022-02-07 09:27:05,843] [log.py|__console] [line:37] INFO    : 响应码:200
[2022-02-07 09:27:05,844] [log.py|__console] [line:37] INFO    : 响应头:{"Pragma": "no-cache", "Cache-Control": "no-cache", "Expires": "Wed, 31 Dec 1969 23:59:59 GMT", "Access-Control-Allow-Methods": "POST, GET, PUT, DELETE", "Access-Control-Allow-Headers": "UndoneCount, UnreadCount, language, appName, Authorization, Content-Type, Content-Disposition", "Access-Control-Allow-Credentials": "true", "Access-Control-Expose-Headers": "UndoneCount, UnreadCount, language, appName, Authorization, Content-Type, Content-Disposition", "X-Content-Type-Options": "nosniff", "X-XSS-Protection": "1; mode=block", "vary": "accept-encoding", "Content-Encoding": "gzip", "Content-Type": "application/json", "Transfer-Encoding": "chunked", "Date": "Mon, 07 Feb 2022 01:26:29 GMT", "Keep-Alive": "timeout=60", "Connection": "keep-alive"}
[2022-02-07 09:27:05,844] [log.py|write] [line:232] WARNING : [2022-02-07 09:27:05,844] [log.py|__console] [line:37] INFO    : 响应头:{"Pragma": "no-cache", "Cache-Control": "no-cache", "Expires": "Wed, 31 Dec 1969 23:59:59 GMT", "Access-Control-Allow-Methods": "POST, GET, PUT, DELETE", "Access-Control-Allow-Headers": "UndoneCount, UnreadCount, language, appName, Authorization, Content-Type, Content-Disposition", "Access-Control-Allow-Credentials": "true", "Access-Control-Expose-Headers": "UndoneCount, UnreadCount, language, appName, Authorization, Content-Type, Content-Disposition", "X-Content-Type-Options": "nosniff", "X-XSS-Protection": "1; mode=block", "vary": "accept-encoding", "Content-Encoding": "gzip", "Content-Type": "application/json", "Transfer-Encoding": "chunked", "Date": "Mon, 07 Feb 2022 01:26:29 GMT", "Keep-Alive": "timeout=60", "Connection": "keep-alive"}
[2022-02-07 09:27:05,845] [log.py|__console] [line:37] INFO    : 响应内容:{"data": null, "code": "08021000", "message": "Account Key not yet bind to WhatsApp API number "}
[2022-02-07 09:27:05,845] [log.py|write] [line:232] WARNING : [2022-02-07 09:27:05,845] [log.py|__console] [line:37] INFO    : 响应内容:{"data": null, "code": "08021000", "message": "Account Key not yet bind to WhatsApp API number "}
[2022-02-07 09:27:05,846] [log.py|__console] [line:37] INFO    : 断言替换环境变量
[2022-02-07 09:27:05,846] [log.py|write] [line:232] WARNING : [2022-02-07 09:27:05,846] [log.py|__console] [line:37] INFO    : 断言替换环境变量
[2022-02-07 09:27:05,848] [log.py|__console] [line:37] INFO    : 断言模式:in
[2022-02-07 09:27:05,849] [log.py|write] [line:232] WARNING : [2022-02-07 09:27:05,848] [log.py|__console] [line:37] INFO    : 断言模式:in
[2022-02-07 09:27:05,850] [log.py|__console] [line:37] INFO    : 断言内容:success1
[2022-02-07 09:27:05,850] [log.py|write] [line:232] WARNING : [2022-02-07 09:27:05,850] [log.py|__console] [line:37] INFO    : 断言内容:success1
[2022-02-07 09:27:05,851] [log.py|__console] [line:43] ERROR   : 断言结果:失败
[2022-02-07 09:27:05,851] [log.py|write] [line:232] WARNING : [2022-02-07 09:27:05,851] [log.py|__console] [line:43] ERROR   : 断言结果:失败
[2022-02-07 09:27:05,852] [log.py|__console] [line:37] INFO    : 断言模式:equal
[2022-02-07 09:27:05,852] [log.py|write] [line:232] WARNING : [2022-02-07 09:27:05,852] [log.py|__console] [line:37] INFO    : 断言模式:equal
[2022-02-07 09:27:05,852] [log.py|__console] [line:37] INFO    : 断言内容:success2
[2022-02-07 09:27:05,853] [log.py|write] [line:232] WARNING : [2022-02-07 09:27:05,852] [log.py|__console] [line:37] INFO    : 断言内容:success2
[2022-02-07 09:27:05,853] [log.py|__console] [line:43] ERROR   : 断言结果:失败
[2022-02-07 09:27:05,853] [log.py|write] [line:232] WARNING : [2022-02-07 09:27:05,853] [log.py|__console] [line:43] ERROR   : 断言结果:失败
[2022-02-07 09:27:05,854] [log.py|__console] [line:37] INFO    : 断言模式:not in
[2022-02-07 09:27:05,854] [log.py|write] [line:232] WARNING : [2022-02-07 09:27:05,854] [log.py|__console] [line:37] INFO    : 断言模式:not in
[2022-02-07 09:27:05,855] [log.py|__console] [line:37] INFO    : 断言内容:success3
[2022-02-07 09:27:05,855] [log.py|write] [line:232] WARNING : [2022-02-07 09:27:05,855] [log.py|__console] [line:37] INFO    : 断言内容:success3
[2022-02-07 09:27:05,856] [log.py|__console] [line:37] INFO    : 断言结果:通过
[2022-02-07 09:27:05,856] [log.py|write] [line:232] WARNING : [2022-02-07 09:27:05,856] [log.py|__console] [line:37] INFO    : 断言结果:通过
[2022-02-07 09:27:05,856] [log.py|__console] [line:37] INFO    : 断言模式:not equal
[2022-02-07 09:27:05,856] [log.py|write] [line:232] WARNING : [2022-02-07 09:27:05,856] [log.py|__console] [line:37] INFO    : 断言模式:not equal
[2022-02-07 09:27:05,857] [log.py|__console] [line:37] INFO    : 断言内容:test1
[2022-02-07 09:27:05,857] [log.py|write] [line:232] WARNING : [2022-02-07 09:27:05,857] [log.py|__console] [line:37] INFO    : 断言内容:test1
[2022-02-07 09:27:05,858] [log.py|__console] [line:37] INFO    : 断言结果:通过
[2022-02-07 09:27:05,858] [log.py|write] [line:232] WARNING : [2022-02-07 09:27:05,858] [log.py|__console] [line:37] INFO    : 断言结果:通过
[2022-02-07 09:27:05,858] [log.py|__console] [line:43] ERROR   : 最终测试结果:失败
[2022-02-07 09:27:05,858] [log.py|write] [line:232] WARNING : [2022-02-07 09:27:05,858] [log.py|__console] [line:43] ERROR   : 最终测试结果:失败
[2022-02-07 09:27:05,859] [log.py|__console] [line:37] INFO    : ==============================================end==============================================
[2022-02-07 09:27:05,859] [log.py|write] [line:232] WARNING : [2022-02-07 09:27:05,859] [log.py|__console] [line:37] INFO    : ==============================================end==============================================
[2022-02-07 09:27:05,923] [log.py|__console] [line:37] INFO    : whatsapp API
[2022-02-07 09:27:05,924] [log.py|write] [line:232] WARNING : [2022-02-07 09:27:05,923] [log.py|__console] [line:37] INFO    : whatsapp API
[2022-02-07 09:27:05,924] [log.py|__console] [line:37] INFO    : test
[2022-02-07 09:27:05,924] [log.py|write] [line:232] WARNING : [2022-02-07 09:27:05,924] [log.py|__console] [line:37] INFO    : test
[2022-02-07 09:27:05,925] [log.py|__console] [line:37] INFO    : tt
[2022-02-07 09:27:05,925] [log.py|write] [line:232] WARNING : [2022-02-07 09:27:05,925] [log.py|__console] [line:37] INFO    : tt
[2022-02-07 09:27:05,930] [log.py|__console] [line:37] INFO    : ==============================================start==============================================
[2022-02-07 09:27:05,930] [log.py|write] [line:232] WARNING : [2022-02-07 09:27:05,930] [log.py|__console] [line:37] INFO    : ==============================================start==============================================
[2022-02-07 09:27:05,931] [log.py|__console] [line:37] INFO    : 标题:tt
[2022-02-07 09:27:05,931] [log.py|write] [line:232] WARNING : [2022-02-07 09:27:05,931] [log.py|__console] [line:37] INFO    : 标题:tt
[2022-02-07 09:27:05,931] [log.py|__console] [line:37] INFO    : url:http://172.30.22.186:8003/eep_emg/whatsapp/message
[2022-02-07 09:27:05,932] [log.py|write] [line:232] WARNING : [2022-02-07 09:27:05,931] [log.py|__console] [line:37] INFO    : url:http://172.30.22.186:8003/eep_emg/whatsapp/message
[2022-02-07 09:27:05,932] [log.py|__console] [line:37] INFO    : 请求方法:POST
[2022-02-07 09:27:05,932] [log.py|write] [line:232] WARNING : [2022-02-07 09:27:05,932] [log.py|__console] [line:37] INFO    : 请求方法:POST
[2022-02-07 09:27:05,933] [log.py|__console] [line:37] INFO    : 请求头:
[2022-02-07 09:27:05,933] [log.py|write] [line:232] WARNING : [2022-02-07 09:27:05,933] [log.py|__console] [line:37] INFO    : 请求头:
[2022-02-07 09:27:05,934] [log.py|__console] [line:37] INFO    : utf8
[2022-02-07 09:27:05,934] [log.py|write] [line:232] WARNING : [2022-02-07 09:27:05,934] [log.py|__console] [line:37] INFO    : utf8
[2022-02-07 09:27:05,936] [log.py|__console] [line:37] INFO    : <class 'str'>
[2022-02-07 09:27:05,937] [log.py|write] [line:232] WARNING : [2022-02-07 09:27:05,936] [log.py|__console] [line:37] INFO    : <class 'str'>
[2022-02-07 09:27:05,963] [log.py|__console] [line:37] INFO    : 响应码:200
[2022-02-07 09:27:05,963] [log.py|write] [line:232] WARNING : [2022-02-07 09:27:05,963] [log.py|__console] [line:37] INFO    : 响应码:200
[2022-02-07 09:27:05,963] [log.py|__console] [line:37] INFO    : 响应头:{"Pragma": "no-cache", "Cache-Control": "no-cache", "Expires": "Wed, 31 Dec 1969 23:59:59 GMT", "Access-Control-Allow-Methods": "POST, GET, PUT, DELETE", "Access-Control-Allow-Headers": "UndoneCount, UnreadCount, language, appName, Authorization, Content-Type, Content-Disposition", "Access-Control-Allow-Credentials": "true", "Access-Control-Expose-Headers": "UndoneCount, UnreadCount, language, appName, Authorization, Content-Type, Content-Disposition", "X-Content-Type-Options": "nosniff", "X-XSS-Protection": "1; mode=block", "vary": "accept-encoding", "Content-Type": "application/json", "Transfer-Encoding": "chunked", "Date": "Mon, 07 Feb 2022 01:26:29 GMT"}
[2022-02-07 09:27:05,964] [log.py|write] [line:232] WARNING : [2022-02-07 09:27:05,963] [log.py|__console] [line:37] INFO    : 响应头:{"Pragma": "no-cache", "Cache-Control": "no-cache", "Expires": "Wed, 31 Dec 1969 23:59:59 GMT", "Access-Control-Allow-Methods": "POST, GET, PUT, DELETE", "Access-Control-Allow-Headers": "UndoneCount, UnreadCount, language, appName, Authorization, Content-Type, Content-Disposition", "Access-Control-Allow-Credentials": "true", "Access-Control-Expose-Headers": "UndoneCount, UnreadCount, language, appName, Authorization, Content-Type, Content-Disposition", "X-Content-Type-Options": "nosniff", "X-XSS-Protection": "1; mode=block", "vary": "accept-encoding", "Content-Type": "application/json", "Transfer-Encoding": "chunked", "Date": "Mon, 07 Feb 2022 01:26:29 GMT"}
[2022-02-07 09:27:05,964] [log.py|__console] [line:37] INFO    : 响应内容:{"data": null, "code": "00000001", "message": "HttpMessageNotReadableException Error"}
[2022-02-07 09:27:05,965] [log.py|write] [line:232] WARNING : [2022-02-07 09:27:05,964] [log.py|__console] [line:37] INFO    : 响应内容:{"data": null, "code": "00000001", "message": "HttpMessageNotReadableException Error"}
[2022-02-07 09:27:05,966] [log.py|__console] [line:37] INFO    : 最终测试结果:通过
[2022-02-07 09:27:05,967] [log.py|write] [line:232] WARNING : [2022-02-07 09:27:05,966] [log.py|__console] [line:37] INFO    : 最终测试结果:通过
[2022-02-07 09:27:05,967] [log.py|__console] [line:37] INFO    : ==============================================end==============================================
[2022-02-07 09:27:05,968] [log.py|write] [line:232] WARNING : [2022-02-07 09:27:05,967] [log.py|__console] [line:37] INFO    : ==============================================end==============================================
[2022-02-07 09:27:06,042] [log.py|__console] [line:37] INFO    : whatsapp API
[2022-02-07 09:27:06,043] [log.py|write] [line:232] WARNING : [2022-02-07 09:27:06,042] [log.py|__console] [line:37] INFO    : whatsapp API
[2022-02-07 09:27:06,043] [log.py|__console] [line:37] INFO    : test
[2022-02-07 09:27:06,043] [log.py|write] [line:232] WARNING : [2022-02-07 09:27:06,043] [log.py|__console] [line:37] INFO    : test
[2022-02-07 09:27:06,044] [log.py|__console] [line:37] INFO    : tt2
[2022-02-07 09:27:06,044] [log.py|write] [line:232] WARNING : [2022-02-07 09:27:06,044] [log.py|__console] [line:37] INFO    : tt2
[2022-02-07 09:27:06,048] [log.py|__console] [line:37] INFO    : ==============================================start==============================================
[2022-02-07 09:27:06,048] [log.py|write] [line:232] WARNING : [2022-02-07 09:27:06,048] [log.py|__console] [line:37] INFO    : ==============================================start==============================================
[2022-02-07 09:27:06,049] [log.py|__console] [line:37] INFO    : 标题:tt2
[2022-02-07 09:27:06,049] [log.py|write] [line:232] WARNING : [2022-02-07 09:27:06,049] [log.py|__console] [line:37] INFO    : 标题:tt2
[2022-02-07 09:27:06,050] [log.py|__console] [line:37] INFO    : url:http://172.30.22.186:8003/eep_emg/whatsapp/message
[2022-02-07 09:27:06,051] [log.py|write] [line:232] WARNING : [2022-02-07 09:27:06,050] [log.py|__console] [line:37] INFO    : url:http://172.30.22.186:8003/eep_emg/whatsapp/message
[2022-02-07 09:27:06,051] [log.py|__console] [line:37] INFO    : 请求方法:POST
[2022-02-07 09:27:06,051] [log.py|write] [line:232] WARNING : [2022-02-07 09:27:06,051] [log.py|__console] [line:37] INFO    : 请求方法:POST
[2022-02-07 09:27:06,052] [log.py|__console] [line:37] INFO    : 请求头:
[2022-02-07 09:27:06,052] [log.py|write] [line:232] WARNING : [2022-02-07 09:27:06,052] [log.py|__console] [line:37] INFO    : 请求头:
[2022-02-07 09:27:06,053] [log.py|__console] [line:37] INFO    : utf8
[2022-02-07 09:27:06,053] [log.py|write] [line:232] WARNING : [2022-02-07 09:27:06,053] [log.py|__console] [line:37] INFO    : utf8
[2022-02-07 09:27:06,053] [log.py|__console] [line:37] INFO    : <class 'str'>
[2022-02-07 09:27:06,054] [log.py|write] [line:232] WARNING : [2022-02-07 09:27:06,053] [log.py|__console] [line:37] INFO    : <class 'str'>
[2022-02-07 09:27:06,068] [log.py|__console] [line:37] INFO    : 响应码:200
[2022-02-07 09:27:06,068] [log.py|write] [line:232] WARNING : [2022-02-07 09:27:06,068] [log.py|__console] [line:37] INFO    : 响应码:200
[2022-02-07 09:27:06,069] [log.py|__console] [line:37] INFO    : 响应头:{"Pragma": "no-cache", "Cache-Control": "no-cache", "Expires": "Wed, 31 Dec 1969 23:59:59 GMT", "Access-Control-Allow-Methods": "POST, GET, PUT, DELETE", "Access-Control-Allow-Headers": "UndoneCount, UnreadCount, language, appName, Authorization, Content-Type, Content-Disposition", "Access-Control-Allow-Credentials": "true", "Access-Control-Expose-Headers": "UndoneCount, UnreadCount, language, appName, Authorization, Content-Type, Content-Disposition", "X-Content-Type-Options": "nosniff", "X-XSS-Protection": "1; mode=block", "vary": "accept-encoding", "Content-Type": "application/json", "Transfer-Encoding": "chunked", "Date": "Mon, 07 Feb 2022 01:26:29 GMT"}
[2022-02-07 09:27:06,069] [log.py|write] [line:232] WARNING : [2022-02-07 09:27:06,069] [log.py|__console] [line:37] INFO    : 响应头:{"Pragma": "no-cache", "Cache-Control": "no-cache", "Expires": "Wed, 31 Dec 1969 23:59:59 GMT", "Access-Control-Allow-Methods": "POST, GET, PUT, DELETE", "Access-Control-Allow-Headers": "UndoneCount, UnreadCount, language, appName, Authorization, Content-Type, Content-Disposition", "Access-Control-Allow-Credentials": "true", "Access-Control-Expose-Headers": "UndoneCount, UnreadCount, language, appName, Authorization, Content-Type, Content-Disposition", "X-Content-Type-Options": "nosniff", "X-XSS-Protection": "1; mode=block", "vary": "accept-encoding", "Content-Type": "application/json", "Transfer-Encoding": "chunked", "Date": "Mon, 07 Feb 2022 01:26:29 GMT"}
[2022-02-07 09:27:06,070] [log.py|__console] [line:37] INFO    : 响应内容:{"data": null, "code": "00000001", "message": "HttpMessageNotReadableException Error"}
[2022-02-07 09:27:06,070] [log.py|write] [line:232] WARNING : [2022-02-07 09:27:06,070] [log.py|__console] [line:37] INFO    : 响应内容:{"data": null, "code": "00000001", "message": "HttpMessageNotReadableException Error"}
[2022-02-07 09:27:06,070] [log.py|__console] [line:37] INFO    : 最终测试结果:通过
[2022-02-07 09:27:06,071] [log.py|write] [line:232] WARNING : [2022-02-07 09:27:06,070] [log.py|__console] [line:37] INFO    : 最终测试结果:通过
[2022-02-07 09:27:06,071] [log.py|__console] [line:37] INFO    : ==============================================end==============================================
[2022-02-07 09:27:06,071] [log.py|write] [line:232] WARNING : [2022-02-07 09:27:06,071] [log.py|__console] [line:37] INFO    : ==============================================end==============================================
