[2021-12-29 18:15:28,703] [log.py|__console] [line:37] INFO    : test
[2021-12-29 18:15:28,703] [log.py|write] [line:232] WARNING : [2021-12-29 18:15:28,703] [log.py|__console] [line:37] INFO    : test
[2021-12-29 18:15:28,765] [log.py|__console] [line:37] INFO    : 業務管理員
[2021-12-29 18:15:28,766] [log.py|write] [line:232] WARNING : [2021-12-29 18:15:28,765] [log.py|__console] [line:37] INFO    : 業務管理員
[2021-12-29 18:15:28,766] [log.py|__console] [line:37] INFO    : 发票
[2021-12-29 18:15:28,766] [log.py|write] [line:232] WARNING : [2021-12-29 18:15:28,766] [log.py|__console] [line:37] INFO    : 发票
[2021-12-29 18:15:28,767] [log.py|__console] [line:37] INFO    : linda test
[2021-12-29 18:15:28,767] [log.py|write] [line:232] WARNING : [2021-12-29 18:15:28,767] [log.py|__console] [line:37] INFO    : linda test
[2021-12-29 18:15:28,775] [log.py|__console] [line:37] INFO    : ==============================================start==============================================
[2021-12-29 18:15:28,775] [log.py|write] [line:232] WARNING : [2021-12-29 18:15:28,775] [log.py|__console] [line:37] INFO    : ==============================================start==============================================
[2021-12-29 18:15:28,776] [log.py|__console] [line:37] INFO    : 标题:linda test
[2021-12-29 18:15:28,776] [log.py|write] [line:232] WARNING : [2021-12-29 18:15:28,776] [log.py|__console] [line:37] INFO    : 标题:linda test
[2021-12-29 18:15:28,776] [log.py|__console] [line:37] INFO    : url:http://172.30.22.167:7003/n/callback/updateStatusToCSMSReq
[2021-12-29 18:15:28,776] [log.py|write] [line:232] WARNING : [2021-12-29 18:15:28,776] [log.py|__console] [line:37] INFO    : url:http://172.30.22.167:7003/n/callback/updateStatusToCSMSReq
[2021-12-29 18:15:28,777] [log.py|__console] [line:37] INFO    : 请求方法:POST
[2021-12-29 18:15:28,777] [log.py|write] [line:232] WARNING : [2021-12-29 18:15:28,777] [log.py|__console] [line:37] INFO    : 请求方法:POST
[2021-12-29 18:15:28,777] [log.py|__console] [line:37] INFO    : 请求头:{"Content-Type": "application/json"}
[2021-12-29 18:15:28,778] [log.py|write] [line:232] WARNING : [2021-12-29 18:15:28,777] [log.py|__console] [line:37] INFO    : 请求头:{"Content-Type": "application/json"}
[2021-12-29 18:15:28,778] [log.py|__console] [line:37] INFO    : 请求体:{"ID1":"2021101300158","ID2":"CS211014002002","ID3":"2021101401","status1":4,"inputBaseMessage":{"apiName":"updateStatusToCSMSReq","apiVersion":"1.0","systemModel":"QUOTE_STATUS_UPDATE","reqWho":"csr","systemChannel":"CSMS"}}
[2021-12-29 18:15:28,778] [log.py|write] [line:232] WARNING : [2021-12-29 18:15:28,778] [log.py|__console] [line:37] INFO    : 请求体:{"ID1":"2021101300158","ID2":"CS211014002002","ID3":"2021101401","status1":4,"inputBaseMessage":{"apiName":"updateStatusToCSMSReq","apiVersion":"1.0","systemModel":"QUOTE_STATUS_UPDATE","reqWho":"csr","systemChannel":"CSMS"}}
[2021-12-29 18:15:28,800] [log.py|__console] [line:37] INFO    : 响应码:404
[2021-12-29 18:15:28,801] [log.py|write] [line:232] WARNING : [2021-12-29 18:15:28,800] [log.py|__console] [line:37] INFO    : 响应码:404
[2021-12-29 18:15:28,802] [log.py|__console] [line:37] INFO    : 响应头:{"Content-Type": "application/json;charset=UTF-8", "Transfer-Encoding": "chunked", "Content-Encoding": "gzip", "Vary": "Accept-Encoding", "Date": "Wed, 29 Dec 2021 10:11:57 GMT"}
[2021-12-29 18:15:28,802] [log.py|write] [line:232] WARNING : [2021-12-29 18:15:28,802] [log.py|__console] [line:37] INFO    : 响应头:{"Content-Type": "application/json;charset=UTF-8", "Transfer-Encoding": "chunked", "Content-Encoding": "gzip", "Vary": "Accept-Encoding", "Date": "Wed, 29 Dec 2021 10:11:57 GMT"}
[2021-12-29 18:15:28,802] [log.py|__console] [line:37] INFO    : 响应内容:{"timestamp": 1640772717780, "status": 404, "error": "Not Found", "message": "No message available", "path": "/n/callback/updateStatusToCSMSReq"}
[2021-12-29 18:15:28,802] [log.py|write] [line:232] WARNING : [2021-12-29 18:15:28,802] [log.py|__console] [line:37] INFO    : 响应内容:{"timestamp": 1640772717780, "status": 404, "error": "Not Found", "message": "No message available", "path": "/n/callback/updateStatusToCSMSReq"}
[2021-12-29 18:15:28,803] [log.py|__console] [line:37] INFO    : 最终测试结果:通过
[2021-12-29 18:15:28,803] [log.py|write] [line:232] WARNING : [2021-12-29 18:15:28,803] [log.py|__console] [line:37] INFO    : 最终测试结果:通过
[2021-12-29 18:15:28,803] [log.py|__console] [line:37] INFO    : ==============================================end==============================================
[2021-12-29 18:15:28,803] [log.py|write] [line:232] WARNING : [2021-12-29 18:15:28,803] [log.py|__console] [line:37] INFO    : ==============================================end==============================================
[2021-12-29 18:18:02,262] [log.py|__console] [line:37] INFO    : 業務管理員
[2021-12-29 18:18:02,262] [log.py|write] [line:232] WARNING : [2021-12-29 18:18:02,262] [log.py|__console] [line:37] INFO    : 業務管理員
[2021-12-29 18:18:02,263] [log.py|__console] [line:37] INFO    : 发票
[2021-12-29 18:18:02,263] [log.py|write] [line:232] WARNING : [2021-12-29 18:18:02,263] [log.py|__console] [line:37] INFO    : 发票
[2021-12-29 18:18:02,264] [log.py|__console] [line:37] INFO    : linda test
[2021-12-29 18:18:02,264] [log.py|write] [line:232] WARNING : [2021-12-29 18:18:02,264] [log.py|__console] [line:37] INFO    : linda test
[2021-12-29 18:18:02,272] [log.py|__console] [line:37] INFO    : ==============================================start==============================================
[2021-12-29 18:18:02,276] [log.py|write] [line:232] WARNING : [2021-12-29 18:18:02,272] [log.py|__console] [line:37] INFO    : ==============================================start==============================================
[2021-12-29 18:18:02,277] [log.py|__console] [line:37] INFO    : 标题:linda test
[2021-12-29 18:18:02,277] [log.py|write] [line:232] WARNING : [2021-12-29 18:18:02,277] [log.py|__console] [line:37] INFO    : 标题:linda test
[2021-12-29 18:18:02,277] [log.py|__console] [line:37] INFO    : url:http://172.30.22.167:7003/n/callback/updateStatusToCSMSReq
[2021-12-29 18:18:02,278] [log.py|write] [line:232] WARNING : [2021-12-29 18:18:02,277] [log.py|__console] [line:37] INFO    : url:http://172.30.22.167:7003/n/callback/updateStatusToCSMSReq
[2021-12-29 18:18:02,278] [log.py|__console] [line:37] INFO    : 请求方法:POST
[2021-12-29 18:18:02,278] [log.py|write] [line:232] WARNING : [2021-12-29 18:18:02,278] [log.py|__console] [line:37] INFO    : 请求方法:POST
[2021-12-29 18:18:02,279] [log.py|__console] [line:37] INFO    : 请求头:{"Content-Type": "application/json"}
[2021-12-29 18:18:02,279] [log.py|write] [line:232] WARNING : [2021-12-29 18:18:02,279] [log.py|__console] [line:37] INFO    : 请求头:{"Content-Type": "application/json"}
[2021-12-29 18:18:02,279] [log.py|__console] [line:37] INFO    : 请求体:{"ID1":"2021101300158","ID2":"CS211014002002","ID3":"2021101401","status1":4,"inputBaseMessage":{"apiName":"updateStatusToCSMSReq","apiVersion":"1.0","systemModel":"QUOTE_STATUS_UPDATE","reqWho":"csr","systemChannel":"CSMS"}}
[2021-12-29 18:18:02,280] [log.py|write] [line:232] WARNING : [2021-12-29 18:18:02,279] [log.py|__console] [line:37] INFO    : 请求体:{"ID1":"2021101300158","ID2":"CS211014002002","ID3":"2021101401","status1":4,"inputBaseMessage":{"apiName":"updateStatusToCSMSReq","apiVersion":"1.0","systemModel":"QUOTE_STATUS_UPDATE","reqWho":"csr","systemChannel":"CSMS"}}
[2021-12-29 18:18:02,320] [log.py|__console] [line:37] INFO    : 响应码:404
[2021-12-29 18:18:02,320] [log.py|write] [line:232] WARNING : [2021-12-29 18:18:02,320] [log.py|__console] [line:37] INFO    : 响应码:404
[2021-12-29 18:18:02,320] [log.py|__console] [line:37] INFO    : 响应头:{"Content-Type": "application/json;charset=UTF-8", "Transfer-Encoding": "chunked", "Content-Encoding": "gzip", "Vary": "Accept-Encoding", "Date": "Wed, 29 Dec 2021 10:14:31 GMT"}
[2021-12-29 18:18:02,321] [log.py|write] [line:232] WARNING : [2021-12-29 18:18:02,320] [log.py|__console] [line:37] INFO    : 响应头:{"Content-Type": "application/json;charset=UTF-8", "Transfer-Encoding": "chunked", "Content-Encoding": "gzip", "Vary": "Accept-Encoding", "Date": "Wed, 29 Dec 2021 10:14:31 GMT"}
[2021-12-29 18:18:02,321] [log.py|__console] [line:37] INFO    : 响应内容:{"timestamp": 1640772871309, "status": 404, "error": "Not Found", "message": "No message available", "path": "/n/callback/updateStatusToCSMSReq"}
[2021-12-29 18:18:02,321] [log.py|write] [line:232] WARNING : [2021-12-29 18:18:02,321] [log.py|__console] [line:37] INFO    : 响应内容:{"timestamp": 1640772871309, "status": 404, "error": "Not Found", "message": "No message available", "path": "/n/callback/updateStatusToCSMSReq"}
[2021-12-29 18:18:02,322] [log.py|__console] [line:37] INFO    : 最终测试结果:通过
[2021-12-29 18:18:02,322] [log.py|write] [line:232] WARNING : [2021-12-29 18:18:02,322] [log.py|__console] [line:37] INFO    : 最终测试结果:通过
[2021-12-29 18:18:02,322] [log.py|__console] [line:37] INFO    : ==============================================end==============================================
[2021-12-29 18:18:02,323] [log.py|write] [line:232] WARNING : [2021-12-29 18:18:02,322] [log.py|__console] [line:37] INFO    : ==============================================end==============================================
