[2022-07-18 00:04:07,979] [log.py|__console] [line:43] ERROR   : Traceback (most recent call last):
  File "D:\PycharmProjects\AutoTest_platform\utils\tokenUtil.py", line 52, in wrapper
    user = s.loads(token)
  File "D:\PycharmProjects\AutoTest_platform\lib\site-packages\itsdangerous\jws.py", line 205, in loads
    date_signed=self.get_issue_date(header),
itsdangerous.exc.SignatureExpired: Signature expired

[2022-07-18 00:09:07,977] [log.py|__console] [line:43] ERROR   : Traceback (most recent call last):
  File "D:\PycharmProjects\AutoTest_platform\utils\tokenUtil.py", line 52, in wrapper
    user = s.loads(token)
  File "D:\PycharmProjects\AutoTest_platform\lib\site-packages\itsdangerous\jws.py", line 205, in loads
    date_signed=self.get_issue_date(header),
itsdangerous.exc.SignatureExpired: Signature expired

[2022-07-18 00:14:07,977] [log.py|__console] [line:43] ERROR   : Traceback (most recent call last):
  File "D:\PycharmProjects\AutoTest_platform\utils\tokenUtil.py", line 52, in wrapper
    user = s.loads(token)
  File "D:\PycharmProjects\AutoTest_platform\lib\site-packages\itsdangerous\jws.py", line 205, in loads
    date_signed=self.get_issue_date(header),
itsdangerous.exc.SignatureExpired: Signature expired

[2022-07-18 00:19:07,977] [log.py|__console] [line:43] ERROR   : Traceback (most recent call last):
  File "D:\PycharmProjects\AutoTest_platform\utils\tokenUtil.py", line 52, in wrapper
    user = s.loads(token)
  File "D:\PycharmProjects\AutoTest_platform\lib\site-packages\itsdangerous\jws.py", line 205, in loads
    date_signed=self.get_issue_date(header),
itsdangerous.exc.SignatureExpired: Signature expired

[2022-07-18 00:24:07,979] [log.py|__console] [line:43] ERROR   : Traceback (most recent call last):
  File "D:\PycharmProjects\AutoTest_platform\utils\tokenUtil.py", line 52, in wrapper
    user = s.loads(token)
  File "D:\PycharmProjects\AutoTest_platform\lib\site-packages\itsdangerous\jws.py", line 205, in loads
    date_signed=self.get_issue_date(header),
itsdangerous.exc.SignatureExpired: Signature expired

[2022-07-18 00:29:07,979] [log.py|__console] [line:43] ERROR   : Traceback (most recent call last):
  File "D:\PycharmProjects\AutoTest_platform\utils\tokenUtil.py", line 52, in wrapper
    user = s.loads(token)
  File "D:\PycharmProjects\AutoTest_platform\lib\site-packages\itsdangerous\jws.py", line 205, in loads
    date_signed=self.get_issue_date(header),
itsdangerous.exc.SignatureExpired: Signature expired

[2022-07-18 00:34:07,977] [log.py|__console] [line:43] ERROR   : Traceback (most recent call last):
  File "D:\PycharmProjects\AutoTest_platform\utils\tokenUtil.py", line 52, in wrapper
    user = s.loads(token)
  File "D:\PycharmProjects\AutoTest_platform\lib\site-packages\itsdangerous\jws.py", line 205, in loads
    date_signed=self.get_issue_date(header),
itsdangerous.exc.SignatureExpired: Signature expired

[2022-07-18 00:39:07,976] [log.py|__console] [line:43] ERROR   : Traceback (most recent call last):
  File "D:\PycharmProjects\AutoTest_platform\utils\tokenUtil.py", line 52, in wrapper
    user = s.loads(token)
  File "D:\PycharmProjects\AutoTest_platform\lib\site-packages\itsdangerous\jws.py", line 205, in loads
    date_signed=self.get_issue_date(header),
itsdangerous.exc.SignatureExpired: Signature expired

[2022-07-18 00:44:07,980] [log.py|__console] [line:43] ERROR   : Traceback (most recent call last):
  File "D:\PycharmProjects\AutoTest_platform\utils\tokenUtil.py", line 52, in wrapper
    user = s.loads(token)
  File "D:\PycharmProjects\AutoTest_platform\lib\site-packages\itsdangerous\jws.py", line 205, in loads
    date_signed=self.get_issue_date(header),
itsdangerous.exc.SignatureExpired: Signature expired

[2022-07-18 00:49:07,975] [log.py|__console] [line:43] ERROR   : Traceback (most recent call last):
  File "D:\PycharmProjects\AutoTest_platform\utils\tokenUtil.py", line 52, in wrapper
    user = s.loads(token)
  File "D:\PycharmProjects\AutoTest_platform\lib\site-packages\itsdangerous\jws.py", line 205, in loads
    date_signed=self.get_issue_date(header),
itsdangerous.exc.SignatureExpired: Signature expired

[2022-07-18 00:54:07,981] [log.py|__console] [line:43] ERROR   : Traceback (most recent call last):
  File "D:\PycharmProjects\AutoTest_platform\utils\tokenUtil.py", line 52, in wrapper
    user = s.loads(token)
  File "D:\PycharmProjects\AutoTest_platform\lib\site-packages\itsdangerous\jws.py", line 205, in loads
    date_signed=self.get_issue_date(header),
itsdangerous.exc.SignatureExpired: Signature expired

[2022-07-18 00:59:07,974] [log.py|__console] [line:43] ERROR   : Traceback (most recent call last):
  File "D:\PycharmProjects\AutoTest_platform\utils\tokenUtil.py", line 52, in wrapper
    user = s.loads(token)
  File "D:\PycharmProjects\AutoTest_platform\lib\site-packages\itsdangerous\jws.py", line 205, in loads
    date_signed=self.get_issue_date(header),
itsdangerous.exc.SignatureExpired: Signature expired

[2022-07-18 01:04:07,978] [log.py|__console] [line:43] ERROR   : Traceback (most recent call last):
  File "D:\PycharmProjects\AutoTest_platform\utils\tokenUtil.py", line 52, in wrapper
    user = s.loads(token)
  File "D:\PycharmProjects\AutoTest_platform\lib\site-packages\itsdangerous\jws.py", line 205, in loads
    date_signed=self.get_issue_date(header),
itsdangerous.exc.SignatureExpired: Signature expired

[2022-07-18 01:09:07,977] [log.py|__console] [line:43] ERROR   : Traceback (most recent call last):
  File "D:\PycharmProjects\AutoTest_platform\utils\tokenUtil.py", line 52, in wrapper
    user = s.loads(token)
  File "D:\PycharmProjects\AutoTest_platform\lib\site-packages\itsdangerous\jws.py", line 205, in loads
    date_signed=self.get_issue_date(header),
itsdangerous.exc.SignatureExpired: Signature expired

[2022-07-18 01:14:07,978] [log.py|__console] [line:43] ERROR   : Traceback (most recent call last):
  File "D:\PycharmProjects\AutoTest_platform\utils\tokenUtil.py", line 52, in wrapper
    user = s.loads(token)
  File "D:\PycharmProjects\AutoTest_platform\lib\site-packages\itsdangerous\jws.py", line 205, in loads
    date_signed=self.get_issue_date(header),
itsdangerous.exc.SignatureExpired: Signature expired

[2022-07-18 01:19:07,976] [log.py|__console] [line:43] ERROR   : Traceback (most recent call last):
  File "D:\PycharmProjects\AutoTest_platform\utils\tokenUtil.py", line 52, in wrapper
    user = s.loads(token)
  File "D:\PycharmProjects\AutoTest_platform\lib\site-packages\itsdangerous\jws.py", line 205, in loads
    date_signed=self.get_issue_date(header),
itsdangerous.exc.SignatureExpired: Signature expired

[2022-07-18 01:24:07,978] [log.py|__console] [line:43] ERROR   : Traceback (most recent call last):
  File "D:\PycharmProjects\AutoTest_platform\utils\tokenUtil.py", line 52, in wrapper
    user = s.loads(token)
  File "D:\PycharmProjects\AutoTest_platform\lib\site-packages\itsdangerous\jws.py", line 205, in loads
    date_signed=self.get_issue_date(header),
itsdangerous.exc.SignatureExpired: Signature expired

[2022-07-18 01:29:07,978] [log.py|__console] [line:43] ERROR   : Traceback (most recent call last):
  File "D:\PycharmProjects\AutoTest_platform\utils\tokenUtil.py", line 52, in wrapper
    user = s.loads(token)
  File "D:\PycharmProjects\AutoTest_platform\lib\site-packages\itsdangerous\jws.py", line 205, in loads
    date_signed=self.get_issue_date(header),
itsdangerous.exc.SignatureExpired: Signature expired

[2022-07-18 01:34:07,976] [log.py|__console] [line:43] ERROR   : Traceback (most recent call last):
  File "D:\PycharmProjects\AutoTest_platform\utils\tokenUtil.py", line 52, in wrapper
    user = s.loads(token)
  File "D:\PycharmProjects\AutoTest_platform\lib\site-packages\itsdangerous\jws.py", line 205, in loads
    date_signed=self.get_issue_date(header),
itsdangerous.exc.SignatureExpired: Signature expired

[2022-07-18 01:39:07,978] [log.py|__console] [line:43] ERROR   : Traceback (most recent call last):
  File "D:\PycharmProjects\AutoTest_platform\utils\tokenUtil.py", line 52, in wrapper
    user = s.loads(token)
  File "D:\PycharmProjects\AutoTest_platform\lib\site-packages\itsdangerous\jws.py", line 205, in loads
    date_signed=self.get_issue_date(header),
itsdangerous.exc.SignatureExpired: Signature expired

[2022-07-18 01:44:07,982] [log.py|__console] [line:43] ERROR   : Traceback (most recent call last):
  File "D:\PycharmProjects\AutoTest_platform\utils\tokenUtil.py", line 52, in wrapper
    user = s.loads(token)
  File "D:\PycharmProjects\AutoTest_platform\lib\site-packages\itsdangerous\jws.py", line 205, in loads
    date_signed=self.get_issue_date(header),
itsdangerous.exc.SignatureExpired: Signature expired

[2022-07-18 01:49:07,975] [log.py|__console] [line:43] ERROR   : Traceback (most recent call last):
  File "D:\PycharmProjects\AutoTest_platform\utils\tokenUtil.py", line 52, in wrapper
    user = s.loads(token)
  File "D:\PycharmProjects\AutoTest_platform\lib\site-packages\itsdangerous\jws.py", line 205, in loads
    date_signed=self.get_issue_date(header),
itsdangerous.exc.SignatureExpired: Signature expired

[2022-07-18 01:54:07,976] [log.py|__console] [line:43] ERROR   : Traceback (most recent call last):
  File "D:\PycharmProjects\AutoTest_platform\utils\tokenUtil.py", line 52, in wrapper
    user = s.loads(token)
  File "D:\PycharmProjects\AutoTest_platform\lib\site-packages\itsdangerous\jws.py", line 205, in loads
    date_signed=self.get_issue_date(header),
itsdangerous.exc.SignatureExpired: Signature expired

[2022-07-18 01:59:07,977] [log.py|__console] [line:43] ERROR   : Traceback (most recent call last):
  File "D:\PycharmProjects\AutoTest_platform\utils\tokenUtil.py", line 52, in wrapper
    user = s.loads(token)
  File "D:\PycharmProjects\AutoTest_platform\lib\site-packages\itsdangerous\jws.py", line 205, in loads
    date_signed=self.get_issue_date(header),
itsdangerous.exc.SignatureExpired: Signature expired

[2022-07-18 02:04:07,979] [log.py|__console] [line:43] ERROR   : Traceback (most recent call last):
  File "D:\PycharmProjects\AutoTest_platform\utils\tokenUtil.py", line 52, in wrapper
    user = s.loads(token)
  File "D:\PycharmProjects\AutoTest_platform\lib\site-packages\itsdangerous\jws.py", line 205, in loads
    date_signed=self.get_issue_date(header),
itsdangerous.exc.SignatureExpired: Signature expired

[2022-07-18 02:09:07,986] [log.py|__console] [line:43] ERROR   : Traceback (most recent call last):
  File "D:\PycharmProjects\AutoTest_platform\utils\tokenUtil.py", line 52, in wrapper
    user = s.loads(token)
  File "D:\PycharmProjects\AutoTest_platform\lib\site-packages\itsdangerous\jws.py", line 205, in loads
    date_signed=self.get_issue_date(header),
itsdangerous.exc.SignatureExpired: Signature expired

[2022-07-18 02:14:07,978] [log.py|__console] [line:43] ERROR   : Traceback (most recent call last):
  File "D:\PycharmProjects\AutoTest_platform\utils\tokenUtil.py", line 52, in wrapper
    user = s.loads(token)
  File "D:\PycharmProjects\AutoTest_platform\lib\site-packages\itsdangerous\jws.py", line 205, in loads
    date_signed=self.get_issue_date(header),
itsdangerous.exc.SignatureExpired: Signature expired

[2022-07-18 02:19:07,982] [log.py|__console] [line:43] ERROR   : Traceback (most recent call last):
  File "D:\PycharmProjects\AutoTest_platform\utils\tokenUtil.py", line 52, in wrapper
    user = s.loads(token)
  File "D:\PycharmProjects\AutoTest_platform\lib\site-packages\itsdangerous\jws.py", line 205, in loads
    date_signed=self.get_issue_date(header),
itsdangerous.exc.SignatureExpired: Signature expired

[2022-07-18 02:24:07,983] [log.py|__console] [line:43] ERROR   : Traceback (most recent call last):
  File "D:\PycharmProjects\AutoTest_platform\utils\tokenUtil.py", line 52, in wrapper
    user = s.loads(token)
  File "D:\PycharmProjects\AutoTest_platform\lib\site-packages\itsdangerous\jws.py", line 205, in loads
    date_signed=self.get_issue_date(header),
itsdangerous.exc.SignatureExpired: Signature expired

[2022-07-18 02:29:07,979] [log.py|__console] [line:43] ERROR   : Traceback (most recent call last):
  File "D:\PycharmProjects\AutoTest_platform\utils\tokenUtil.py", line 52, in wrapper
    user = s.loads(token)
  File "D:\PycharmProjects\AutoTest_platform\lib\site-packages\itsdangerous\jws.py", line 205, in loads
    date_signed=self.get_issue_date(header),
itsdangerous.exc.SignatureExpired: Signature expired

[2022-07-18 02:34:07,976] [log.py|__console] [line:43] ERROR   : Traceback (most recent call last):
  File "D:\PycharmProjects\AutoTest_platform\utils\tokenUtil.py", line 52, in wrapper
    user = s.loads(token)
  File "D:\PycharmProjects\AutoTest_platform\lib\site-packages\itsdangerous\jws.py", line 205, in loads
    date_signed=self.get_issue_date(header),
itsdangerous.exc.SignatureExpired: Signature expired

[2022-07-18 02:39:07,980] [log.py|__console] [line:43] ERROR   : Traceback (most recent call last):
  File "D:\PycharmProjects\AutoTest_platform\utils\tokenUtil.py", line 52, in wrapper
    user = s.loads(token)
  File "D:\PycharmProjects\AutoTest_platform\lib\site-packages\itsdangerous\jws.py", line 205, in loads
    date_signed=self.get_issue_date(header),
itsdangerous.exc.SignatureExpired: Signature expired

[2022-07-18 02:44:07,977] [log.py|__console] [line:43] ERROR   : Traceback (most recent call last):
  File "D:\PycharmProjects\AutoTest_platform\utils\tokenUtil.py", line 52, in wrapper
    user = s.loads(token)
  File "D:\PycharmProjects\AutoTest_platform\lib\site-packages\itsdangerous\jws.py", line 205, in loads
    date_signed=self.get_issue_date(header),
itsdangerous.exc.SignatureExpired: Signature expired

[2022-07-18 02:49:07,977] [log.py|__console] [line:43] ERROR   : Traceback (most recent call last):
  File "D:\PycharmProjects\AutoTest_platform\utils\tokenUtil.py", line 52, in wrapper
    user = s.loads(token)
  File "D:\PycharmProjects\AutoTest_platform\lib\site-packages\itsdangerous\jws.py", line 205, in loads
    date_signed=self.get_issue_date(header),
itsdangerous.exc.SignatureExpired: Signature expired

[2022-07-18 02:54:07,977] [log.py|__console] [line:43] ERROR   : Traceback (most recent call last):
  File "D:\PycharmProjects\AutoTest_platform\utils\tokenUtil.py", line 52, in wrapper
    user = s.loads(token)
  File "D:\PycharmProjects\AutoTest_platform\lib\site-packages\itsdangerous\jws.py", line 205, in loads
    date_signed=self.get_issue_date(header),
itsdangerous.exc.SignatureExpired: Signature expired

[2022-07-18 02:59:07,976] [log.py|__console] [line:43] ERROR   : Traceback (most recent call last):
  File "D:\PycharmProjects\AutoTest_platform\utils\tokenUtil.py", line 52, in wrapper
    user = s.loads(token)
  File "D:\PycharmProjects\AutoTest_platform\lib\site-packages\itsdangerous\jws.py", line 205, in loads
    date_signed=self.get_issue_date(header),
itsdangerous.exc.SignatureExpired: Signature expired

[2022-07-18 03:04:07,991] [log.py|__console] [line:43] ERROR   : Traceback (most recent call last):
  File "D:\PycharmProjects\AutoTest_platform\utils\tokenUtil.py", line 52, in wrapper
    user = s.loads(token)
  File "D:\PycharmProjects\AutoTest_platform\lib\site-packages\itsdangerous\jws.py", line 205, in loads
    date_signed=self.get_issue_date(header),
itsdangerous.exc.SignatureExpired: Signature expired

[2022-07-18 03:09:07,977] [log.py|__console] [line:43] ERROR   : Traceback (most recent call last):
  File "D:\PycharmProjects\AutoTest_platform\utils\tokenUtil.py", line 52, in wrapper
    user = s.loads(token)
  File "D:\PycharmProjects\AutoTest_platform\lib\site-packages\itsdangerous\jws.py", line 205, in loads
    date_signed=self.get_issue_date(header),
itsdangerous.exc.SignatureExpired: Signature expired

[2022-07-18 03:14:07,978] [log.py|__console] [line:43] ERROR   : Traceback (most recent call last):
  File "D:\PycharmProjects\AutoTest_platform\utils\tokenUtil.py", line 52, in wrapper
    user = s.loads(token)
  File "D:\PycharmProjects\AutoTest_platform\lib\site-packages\itsdangerous\jws.py", line 205, in loads
    date_signed=self.get_issue_date(header),
itsdangerous.exc.SignatureExpired: Signature expired

[2022-07-18 03:19:07,979] [log.py|__console] [line:43] ERROR   : Traceback (most recent call last):
  File "D:\PycharmProjects\AutoTest_platform\utils\tokenUtil.py", line 52, in wrapper
    user = s.loads(token)
  File "D:\PycharmProjects\AutoTest_platform\lib\site-packages\itsdangerous\jws.py", line 205, in loads
    date_signed=self.get_issue_date(header),
itsdangerous.exc.SignatureExpired: Signature expired

[2022-07-18 03:24:07,976] [log.py|__console] [line:43] ERROR   : Traceback (most recent call last):
  File "D:\PycharmProjects\AutoTest_platform\utils\tokenUtil.py", line 52, in wrapper
    user = s.loads(token)
  File "D:\PycharmProjects\AutoTest_platform\lib\site-packages\itsdangerous\jws.py", line 205, in loads
    date_signed=self.get_issue_date(header),
itsdangerous.exc.SignatureExpired: Signature expired

[2022-07-18 03:29:07,986] [log.py|__console] [line:43] ERROR   : Traceback (most recent call last):
  File "D:\PycharmProjects\AutoTest_platform\utils\tokenUtil.py", line 52, in wrapper
    user = s.loads(token)
  File "D:\PycharmProjects\AutoTest_platform\lib\site-packages\itsdangerous\jws.py", line 205, in loads
    date_signed=self.get_issue_date(header),
itsdangerous.exc.SignatureExpired: Signature expired

[2022-07-18 03:34:07,978] [log.py|__console] [line:43] ERROR   : Traceback (most recent call last):
  File "D:\PycharmProjects\AutoTest_platform\utils\tokenUtil.py", line 52, in wrapper
    user = s.loads(token)
  File "D:\PycharmProjects\AutoTest_platform\lib\site-packages\itsdangerous\jws.py", line 205, in loads
    date_signed=self.get_issue_date(header),
itsdangerous.exc.SignatureExpired: Signature expired

[2022-07-18 03:39:07,981] [log.py|__console] [line:43] ERROR   : Traceback (most recent call last):
  File "D:\PycharmProjects\AutoTest_platform\utils\tokenUtil.py", line 52, in wrapper
    user = s.loads(token)
  File "D:\PycharmProjects\AutoTest_platform\lib\site-packages\itsdangerous\jws.py", line 205, in loads
    date_signed=self.get_issue_date(header),
itsdangerous.exc.SignatureExpired: Signature expired

[2022-07-18 03:44:07,977] [log.py|__console] [line:43] ERROR   : Traceback (most recent call last):
  File "D:\PycharmProjects\AutoTest_platform\utils\tokenUtil.py", line 52, in wrapper
    user = s.loads(token)
  File "D:\PycharmProjects\AutoTest_platform\lib\site-packages\itsdangerous\jws.py", line 205, in loads
    date_signed=self.get_issue_date(header),
itsdangerous.exc.SignatureExpired: Signature expired

[2022-07-18 03:49:07,977] [log.py|__console] [line:43] ERROR   : Traceback (most recent call last):
  File "D:\PycharmProjects\AutoTest_platform\utils\tokenUtil.py", line 52, in wrapper
    user = s.loads(token)
  File "D:\PycharmProjects\AutoTest_platform\lib\site-packages\itsdangerous\jws.py", line 205, in loads
    date_signed=self.get_issue_date(header),
itsdangerous.exc.SignatureExpired: Signature expired

[2022-07-18 03:54:07,979] [log.py|__console] [line:43] ERROR   : Traceback (most recent call last):
  File "D:\PycharmProjects\AutoTest_platform\utils\tokenUtil.py", line 52, in wrapper
    user = s.loads(token)
  File "D:\PycharmProjects\AutoTest_platform\lib\site-packages\itsdangerous\jws.py", line 205, in loads
    date_signed=self.get_issue_date(header),
itsdangerous.exc.SignatureExpired: Signature expired

[2022-07-18 03:59:07,978] [log.py|__console] [line:43] ERROR   : Traceback (most recent call last):
  File "D:\PycharmProjects\AutoTest_platform\utils\tokenUtil.py", line 52, in wrapper
    user = s.loads(token)
  File "D:\PycharmProjects\AutoTest_platform\lib\site-packages\itsdangerous\jws.py", line 205, in loads
    date_signed=self.get_issue_date(header),
itsdangerous.exc.SignatureExpired: Signature expired

[2022-07-18 04:04:07,977] [log.py|__console] [line:43] ERROR   : Traceback (most recent call last):
  File "D:\PycharmProjects\AutoTest_platform\utils\tokenUtil.py", line 52, in wrapper
    user = s.loads(token)
  File "D:\PycharmProjects\AutoTest_platform\lib\site-packages\itsdangerous\jws.py", line 205, in loads
    date_signed=self.get_issue_date(header),
itsdangerous.exc.SignatureExpired: Signature expired

[2022-07-18 04:09:07,975] [log.py|__console] [line:43] ERROR   : Traceback (most recent call last):
  File "D:\PycharmProjects\AutoTest_platform\utils\tokenUtil.py", line 52, in wrapper
    user = s.loads(token)
  File "D:\PycharmProjects\AutoTest_platform\lib\site-packages\itsdangerous\jws.py", line 205, in loads
    date_signed=self.get_issue_date(header),
itsdangerous.exc.SignatureExpired: Signature expired

[2022-07-18 04:14:07,976] [log.py|__console] [line:43] ERROR   : Traceback (most recent call last):
  File "D:\PycharmProjects\AutoTest_platform\utils\tokenUtil.py", line 52, in wrapper
    user = s.loads(token)
  File "D:\PycharmProjects\AutoTest_platform\lib\site-packages\itsdangerous\jws.py", line 205, in loads
    date_signed=self.get_issue_date(header),
itsdangerous.exc.SignatureExpired: Signature expired

[2022-07-18 04:19:07,976] [log.py|__console] [line:43] ERROR   : Traceback (most recent call last):
  File "D:\PycharmProjects\AutoTest_platform\utils\tokenUtil.py", line 52, in wrapper
    user = s.loads(token)
  File "D:\PycharmProjects\AutoTest_platform\lib\site-packages\itsdangerous\jws.py", line 205, in loads
    date_signed=self.get_issue_date(header),
itsdangerous.exc.SignatureExpired: Signature expired

[2022-07-18 04:24:07,980] [log.py|__console] [line:43] ERROR   : Traceback (most recent call last):
  File "D:\PycharmProjects\AutoTest_platform\utils\tokenUtil.py", line 52, in wrapper
    user = s.loads(token)
  File "D:\PycharmProjects\AutoTest_platform\lib\site-packages\itsdangerous\jws.py", line 205, in loads
    date_signed=self.get_issue_date(header),
itsdangerous.exc.SignatureExpired: Signature expired

[2022-07-18 04:29:07,977] [log.py|__console] [line:43] ERROR   : Traceback (most recent call last):
  File "D:\PycharmProjects\AutoTest_platform\utils\tokenUtil.py", line 52, in wrapper
    user = s.loads(token)
  File "D:\PycharmProjects\AutoTest_platform\lib\site-packages\itsdangerous\jws.py", line 205, in loads
    date_signed=self.get_issue_date(header),
itsdangerous.exc.SignatureExpired: Signature expired

[2022-07-18 04:34:07,980] [log.py|__console] [line:43] ERROR   : Traceback (most recent call last):
  File "D:\PycharmProjects\AutoTest_platform\utils\tokenUtil.py", line 52, in wrapper
    user = s.loads(token)
  File "D:\PycharmProjects\AutoTest_platform\lib\site-packages\itsdangerous\jws.py", line 205, in loads
    date_signed=self.get_issue_date(header),
itsdangerous.exc.SignatureExpired: Signature expired

[2022-07-18 04:39:07,975] [log.py|__console] [line:43] ERROR   : Traceback (most recent call last):
  File "D:\PycharmProjects\AutoTest_platform\utils\tokenUtil.py", line 52, in wrapper
    user = s.loads(token)
  File "D:\PycharmProjects\AutoTest_platform\lib\site-packages\itsdangerous\jws.py", line 205, in loads
    date_signed=self.get_issue_date(header),
itsdangerous.exc.SignatureExpired: Signature expired

[2022-07-18 04:44:07,977] [log.py|__console] [line:43] ERROR   : Traceback (most recent call last):
  File "D:\PycharmProjects\AutoTest_platform\utils\tokenUtil.py", line 52, in wrapper
    user = s.loads(token)
  File "D:\PycharmProjects\AutoTest_platform\lib\site-packages\itsdangerous\jws.py", line 205, in loads
    date_signed=self.get_issue_date(header),
itsdangerous.exc.SignatureExpired: Signature expired

[2022-07-18 04:49:07,979] [log.py|__console] [line:43] ERROR   : Traceback (most recent call last):
  File "D:\PycharmProjects\AutoTest_platform\utils\tokenUtil.py", line 52, in wrapper
    user = s.loads(token)
  File "D:\PycharmProjects\AutoTest_platform\lib\site-packages\itsdangerous\jws.py", line 205, in loads
    date_signed=self.get_issue_date(header),
itsdangerous.exc.SignatureExpired: Signature expired

[2022-07-18 04:54:07,981] [log.py|__console] [line:43] ERROR   : Traceback (most recent call last):
  File "D:\PycharmProjects\AutoTest_platform\utils\tokenUtil.py", line 52, in wrapper
    user = s.loads(token)
  File "D:\PycharmProjects\AutoTest_platform\lib\site-packages\itsdangerous\jws.py", line 205, in loads
    date_signed=self.get_issue_date(header),
itsdangerous.exc.SignatureExpired: Signature expired

[2022-07-18 04:59:07,975] [log.py|__console] [line:43] ERROR   : Traceback (most recent call last):
  File "D:\PycharmProjects\AutoTest_platform\utils\tokenUtil.py", line 52, in wrapper
    user = s.loads(token)
  File "D:\PycharmProjects\AutoTest_platform\lib\site-packages\itsdangerous\jws.py", line 205, in loads
    date_signed=self.get_issue_date(header),
itsdangerous.exc.SignatureExpired: Signature expired

[2022-07-18 05:04:07,983] [log.py|__console] [line:43] ERROR   : Traceback (most recent call last):
  File "D:\PycharmProjects\AutoTest_platform\utils\tokenUtil.py", line 52, in wrapper
    user = s.loads(token)
  File "D:\PycharmProjects\AutoTest_platform\lib\site-packages\itsdangerous\jws.py", line 205, in loads
    date_signed=self.get_issue_date(header),
itsdangerous.exc.SignatureExpired: Signature expired

[2022-07-18 05:09:07,978] [log.py|__console] [line:43] ERROR   : Traceback (most recent call last):
  File "D:\PycharmProjects\AutoTest_platform\utils\tokenUtil.py", line 52, in wrapper
    user = s.loads(token)
  File "D:\PycharmProjects\AutoTest_platform\lib\site-packages\itsdangerous\jws.py", line 205, in loads
    date_signed=self.get_issue_date(header),
itsdangerous.exc.SignatureExpired: Signature expired

[2022-07-18 05:14:07,978] [log.py|__console] [line:43] ERROR   : Traceback (most recent call last):
  File "D:\PycharmProjects\AutoTest_platform\utils\tokenUtil.py", line 52, in wrapper
    user = s.loads(token)
  File "D:\PycharmProjects\AutoTest_platform\lib\site-packages\itsdangerous\jws.py", line 205, in loads
    date_signed=self.get_issue_date(header),
itsdangerous.exc.SignatureExpired: Signature expired

[2022-07-18 05:19:07,980] [log.py|__console] [line:43] ERROR   : Traceback (most recent call last):
  File "D:\PycharmProjects\AutoTest_platform\utils\tokenUtil.py", line 52, in wrapper
    user = s.loads(token)
  File "D:\PycharmProjects\AutoTest_platform\lib\site-packages\itsdangerous\jws.py", line 205, in loads
    date_signed=self.get_issue_date(header),
itsdangerous.exc.SignatureExpired: Signature expired

[2022-07-18 05:24:07,978] [log.py|__console] [line:43] ERROR   : Traceback (most recent call last):
  File "D:\PycharmProjects\AutoTest_platform\utils\tokenUtil.py", line 52, in wrapper
    user = s.loads(token)
  File "D:\PycharmProjects\AutoTest_platform\lib\site-packages\itsdangerous\jws.py", line 205, in loads
    date_signed=self.get_issue_date(header),
itsdangerous.exc.SignatureExpired: Signature expired

[2022-07-18 05:29:07,978] [log.py|__console] [line:43] ERROR   : Traceback (most recent call last):
  File "D:\PycharmProjects\AutoTest_platform\utils\tokenUtil.py", line 52, in wrapper
    user = s.loads(token)
  File "D:\PycharmProjects\AutoTest_platform\lib\site-packages\itsdangerous\jws.py", line 205, in loads
    date_signed=self.get_issue_date(header),
itsdangerous.exc.SignatureExpired: Signature expired

[2022-07-18 05:34:07,980] [log.py|__console] [line:43] ERROR   : Traceback (most recent call last):
  File "D:\PycharmProjects\AutoTest_platform\utils\tokenUtil.py", line 52, in wrapper
    user = s.loads(token)
  File "D:\PycharmProjects\AutoTest_platform\lib\site-packages\itsdangerous\jws.py", line 205, in loads
    date_signed=self.get_issue_date(header),
itsdangerous.exc.SignatureExpired: Signature expired

[2022-07-18 05:39:07,982] [log.py|__console] [line:43] ERROR   : Traceback (most recent call last):
  File "D:\PycharmProjects\AutoTest_platform\utils\tokenUtil.py", line 52, in wrapper
    user = s.loads(token)
  File "D:\PycharmProjects\AutoTest_platform\lib\site-packages\itsdangerous\jws.py", line 205, in loads
    date_signed=self.get_issue_date(header),
itsdangerous.exc.SignatureExpired: Signature expired

[2022-07-18 05:44:07,979] [log.py|__console] [line:43] ERROR   : Traceback (most recent call last):
  File "D:\PycharmProjects\AutoTest_platform\utils\tokenUtil.py", line 52, in wrapper
    user = s.loads(token)
  File "D:\PycharmProjects\AutoTest_platform\lib\site-packages\itsdangerous\jws.py", line 205, in loads
    date_signed=self.get_issue_date(header),
itsdangerous.exc.SignatureExpired: Signature expired

[2022-07-18 05:49:07,977] [log.py|__console] [line:43] ERROR   : Traceback (most recent call last):
  File "D:\PycharmProjects\AutoTest_platform\utils\tokenUtil.py", line 52, in wrapper
    user = s.loads(token)
  File "D:\PycharmProjects\AutoTest_platform\lib\site-packages\itsdangerous\jws.py", line 205, in loads
    date_signed=self.get_issue_date(header),
itsdangerous.exc.SignatureExpired: Signature expired

[2022-07-18 05:54:07,982] [log.py|__console] [line:43] ERROR   : Traceback (most recent call last):
  File "D:\PycharmProjects\AutoTest_platform\utils\tokenUtil.py", line 52, in wrapper
    user = s.loads(token)
  File "D:\PycharmProjects\AutoTest_platform\lib\site-packages\itsdangerous\jws.py", line 205, in loads
    date_signed=self.get_issue_date(header),
itsdangerous.exc.SignatureExpired: Signature expired

[2022-07-18 05:59:07,979] [log.py|__console] [line:43] ERROR   : Traceback (most recent call last):
  File "D:\PycharmProjects\AutoTest_platform\utils\tokenUtil.py", line 52, in wrapper
    user = s.loads(token)
  File "D:\PycharmProjects\AutoTest_platform\lib\site-packages\itsdangerous\jws.py", line 205, in loads
    date_signed=self.get_issue_date(header),
itsdangerous.exc.SignatureExpired: Signature expired

[2022-07-18 06:04:07,981] [log.py|__console] [line:43] ERROR   : Traceback (most recent call last):
  File "D:\PycharmProjects\AutoTest_platform\utils\tokenUtil.py", line 52, in wrapper
    user = s.loads(token)
  File "D:\PycharmProjects\AutoTest_platform\lib\site-packages\itsdangerous\jws.py", line 205, in loads
    date_signed=self.get_issue_date(header),
itsdangerous.exc.SignatureExpired: Signature expired

[2022-07-18 06:09:07,977] [log.py|__console] [line:43] ERROR   : Traceback (most recent call last):
  File "D:\PycharmProjects\AutoTest_platform\utils\tokenUtil.py", line 52, in wrapper
    user = s.loads(token)
  File "D:\PycharmProjects\AutoTest_platform\lib\site-packages\itsdangerous\jws.py", line 205, in loads
    date_signed=self.get_issue_date(header),
itsdangerous.exc.SignatureExpired: Signature expired

[2022-07-18 06:14:07,977] [log.py|__console] [line:43] ERROR   : Traceback (most recent call last):
  File "D:\PycharmProjects\AutoTest_platform\utils\tokenUtil.py", line 52, in wrapper
    user = s.loads(token)
  File "D:\PycharmProjects\AutoTest_platform\lib\site-packages\itsdangerous\jws.py", line 205, in loads
    date_signed=self.get_issue_date(header),
itsdangerous.exc.SignatureExpired: Signature expired

[2022-07-18 06:19:07,978] [log.py|__console] [line:43] ERROR   : Traceback (most recent call last):
  File "D:\PycharmProjects\AutoTest_platform\utils\tokenUtil.py", line 52, in wrapper
    user = s.loads(token)
  File "D:\PycharmProjects\AutoTest_platform\lib\site-packages\itsdangerous\jws.py", line 205, in loads
    date_signed=self.get_issue_date(header),
itsdangerous.exc.SignatureExpired: Signature expired

[2022-07-18 06:24:07,978] [log.py|__console] [line:43] ERROR   : Traceback (most recent call last):
  File "D:\PycharmProjects\AutoTest_platform\utils\tokenUtil.py", line 52, in wrapper
    user = s.loads(token)
  File "D:\PycharmProjects\AutoTest_platform\lib\site-packages\itsdangerous\jws.py", line 205, in loads
    date_signed=self.get_issue_date(header),
itsdangerous.exc.SignatureExpired: Signature expired

[2022-07-18 06:29:07,977] [log.py|__console] [line:43] ERROR   : Traceback (most recent call last):
  File "D:\PycharmProjects\AutoTest_platform\utils\tokenUtil.py", line 52, in wrapper
    user = s.loads(token)
  File "D:\PycharmProjects\AutoTest_platform\lib\site-packages\itsdangerous\jws.py", line 205, in loads
    date_signed=self.get_issue_date(header),
itsdangerous.exc.SignatureExpired: Signature expired

[2022-07-18 06:34:07,978] [log.py|__console] [line:43] ERROR   : Traceback (most recent call last):
  File "D:\PycharmProjects\AutoTest_platform\utils\tokenUtil.py", line 52, in wrapper
    user = s.loads(token)
  File "D:\PycharmProjects\AutoTest_platform\lib\site-packages\itsdangerous\jws.py", line 205, in loads
    date_signed=self.get_issue_date(header),
itsdangerous.exc.SignatureExpired: Signature expired

[2022-07-18 06:39:07,977] [log.py|__console] [line:43] ERROR   : Traceback (most recent call last):
  File "D:\PycharmProjects\AutoTest_platform\utils\tokenUtil.py", line 52, in wrapper
    user = s.loads(token)
  File "D:\PycharmProjects\AutoTest_platform\lib\site-packages\itsdangerous\jws.py", line 205, in loads
    date_signed=self.get_issue_date(header),
itsdangerous.exc.SignatureExpired: Signature expired

[2022-07-18 06:44:07,978] [log.py|__console] [line:43] ERROR   : Traceback (most recent call last):
  File "D:\PycharmProjects\AutoTest_platform\utils\tokenUtil.py", line 52, in wrapper
    user = s.loads(token)
  File "D:\PycharmProjects\AutoTest_platform\lib\site-packages\itsdangerous\jws.py", line 205, in loads
    date_signed=self.get_issue_date(header),
itsdangerous.exc.SignatureExpired: Signature expired

[2022-07-18 06:49:07,978] [log.py|__console] [line:43] ERROR   : Traceback (most recent call last):
  File "D:\PycharmProjects\AutoTest_platform\utils\tokenUtil.py", line 52, in wrapper
    user = s.loads(token)
  File "D:\PycharmProjects\AutoTest_platform\lib\site-packages\itsdangerous\jws.py", line 205, in loads
    date_signed=self.get_issue_date(header),
itsdangerous.exc.SignatureExpired: Signature expired

[2022-07-18 06:54:07,981] [log.py|__console] [line:43] ERROR   : Traceback (most recent call last):
  File "D:\PycharmProjects\AutoTest_platform\utils\tokenUtil.py", line 52, in wrapper
    user = s.loads(token)
  File "D:\PycharmProjects\AutoTest_platform\lib\site-packages\itsdangerous\jws.py", line 205, in loads
    date_signed=self.get_issue_date(header),
itsdangerous.exc.SignatureExpired: Signature expired

[2022-07-18 06:59:07,976] [log.py|__console] [line:43] ERROR   : Traceback (most recent call last):
  File "D:\PycharmProjects\AutoTest_platform\utils\tokenUtil.py", line 52, in wrapper
    user = s.loads(token)
  File "D:\PycharmProjects\AutoTest_platform\lib\site-packages\itsdangerous\jws.py", line 205, in loads
    date_signed=self.get_issue_date(header),
itsdangerous.exc.SignatureExpired: Signature expired

[2022-07-18 07:04:07,977] [log.py|__console] [line:43] ERROR   : Traceback (most recent call last):
  File "D:\PycharmProjects\AutoTest_platform\utils\tokenUtil.py", line 52, in wrapper
    user = s.loads(token)
  File "D:\PycharmProjects\AutoTest_platform\lib\site-packages\itsdangerous\jws.py", line 205, in loads
    date_signed=self.get_issue_date(header),
itsdangerous.exc.SignatureExpired: Signature expired

[2022-07-18 07:09:07,985] [log.py|__console] [line:43] ERROR   : Traceback (most recent call last):
  File "D:\PycharmProjects\AutoTest_platform\utils\tokenUtil.py", line 52, in wrapper
    user = s.loads(token)
  File "D:\PycharmProjects\AutoTest_platform\lib\site-packages\itsdangerous\jws.py", line 205, in loads
    date_signed=self.get_issue_date(header),
itsdangerous.exc.SignatureExpired: Signature expired

[2022-07-18 07:14:07,978] [log.py|__console] [line:43] ERROR   : Traceback (most recent call last):
  File "D:\PycharmProjects\AutoTest_platform\utils\tokenUtil.py", line 52, in wrapper
    user = s.loads(token)
  File "D:\PycharmProjects\AutoTest_platform\lib\site-packages\itsdangerous\jws.py", line 205, in loads
    date_signed=self.get_issue_date(header),
itsdangerous.exc.SignatureExpired: Signature expired

[2022-07-18 07:19:07,977] [log.py|__console] [line:43] ERROR   : Traceback (most recent call last):
  File "D:\PycharmProjects\AutoTest_platform\utils\tokenUtil.py", line 52, in wrapper
    user = s.loads(token)
  File "D:\PycharmProjects\AutoTest_platform\lib\site-packages\itsdangerous\jws.py", line 205, in loads
    date_signed=self.get_issue_date(header),
itsdangerous.exc.SignatureExpired: Signature expired

[2022-07-18 07:24:07,979] [log.py|__console] [line:43] ERROR   : Traceback (most recent call last):
  File "D:\PycharmProjects\AutoTest_platform\utils\tokenUtil.py", line 52, in wrapper
    user = s.loads(token)
  File "D:\PycharmProjects\AutoTest_platform\lib\site-packages\itsdangerous\jws.py", line 205, in loads
    date_signed=self.get_issue_date(header),
itsdangerous.exc.SignatureExpired: Signature expired

[2022-07-18 07:29:07,982] [log.py|__console] [line:43] ERROR   : Traceback (most recent call last):
  File "D:\PycharmProjects\AutoTest_platform\utils\tokenUtil.py", line 52, in wrapper
    user = s.loads(token)
  File "D:\PycharmProjects\AutoTest_platform\lib\site-packages\itsdangerous\jws.py", line 205, in loads
    date_signed=self.get_issue_date(header),
itsdangerous.exc.SignatureExpired: Signature expired

[2022-07-18 07:34:07,977] [log.py|__console] [line:43] ERROR   : Traceback (most recent call last):
  File "D:\PycharmProjects\AutoTest_platform\utils\tokenUtil.py", line 52, in wrapper
    user = s.loads(token)
  File "D:\PycharmProjects\AutoTest_platform\lib\site-packages\itsdangerous\jws.py", line 205, in loads
    date_signed=self.get_issue_date(header),
itsdangerous.exc.SignatureExpired: Signature expired

[2022-07-18 07:39:07,978] [log.py|__console] [line:43] ERROR   : Traceback (most recent call last):
  File "D:\PycharmProjects\AutoTest_platform\utils\tokenUtil.py", line 52, in wrapper
    user = s.loads(token)
  File "D:\PycharmProjects\AutoTest_platform\lib\site-packages\itsdangerous\jws.py", line 205, in loads
    date_signed=self.get_issue_date(header),
itsdangerous.exc.SignatureExpired: Signature expired

[2022-07-18 07:44:07,981] [log.py|__console] [line:43] ERROR   : Traceback (most recent call last):
  File "D:\PycharmProjects\AutoTest_platform\utils\tokenUtil.py", line 52, in wrapper
    user = s.loads(token)
  File "D:\PycharmProjects\AutoTest_platform\lib\site-packages\itsdangerous\jws.py", line 205, in loads
    date_signed=self.get_issue_date(header),
itsdangerous.exc.SignatureExpired: Signature expired

[2022-07-18 07:49:07,985] [log.py|__console] [line:43] ERROR   : Traceback (most recent call last):
  File "D:\PycharmProjects\AutoTest_platform\utils\tokenUtil.py", line 52, in wrapper
    user = s.loads(token)
  File "D:\PycharmProjects\AutoTest_platform\lib\site-packages\itsdangerous\jws.py", line 205, in loads
    date_signed=self.get_issue_date(header),
itsdangerous.exc.SignatureExpired: Signature expired

[2022-07-18 07:54:07,977] [log.py|__console] [line:43] ERROR   : Traceback (most recent call last):
  File "D:\PycharmProjects\AutoTest_platform\utils\tokenUtil.py", line 52, in wrapper
    user = s.loads(token)
  File "D:\PycharmProjects\AutoTest_platform\lib\site-packages\itsdangerous\jws.py", line 205, in loads
    date_signed=self.get_issue_date(header),
itsdangerous.exc.SignatureExpired: Signature expired

[2022-07-18 07:59:07,977] [log.py|__console] [line:43] ERROR   : Traceback (most recent call last):
  File "D:\PycharmProjects\AutoTest_platform\utils\tokenUtil.py", line 52, in wrapper
    user = s.loads(token)
  File "D:\PycharmProjects\AutoTest_platform\lib\site-packages\itsdangerous\jws.py", line 205, in loads
    date_signed=self.get_issue_date(header),
itsdangerous.exc.SignatureExpired: Signature expired

[2022-07-18 08:04:07,977] [log.py|__console] [line:43] ERROR   : Traceback (most recent call last):
  File "D:\PycharmProjects\AutoTest_platform\utils\tokenUtil.py", line 52, in wrapper
    user = s.loads(token)
  File "D:\PycharmProjects\AutoTest_platform\lib\site-packages\itsdangerous\jws.py", line 205, in loads
    date_signed=self.get_issue_date(header),
itsdangerous.exc.SignatureExpired: Signature expired

[2022-07-18 08:09:07,980] [log.py|__console] [line:43] ERROR   : Traceback (most recent call last):
  File "D:\PycharmProjects\AutoTest_platform\utils\tokenUtil.py", line 52, in wrapper
    user = s.loads(token)
  File "D:\PycharmProjects\AutoTest_platform\lib\site-packages\itsdangerous\jws.py", line 205, in loads
    date_signed=self.get_issue_date(header),
itsdangerous.exc.SignatureExpired: Signature expired

[2022-07-18 08:14:07,977] [log.py|__console] [line:43] ERROR   : Traceback (most recent call last):
  File "D:\PycharmProjects\AutoTest_platform\utils\tokenUtil.py", line 52, in wrapper
    user = s.loads(token)
  File "D:\PycharmProjects\AutoTest_platform\lib\site-packages\itsdangerous\jws.py", line 205, in loads
    date_signed=self.get_issue_date(header),
itsdangerous.exc.SignatureExpired: Signature expired

[2022-07-18 08:19:07,978] [log.py|__console] [line:43] ERROR   : Traceback (most recent call last):
  File "D:\PycharmProjects\AutoTest_platform\utils\tokenUtil.py", line 52, in wrapper
    user = s.loads(token)
  File "D:\PycharmProjects\AutoTest_platform\lib\site-packages\itsdangerous\jws.py", line 205, in loads
    date_signed=self.get_issue_date(header),
itsdangerous.exc.SignatureExpired: Signature expired

[2022-07-18 08:24:07,981] [log.py|__console] [line:43] ERROR   : Traceback (most recent call last):
  File "D:\PycharmProjects\AutoTest_platform\utils\tokenUtil.py", line 52, in wrapper
    user = s.loads(token)
  File "D:\PycharmProjects\AutoTest_platform\lib\site-packages\itsdangerous\jws.py", line 205, in loads
    date_signed=self.get_issue_date(header),
itsdangerous.exc.SignatureExpired: Signature expired

[2022-07-18 08:29:07,977] [log.py|__console] [line:43] ERROR   : Traceback (most recent call last):
  File "D:\PycharmProjects\AutoTest_platform\utils\tokenUtil.py", line 52, in wrapper
    user = s.loads(token)
  File "D:\PycharmProjects\AutoTest_platform\lib\site-packages\itsdangerous\jws.py", line 205, in loads
    date_signed=self.get_issue_date(header),
itsdangerous.exc.SignatureExpired: Signature expired

[2022-07-18 08:34:07,980] [log.py|__console] [line:43] ERROR   : Traceback (most recent call last):
  File "D:\PycharmProjects\AutoTest_platform\utils\tokenUtil.py", line 52, in wrapper
    user = s.loads(token)
  File "D:\PycharmProjects\AutoTest_platform\lib\site-packages\itsdangerous\jws.py", line 205, in loads
    date_signed=self.get_issue_date(header),
itsdangerous.exc.SignatureExpired: Signature expired

[2022-07-18 08:39:07,976] [log.py|__console] [line:43] ERROR   : Traceback (most recent call last):
  File "D:\PycharmProjects\AutoTest_platform\utils\tokenUtil.py", line 52, in wrapper
    user = s.loads(token)
  File "D:\PycharmProjects\AutoTest_platform\lib\site-packages\itsdangerous\jws.py", line 205, in loads
    date_signed=self.get_issue_date(header),
itsdangerous.exc.SignatureExpired: Signature expired

[2022-07-18 08:44:07,979] [log.py|__console] [line:43] ERROR   : Traceback (most recent call last):
  File "D:\PycharmProjects\AutoTest_platform\utils\tokenUtil.py", line 52, in wrapper
    user = s.loads(token)
  File "D:\PycharmProjects\AutoTest_platform\lib\site-packages\itsdangerous\jws.py", line 205, in loads
    date_signed=self.get_issue_date(header),
itsdangerous.exc.SignatureExpired: Signature expired

[2022-07-18 08:49:07,980] [log.py|__console] [line:43] ERROR   : Traceback (most recent call last):
  File "D:\PycharmProjects\AutoTest_platform\utils\tokenUtil.py", line 52, in wrapper
    user = s.loads(token)
  File "D:\PycharmProjects\AutoTest_platform\lib\site-packages\itsdangerous\jws.py", line 205, in loads
    date_signed=self.get_issue_date(header),
itsdangerous.exc.SignatureExpired: Signature expired

[2022-07-18 08:54:07,979] [log.py|__console] [line:43] ERROR   : Traceback (most recent call last):
  File "D:\PycharmProjects\AutoTest_platform\utils\tokenUtil.py", line 52, in wrapper
    user = s.loads(token)
  File "D:\PycharmProjects\AutoTest_platform\lib\site-packages\itsdangerous\jws.py", line 205, in loads
    date_signed=self.get_issue_date(header),
itsdangerous.exc.SignatureExpired: Signature expired

[2022-07-18 08:59:07,977] [log.py|__console] [line:43] ERROR   : Traceback (most recent call last):
  File "D:\PycharmProjects\AutoTest_platform\utils\tokenUtil.py", line 52, in wrapper
    user = s.loads(token)
  File "D:\PycharmProjects\AutoTest_platform\lib\site-packages\itsdangerous\jws.py", line 205, in loads
    date_signed=self.get_issue_date(header),
itsdangerous.exc.SignatureExpired: Signature expired

[2022-07-18 09:04:07,980] [log.py|__console] [line:43] ERROR   : Traceback (most recent call last):
  File "D:\PycharmProjects\AutoTest_platform\utils\tokenUtil.py", line 52, in wrapper
    user = s.loads(token)
  File "D:\PycharmProjects\AutoTest_platform\lib\site-packages\itsdangerous\jws.py", line 205, in loads
    date_signed=self.get_issue_date(header),
itsdangerous.exc.SignatureExpired: Signature expired

[2022-07-18 09:09:07,980] [log.py|__console] [line:43] ERROR   : Traceback (most recent call last):
  File "D:\PycharmProjects\AutoTest_platform\utils\tokenUtil.py", line 52, in wrapper
    user = s.loads(token)
  File "D:\PycharmProjects\AutoTest_platform\lib\site-packages\itsdangerous\jws.py", line 205, in loads
    date_signed=self.get_issue_date(header),
itsdangerous.exc.SignatureExpired: Signature expired

[2022-07-18 09:14:07,982] [log.py|__console] [line:43] ERROR   : Traceback (most recent call last):
  File "D:\PycharmProjects\AutoTest_platform\utils\tokenUtil.py", line 52, in wrapper
    user = s.loads(token)
  File "D:\PycharmProjects\AutoTest_platform\lib\site-packages\itsdangerous\jws.py", line 205, in loads
    date_signed=self.get_issue_date(header),
itsdangerous.exc.SignatureExpired: Signature expired

[2022-07-18 09:19:07,986] [log.py|__console] [line:43] ERROR   : Traceback (most recent call last):
  File "D:\PycharmProjects\AutoTest_platform\utils\tokenUtil.py", line 52, in wrapper
    user = s.loads(token)
  File "D:\PycharmProjects\AutoTest_platform\lib\site-packages\itsdangerous\jws.py", line 205, in loads
    date_signed=self.get_issue_date(header),
itsdangerous.exc.SignatureExpired: Signature expired

[2022-07-18 09:24:07,977] [log.py|__console] [line:43] ERROR   : Traceback (most recent call last):
  File "D:\PycharmProjects\AutoTest_platform\utils\tokenUtil.py", line 52, in wrapper
    user = s.loads(token)
  File "D:\PycharmProjects\AutoTest_platform\lib\site-packages\itsdangerous\jws.py", line 205, in loads
    date_signed=self.get_issue_date(header),
itsdangerous.exc.SignatureExpired: Signature expired

[2022-07-18 09:29:07,979] [log.py|__console] [line:43] ERROR   : Traceback (most recent call last):
  File "D:\PycharmProjects\AutoTest_platform\utils\tokenUtil.py", line 52, in wrapper
    user = s.loads(token)
  File "D:\PycharmProjects\AutoTest_platform\lib\site-packages\itsdangerous\jws.py", line 205, in loads
    date_signed=self.get_issue_date(header),
itsdangerous.exc.SignatureExpired: Signature expired

[2022-07-18 09:31:43,594] [log.py|__console] [line:43] ERROR   : 404 Not Found: The requested URL was not found on the server. If you entered the URL manually please check your spelling and try again.
[2022-07-18 09:34:16,418] [log.py|__console] [line:43] ERROR   : 404 Not Found: The requested URL was not found on the server. If you entered the URL manually please check your spelling and try again.
[2022-07-18 09:34:16,426] [log.py|__console] [line:43] ERROR   : 404 Not Found: The requested URL was not found on the server. If you entered the URL manually please check your spelling and try again.
[2022-07-18 09:34:16,429] [_internal.py|_log] [line:113] INFO    : 172.30.21.53 - - [18/Jul/2022 09:34:16] "[37mGET /static/js/vendor.263fd0e7b9dba004eafe.js.map HTTP/1.1[0m" 200 -
[2022-07-18 09:34:16,432] [_internal.py|_log] [line:113] INFO    : 172.30.21.53 - - [18/Jul/2022 09:34:16] "[33mGET /static/js/app.6772852f1229ea283f21.js.map HTTP/1.1[0m" 404 -
[2022-07-18 10:01:29,548] [log.py|__console] [line:43] ERROR   : Traceback (most recent call last):
  File "D:\PycharmProjects\AutoTest_platform\utils\tokenUtil.py", line 52, in wrapper
    user = s.loads(token)
  File "D:\PycharmProjects\AutoTest_platform\lib\site-packages\itsdangerous\jws.py", line 187, in loads
    self, s, salt, return_header=True
  File "D:\PycharmProjects\AutoTest_platform\lib\site-packages\itsdangerous\jws.py", line 143, in loads
    self.make_signer(salt, self.algorithm).unsign(want_bytes(s)),
  File "D:\PycharmProjects\AutoTest_platform\lib\site-packages\itsdangerous\signer.py", line 165, in unsign
    raise BadSignature("No %r found in value" % self.sep)
itsdangerous.exc.BadSignature: No b'.' found in value

