[2022-02-04 10:18:55,404] [log.py|__console] [line:37] INFO    : ==============================================start==============================================
[2022-02-04 10:18:55,406] [log.py|__console] [line:37] INFO    : 标题:测试
[2022-02-04 10:18:55,408] [log.py|__console] [line:37] INFO    : url:http://127.0.0.1:5000/project/projectList?currentPage=1&pageSize=10&projectName=
[2022-02-04 10:18:55,410] [log.py|__console] [line:37] INFO    : 请求方法:GET
[2022-02-04 10:18:55,412] [log.py|__console] [line:37] INFO    : 请求头:
[2022-02-04 10:21:36,211] [log.py|__console] [line:37] INFO    : ==============================================start==============================================
[2022-02-04 10:21:36,212] [log.py|__console] [line:37] INFO    : 标题:测试
[2022-02-04 10:21:36,213] [log.py|__console] [line:37] INFO    : url:http://127.0.0.1:5000/project/projectList?currentPage=1&pageSize=10&projectName=
[2022-02-04 10:21:36,213] [log.py|__console] [line:37] INFO    : 请求方法:GET
[2022-02-04 10:21:36,214] [log.py|__console] [line:37] INFO    : 请求头:
[2022-02-04 10:21:53,958] [log.py|__console] [line:37] INFO    : 文件名:.gitconfig，後臺文件名:d651f57b707a475e9e212416cc76a163
[2022-02-04 10:21:53,977] [log.py|__console] [line:37] INFO    : 响应码:200
[2022-02-04 10:21:53,978] [log.py|__console] [line:37] INFO    : 响应头:{"Content-Type": "application/json", "Content-Length": "51", "Server": "Werkzeug/2.0.2 Python/3.7.5", "Date": "Fri, 04 Feb 2022 02:21:53 GMT"}
[2022-02-04 10:21:53,978] [log.py|__console] [line:37] INFO    : 响应内容:{"code": 401, "msg": "缺少参数token"}
[2022-02-04 10:21:53,979] [log.py|__console] [line:37] INFO    : 最终测试结果:通过
[2022-02-04 10:21:53,979] [log.py|__console] [line:37] INFO    : ==============================================end==============================================
[2022-02-04 10:22:17,747] [log.py|__console] [line:37] INFO    : ==============================================start==============================================
[2022-02-04 10:22:17,748] [log.py|__console] [line:37] INFO    : 标题:测试
[2022-02-04 10:22:17,750] [log.py|__console] [line:37] INFO    : url:http://127.0.0.1:5000/project/projectList?currentPage=1&pageSize=10&projectName=
[2022-02-04 10:22:17,751] [log.py|__console] [line:37] INFO    : 请求方法:GET
[2022-02-04 10:22:17,752] [log.py|__console] [line:37] INFO    : 请求头:
[2022-02-04 10:22:17,754] [log.py|__console] [line:37] INFO    : 文件名:.gitconfig，後臺文件名:d651f57b707a475e9e212416cc76a163
[2022-02-04 10:22:54,501] [log.py|__console] [line:37] INFO    : 响应码:200
[2022-02-04 10:22:54,503] [log.py|__console] [line:37] INFO    : 响应头:{"Content-Type": "application/json", "Content-Length": "51", "Server": "Werkzeug/2.0.2 Python/3.7.5", "Date": "Fri, 04 Feb 2022 02:22:48 GMT"}
[2022-02-04 10:22:54,504] [log.py|__console] [line:37] INFO    : 响应内容:{"code": 401, "msg": "缺少参数token"}
[2022-02-04 10:22:54,506] [log.py|__console] [line:37] INFO    : 最终测试结果:通过
[2022-02-04 10:22:54,507] [log.py|__console] [line:37] INFO    : ==============================================end==============================================
[2022-02-04 11:12:50,271] [log.py|__console] [line:37] INFO    : ==============================================start==============================================
[2022-02-04 11:12:50,272] [log.py|__console] [line:37] INFO    : 标题:测试
[2022-02-04 11:12:50,272] [log.py|__console] [line:37] INFO    : url:http://127.0.0.1:5000/project/projectList?currentPage=1&pageSize=10&projectName=
[2022-02-04 11:12:50,273] [log.py|__console] [line:37] INFO    : 请求方法:GET
[2022-02-04 11:12:50,274] [log.py|__console] [line:37] INFO    : 请求头:
[2022-02-04 11:12:50,274] [log.py|__console] [line:37] INFO    : 文件名:.gitconfig，後臺文件名:d651f57b707a475e9e212416cc76a163
[2022-02-04 11:14:57,475] [log.py|__console] [line:37] INFO    : 响应码:200
[2022-02-04 11:14:57,475] [log.py|__console] [line:37] INFO    : 响应头:{"Content-Type": "application/json", "Content-Length": "51", "Server": "Werkzeug/2.0.2 Python/3.7.5", "Date": "Fri, 04 Feb 2022 03:14:57 GMT"}
[2022-02-04 11:14:57,476] [log.py|__console] [line:37] INFO    : 响应内容:{"code": 401, "msg": "缺少参数token"}
[2022-02-04 11:14:57,476] [log.py|__console] [line:37] INFO    : 最终测试结果:通过
[2022-02-04 11:14:57,476] [log.py|__console] [line:37] INFO    : ==============================================end==============================================
[2022-02-04 11:59:36,652] [log.py|__console] [line:37] INFO    : 测试模块
[2022-02-04 11:59:36,652] [log.py|__console] [line:37] INFO    : 查询项目
[2022-02-04 11:59:36,652] [log.py|__console] [line:37] INFO    : 测试
[2022-02-04 11:59:36,653] [log.py|__console] [line:43] ERROR   : 'ApiTestcase' object has no attribute '_sa_instance_state'
