[2022-02-01 14:57:07,338] [log.py|__console] [line:37] INFO    : ==============================================start==============================================
[2022-02-01 14:57:07,339] [log.py|__console] [line:37] INFO    : 标题:测试
[2022-02-01 14:57:07,340] [log.py|__console] [line:37] INFO    : url:http://127.0.0.1:5000/project/projectList?currentPage=1&pageSize=10&projectName=
[2022-02-01 14:57:07,340] [log.py|__console] [line:37] INFO    : 请求方法:GET
[2022-02-01 14:57:07,341] [log.py|__console] [line:37] INFO    : 请求头:
[2022-02-01 14:57:07,372] [log.py|__console] [line:37] INFO    : 响应码:200
[2022-02-01 14:57:07,372] [log.py|__console] [line:37] INFO    : 响应头:{"Content-Type": "application/json", "Content-Length": "51", "Server": "Werkzeug/2.0.2 Python/3.7.5", "Date": "Tue, 01 Feb 2022 06:57:07 GMT"}
[2022-02-01 14:57:07,373] [log.py|__console] [line:37] INFO    : 响应内容:{"code": 401, "msg": "缺少参数token"}
[2022-02-01 14:57:07,373] [log.py|__console] [line:37] INFO    : 最终测试结果:通过
[2022-02-01 14:57:07,374] [log.py|__console] [line:37] INFO    : ==============================================end==============================================
[2022-02-01 15:41:24,702] [log.py|__console] [line:37] INFO    : ==============================================start==============================================
[2022-02-01 15:41:24,703] [log.py|__console] [line:37] INFO    : 标题:测试
[2022-02-01 15:41:24,703] [log.py|__console] [line:37] INFO    : url:http://127.0.0.1:5000/project/projectList?currentPage=1&pageSize=10&projectName=
[2022-02-01 15:41:24,704] [log.py|__console] [line:37] INFO    : 请求方法:GET
[2022-02-01 15:41:24,704] [log.py|__console] [line:37] INFO    : 请求头:
[2022-02-01 15:41:24,706] [log.py|__console] [line:43] ERROR   : request() got an unexpected keyword argument 'header'
[2022-02-01 15:41:24,706] [log.py|__console] [line:43] ERROR   : request() got an unexpected keyword argument 'header'
[2022-02-01 15:41:24,707] [log.py|__console] [line:43] ERROR   : 获取响应失败，请检查
[2022-02-01 15:41:24,707] [log.py|__console] [line:43] ERROR   : 最终测试结果:失败
[2022-02-01 15:41:24,708] [log.py|__console] [line:37] INFO    : ==============================================end==============================================
[2022-02-01 15:42:43,965] [log.py|__console] [line:37] INFO    : ==============================================start==============================================
[2022-02-01 15:42:43,966] [log.py|__console] [line:37] INFO    : 标题:测试
[2022-02-01 15:42:43,966] [log.py|__console] [line:37] INFO    : url:http://127.0.0.1:5000/project/projectList?currentPage=1&pageSize=10&projectName=
[2022-02-01 15:42:43,967] [log.py|__console] [line:37] INFO    : 请求方法:GET
[2022-02-01 15:42:43,968] [log.py|__console] [line:37] INFO    : 请求头:
[2022-02-01 15:42:43,990] [log.py|__console] [line:37] INFO    : 响应码:200
[2022-02-01 15:42:43,991] [log.py|__console] [line:37] INFO    : 响应头:{"Content-Type": "application/json", "Content-Length": "51", "Server": "Werkzeug/2.0.2 Python/3.7.5", "Date": "Tue, 01 Feb 2022 07:42:43 GMT"}
[2022-02-01 15:42:43,991] [log.py|__console] [line:37] INFO    : 响应内容:{"code": 401, "msg": "缺少参数token"}
[2022-02-01 15:42:43,992] [log.py|__console] [line:37] INFO    : 最终测试结果:通过
[2022-02-01 15:42:43,992] [log.py|__console] [line:37] INFO    : ==============================================end==============================================
[2022-02-01 16:32:25,308] [log.py|__console] [line:37] INFO    : ==============================================start==============================================
[2022-02-01 16:32:25,309] [log.py|__console] [line:37] INFO    : 标题:测试
[2022-02-01 16:32:25,309] [log.py|__console] [line:37] INFO    : url:http://127.0.0.1:5000/project/projectList?currentPage=1&pageSize=10&projectName=
[2022-02-01 16:32:25,310] [log.py|__console] [line:37] INFO    : 请求方法:GET
[2022-02-01 16:32:25,310] [log.py|__console] [line:37] INFO    : 请求头:
[2022-02-01 16:32:25,333] [log.py|__console] [line:37] INFO    : 响应码:200
[2022-02-01 16:32:25,333] [log.py|__console] [line:37] INFO    : 响应头:{"Content-Type": "application/json", "Content-Length": "51", "Server": "Werkzeug/2.0.2 Python/3.7.5", "Date": "Tue, 01 Feb 2022 08:32:25 GMT"}
[2022-02-01 16:32:25,334] [log.py|__console] [line:37] INFO    : 响应内容:{"code": 401, "msg": "缺少参数token"}
[2022-02-01 16:32:25,334] [log.py|__console] [line:37] INFO    : 最终测试结果:通过
[2022-02-01 16:32:25,335] [log.py|__console] [line:37] INFO    : ==============================================end==============================================
[2022-02-01 16:32:36,937] [log.py|__console] [line:37] INFO    : ==============================================start==============================================
[2022-02-01 16:32:36,938] [log.py|__console] [line:37] INFO    : 标题:测试
[2022-02-01 16:32:36,938] [log.py|__console] [line:37] INFO    : url:http://127.0.0.1:5000/project/projectList?currentPage=1&pageSize=10&projectName=
[2022-02-01 16:32:36,939] [log.py|__console] [line:37] INFO    : 请求方法:GET
[2022-02-01 16:32:36,939] [log.py|__console] [line:37] INFO    : 请求头:
[2022-02-01 16:32:36,956] [log.py|__console] [line:37] INFO    : 响应码:200
[2022-02-01 16:32:36,957] [log.py|__console] [line:37] INFO    : 响应头:{"Content-Type": "application/json", "Content-Length": "51", "Server": "Werkzeug/2.0.2 Python/3.7.5", "Date": "Tue, 01 Feb 2022 08:32:36 GMT"}
[2022-02-01 16:32:36,958] [log.py|__console] [line:37] INFO    : 响应内容:{"code": 401, "msg": "缺少参数token"}
[2022-02-01 16:32:36,958] [log.py|__console] [line:37] INFO    : 最终测试结果:通过
[2022-02-01 16:32:36,959] [log.py|__console] [line:37] INFO    : ==============================================end==============================================
